12:49:15.946 [main                     ] DEBUG Logger               - Configured Logger
12:49:15.969 [main                     ] DEBUG GameApplication      - Logging settings
Title: Ninja Gaiden
Version: 0.0
Width: 1600
Height: 900
Fullscreen: false
Intro: false
Profiling: false
Single step:false
App Mode: DEVELOPER
Menu Key: ESCAPE
Stage Style: DECORATED
Scene Factory: class io.huffman.ninjagaiden.UISceneFactory

12:49:16.361 [JavaFX Application Thread] DEBUG FXGLApplication      - Initializing FXGL
12:49:16.366 [JavaFX Application Thread] INFO  Engine               - FXGL-17.1 (24.03.2022 17.34) on WINDOWS (J:17.0.1 FX:18)
12:49:16.366 [JavaFX Application Thread] DEBUG Engine               - JRE Vendor Name: Oracle Corporation
12:49:16.366 [JavaFX Application Thread] DEBUG Engine               - Running on OS: Windows 10 version 10.0
12:49:16.366 [JavaFX Application Thread] DEBUG Engine               - Architecture: amd64
12:49:16.367 [JavaFX Application Thread] INFO  Engine               - Source code and latest versions at: https://github.com/AlmasB/FXGL
12:49:16.367 [JavaFX Application Thread] INFO  Engine               -       Ask questions and discuss at: https://github.com/AlmasB/FXGL/discussions
12:49:16.367 [JavaFX Application Thread] INFO  Engine               -              Join the FXGL chat at: https://gitter.im/AlmasB/FXGL
12:49:16.460 [JavaFX Application Thread] DEBUG PrimaryStageWindow   - Creating a JavaFX scene
12:49:16.497 [JavaFX Application Thread] DEBUG PrimaryStageWindow   - Target settings size: 1600.0 x 900.0
12:49:16.498 [JavaFX Application Thread] DEBUG PrimaryStageWindow   - Scaled scene size:    1600.0 x 900.0
12:49:16.498 [JavaFX Application Thread] DEBUG PrimaryStageWindow   - Scaled ratio: (1.0, 1.0)
12:49:16.499 [JavaFX Application Thread] DEBUG PrimaryStageWindow   - Set initial scene to FXGLStartupScene
12:49:16.505 [JavaFX Application Thread] DEBUG PrimaryStageWindow   - Opening main window
12:49:16.582 [JavaFX Application Thread] DEBUG PrimaryStageWindow   - Window border size: (14.6666259765625, 37.33331298828125)
12:49:16.582 [JavaFX Application Thread] DEBUG PrimaryStageWindow   - Scaled size: 1600.0 x 900.0
12:49:16.582 [JavaFX Application Thread] DEBUG PrimaryStageWindow   - Scaled ratio: (1.0, 1.0)
12:49:16.583 [JavaFX Application Thread] DEBUG PrimaryStageWindow   - Scene size: 1600.0 x 900.0
12:49:16.584 [JavaFX Application Thread] DEBUG PrimaryStageWindow   - Stage size: 1614.6666259765625 x 937.3333129882812
12:49:16.593 [FXGL Background Thread 1 ] DEBUG Engine               - Initializing environment variables
12:49:16.627 [FXGL Background Thread 1 ] DEBUG FXGLAssetLoaderServi - User app class for loading assets: class io.huffman.ninjagaiden.NinjaGaidenApp
12:49:16.627 [FXGL Background Thread 1 ] DEBUG GameApplicationServi - Applying CSS: fxgl_dark.css
12:49:16.628 [FXGL Background Thread 1 ] DEBUG FXGLAssetLoaderServi - Loading from file system: jar:file:/C:/Users/dschr/.m2/repository/com/github/almasb/fxgl/17.1/fxgl-17.1.jar!/fxglassets/ui/css/fxgl_dark.css
12:49:16.660 [FXGL Background Thread 1 ] DEBUG GameApplicationServi - Initializing application scenes
12:49:16.697 [FXGL Background Thread 1 ] DEBUG GameWorld            - Game world initialized
12:49:16.746 [FXGL Background Thread 1 ] DEBUG PhysicsWorld         - Physics world initialized: appHeight=900, physics.ppm=50,0
12:49:16.746 [FXGL Background Thread 1 ] DEBUG PhysicsWorld         - Using strategy: BRUTE_FORCE
12:49:16.751 [FXGL Background Thread 1 ] DEBUG GameScene            - Game scene initialized: 1600x900
12:49:16.814 [FXGL Background Thread 1 ] DEBUG GameApplicationServi - Application scenes initialized
12:49:16.834 [FXGL Background Thread 1 ] DEBUG SystemBundleService  - Loading FXGL system data
12:49:16.838 [FXGL Background Thread 1 ] DEBUG FileSystemAccess     - Reading from: C:\Users\dschr\OneDrive - Hogeschool Leiden\School\IPOSE\Ninja-Gaiden\system\fxgl.bundle
12:49:16.844 [FXGL Background Thread 1 ] DEBUG SystemBundleService  - Bundle FXGL: {}
12:49:16.844 [FXGL Background Thread 1 ] DEBUG UpdaterService       - Checking for updates
12:49:16.850 [FXGL Background Thread 4 ] DEBUG FXGLApplication      - Loading fonts
12:49:16.850 [FXGL Background Thread 4 ] DEBUG FXGLAssetLoaderServi - Loading from file system: file:/C:/Users/dschr/OneDrive%20-%20Hogeschool%20Leiden/School/IPOSE/Ninja-Gaiden/target/classes/assets/ui/fonts/ninja-font.ttf
12:49:16.851 [FXGL Background Thread 1 ] DEBUG FXGLApplication      - Loading default localization
12:49:16.852 [FXGL Background Thread 1 ] DEBUG FXGLAssetLoaderServi - Loading from file system: jar:file:/C:/Users/dschr/.m2/repository/com/github/almasb/fxgl/17.1/fxgl-17.1.jar!/fxglassets/languages/english.lang
12:49:16.877 [FXGL Background Thread 1 ] INFO  FXGLApplication      - FXGL initialization took: 0,283 sec
12:49:16.885 [JavaFX Application Thread] DEBUG Input                - Registered new binding: Left - A
12:49:16.886 [JavaFX Application Thread] DEBUG Input                - Registered new binding: Right - D
12:49:16.886 [JavaFX Application Thread] DEBUG Input                - Registered new binding: Down - S
12:49:16.886 [JavaFX Application Thread] DEBUG Input                - Registered new binding: Jump - W
12:49:16.886 [JavaFX Application Thread] DEBUG Input                - Registered new binding: Attack - F
12:49:16.886 [JavaFX Application Thread] DEBUG FXGLAssetLoaderServi - Loading from file system: file:/C:/Users/dschr/OneDrive%20-%20Hogeschool%20Leiden/School/IPOSE/Ninja-Gaiden/target/classes/assets/textures/logo.png
12:49:16.905 [FXGL Background Thread 4 ] DEBUG FXGLAssetLoaderServi - Loading from file system: jar:file:/C:/Users/dschr/.m2/repository/com/github/almasb/fxgl/17.1/fxgl-17.1.jar!/fxglassets/ui/fonts/Abel-Regular.ttf
12:49:16.909 [FXGL Background Thread 4 ] DEBUG FXGLAssetLoaderServi - Loading from file system: jar:file:/C:/Users/dschr/.m2/repository/com/github/almasb/fxgl/17.1/fxgl-17.1.jar!/fxglassets/ui/fonts/TerminalLandMono-Regular.otf
12:49:16.914 [FXGL Background Thread 4 ] DEBUG FXGLAssetLoaderServi - Loading from file system: jar:file:/C:/Users/dschr/.m2/repository/com/github/almasb/fxgl/17.1/fxgl-17.1.jar!/fxglassets/ui/fonts/Courier-Prime.ttf
12:49:16.935 [JavaFX Application Thread] DEBUG FXGLAssetLoaderServi - Loading from file system: jar:file:/C:/Users/dschr/.m2/repository/com/github/almasb/fxgl/17.1/fxgl-17.1.jar!/fxglassets/textures/fxgl_default_cursor.png
12:49:16.943 [JavaFX Application Thread] DEBUG Input                - Registered new binding: Screenshot - CTRL+8
12:49:16.944 [JavaFX Application Thread] DEBUG Input                - Registered new binding: System info dump - CTRL+9
12:49:16.945 [JavaFX Application Thread] DEBUG Input                - Registered new binding: Restart - CTRL+R
12:49:16.946 [JavaFX Application Thread] DEBUG Input                - Registered new binding: Toggle Debug Camera - CTRL+7
12:49:16.948 [JavaFX Application Thread] DEBUG LoopRunner           - Starting loop
12:49:16.949 [JavaFX Application Thread] DEBUG LoopRunner           - Initializing ScheduledExecutorLoop with fps: 60
12:49:16.952 [JavaFX Application Thread] DEBUG Input                - Clearing active input actions
12:49:16.959 [JavaFX Application Thread] DEBUG GameApplicationServi - Removing overlay from FXGLStartupScene and adding to FXGLMainMenuDummyScene
12:49:16.959 [JavaFX Application Thread] DEBUG PrimaryStageWindow   - FXGLStartupScene -> FXGLMainMenuDummyScene
12:49:16.959 [JavaFX Application Thread] DEBUG PrimaryStageWindow   - Push state: StartMenu
12:49:16.960 [JavaFX Application Thread] DEBUG Input                - Clearing active input actions
12:49:16.968 [JavaFX Application Thread] DEBUG GameApplicationServi - Removing overlay from FXGLMainMenuDummyScene and adding to StartMenu
12:49:16.968 [JavaFX Application Thread] DEBUG PrimaryStageWindow   - FXGLMainMenuDummyScene -> StartMenu
12:49:16.968 [JavaFX Application Thread] DEBUG FXGLApplication      - Registering font factories with UI factory
12:49:17.026 [FXGL Background Thread 2 ] WARN  UpdaterService       - Failed to find updates: java.net.BindException: Cannot assign requested address: connect
12:49:17.953 [JavaFX Application Thread] DEBUG Menu                 - fireNewGame()
12:49:17.954 [JavaFX Application Thread] DEBUG GameApplicationServi - Starting new game
12:49:17.954 [JavaFX Application Thread] DEBUG PrimaryStageWindow   - Pop state: StartMenu
12:49:17.954 [JavaFX Application Thread] DEBUG Input                - Clearing active input actions
12:49:17.954 [JavaFX Application Thread] DEBUG GameApplicationServi - Removing overlay from StartMenu and adding to FXGLMainMenuDummyScene
12:49:17.955 [JavaFX Application Thread] DEBUG PrimaryStageWindow   - FXGLMainMenuDummyScene <- StartMenu
12:49:17.955 [JavaFX Application Thread] DEBUG Input                - Clearing active input actions
12:49:17.959 [JavaFX Application Thread] DEBUG GameApplicationServi - Removing overlay from FXGLMainMenuDummyScene and adding to FXGLLoadingScene
12:49:17.959 [JavaFX Application Thread] DEBUG PrimaryStageWindow   - FXGLMainMenuDummyScene -> FXGLLoadingScene
12:49:17.959 [JavaFX Application Thread] DEBUG GameApplicationServi - Clearing previous game
12:49:17.959 [JavaFX Application Thread] DEBUG GameScene            - Clearing game scene
12:49:17.959 [JavaFX Application Thread] DEBUG GameWorld            - Clearing game world
12:49:17.959 [JavaFX Application Thread] DEBUG PhysicsWorld         - Clearing physics world
12:49:17.961 [FXGL Background Thread 2 ] DEBUG FXGLApplication      - Initializing game
12:49:17.984 [FXGL Background Thread 2 ] WARN  TMXLevelLoader       - TiledMap generated from 1.8.4. Supported version: 1.4.2. Some features may not be parsed fully.
12:49:17.996 [FXGL Background Thread 2 ] DEBUG TMXLevelLoader       - Parsed TiledMap: file:/C:/Users/dschr/OneDrive%20-%20Hogeschool%20Leiden/School/IPOSE/Ninja-Gaiden/target/classes/assets/levels/act1-1.tmx
12:49:17.998 [FXGL Background Thread 2 ] DEBUG TMXLevelLoader       - Creating tile layer entities
12:49:17.999 [FXGL Background Thread 2 ] DEBUG TilesetLoader        - Loading view for layer layer
12:49:18.001 [FXGL Background Thread 2 ] DEBUG TilesetLoader        - Created buffer with size 3072.0x176.0
12:49:18.020 [FXGL Background Thread 2 ] DEBUG TMXLevelLoader       - Creating object layer entities
12:49:18.052 [FXGL Background Thread 2 ] DEBUG FXGLAssetLoaderServi - Loading from file system: file:/C:/Users/dschr/OneDrive%20-%20Hogeschool%20Leiden/School/IPOSE/Ninja-Gaiden/target/classes/assets/textures/idle.png
12:49:18.055 [FXGL Background Thread 2 ] DEBUG FXGLAssetLoaderServi - Loading from file system: file:/C:/Users/dschr/OneDrive%20-%20Hogeschool%20Leiden/School/IPOSE/Ninja-Gaiden/target/classes/assets/textures/walk.png
12:49:18.057 [FXGL Background Thread 2 ] DEBUG FXGLAssetLoaderServi - Loading from file system: file:/C:/Users/dschr/OneDrive%20-%20Hogeschool%20Leiden/School/IPOSE/Ninja-Gaiden/target/classes/assets/textures/jump.png
12:49:18.059 [FXGL Background Thread 2 ] DEBUG FXGLAssetLoaderServi - Loading from file system: file:/C:/Users/dschr/OneDrive%20-%20Hogeschool%20Leiden/School/IPOSE/Ninja-Gaiden/target/classes/assets/textures/duck.png
12:49:18.061 [FXGL Background Thread 2 ] DEBUG FXGLAssetLoaderServi - Loading from file system: file:/C:/Users/dschr/OneDrive%20-%20Hogeschool%20Leiden/School/IPOSE/Ninja-Gaiden/target/classes/assets/textures/attack.png
12:49:18.074 [FXGL Background Thread 2 ] DEBUG FXGLAssetLoaderServi - Loading from file system: file:/C:/Users/dschr/OneDrive%20-%20Hogeschool%20Leiden/School/IPOSE/Ninja-Gaiden/target/classes/assets/textures/bikerwalk.png
12:49:18.097 [FXGL Background Thread 2 ] DEBUG GameWorld            - Clearing removable entities
12:49:18.098 [FXGL Background Thread 2 ] DEBUG GameWorld            - Setting level: com.almasb.fxgl.entity.level.Level@542f7c5c
12:49:18.112 [FXGL Background Thread 2 ] DEBUG FXGLAssetLoaderServi - Loading from file system: file:/C:/Users/dschr/OneDrive%20-%20Hogeschool%20Leiden/School/IPOSE/Ninja-Gaiden/target/classes/assets/music/test.wav
12:49:18.745 [FXGL Background Thread 2 ] DEBUG AudioPlayer          - Playing music com.almasb.fxgl.audio.Music@633234a
12:49:18.749 [FXGL Background Thread 2 ] WARN  FXGLAssetLoaderServi - Asset "/assets/sounds/test.wav" was not found!
12:49:18.749 [FXGL Background Thread 2 ] WARN  FXGLAssetLoaderServi - Failed to load SOUND
12:49:18.751 [FXGL Background Thread 2 ] INFO  FXGLApplication      - Game initialization took: 0,789 sec
12:49:18.754 [JavaFX Application Thread] DEBUG Input                - Clearing active input actions
12:49:18.759 [JavaFX Application Thread] DEBUG GameApplicationServi - Removing overlay from FXGLLoadingScene and adding to GameScene
12:49:18.759 [JavaFX Application Thread] DEBUG PrimaryStageWindow   - FXGLLoadingScene -> GameScene
12:49:19.848 [FXGL Background Thread 3 ] DEBUG Engine               - Logging environment variables
12:49:19.849 [FXGL Background Thread 3 ] DEBUG Engine               - achievements: []
12:49:19.849 [FXGL Background Thread 3 ] DEBUG Engine               - actualHeight: 900.0
12:49:19.849 [FXGL Background Thread 3 ] DEBUG Engine               - actualHeightProperty: ReadOnlyDoubleProperty [value: 900.0]
12:49:19.849 [FXGL Background Thread 3 ] DEBUG Engine               - actualWidth: 1600.0
12:49:19.849 [FXGL Background Thread 3 ] DEBUG Engine               - actualWidthProperty: ReadOnlyDoubleProperty [value: 1600.0]
12:49:19.849 [FXGL Background Thread 3 ] DEBUG Engine               - appIcon: logo.png
12:49:19.849 [FXGL Background Thread 3 ] DEBUG Engine               - applicationMode: DEVELOPER
12:49:19.849 [FXGL Background Thread 3 ] DEBUG Engine               - cSSList: [fxgl_dark.css]
12:49:19.849 [FXGL Background Thread 3 ] DEBUG Engine               - collisionDetectionStrategy: BRUTE_FORCE
12:49:19.849 [FXGL Background Thread 3 ] DEBUG Engine               - configClass: Optional.empty
12:49:19.849 [FXGL Background Thread 3 ] DEBUG Engine               - credits: []
12:49:19.850 [FXGL Background Thread 3 ] DEBUG Engine               - defaultCursor: CursorInfo(imageName=fxgl_default_cursor.png, hotspotX=7.0, hotspotY=6.0)
12:49:19.850 [FXGL Background Thread 3 ] DEBUG Engine               - devBBoxColorProperty: ObjectProperty [value: 0xff0000ff]
12:49:19.850 [FXGL Background Thread 3 ] DEBUG Engine               - devEnableDebugCameraProperty: BooleanProperty [value: false]
12:49:19.850 [FXGL Background Thread 3 ] DEBUG Engine               - devSensorColorProperty: ObjectProperty [value: 0xffff00ff]
12:49:19.850 [FXGL Background Thread 3 ] DEBUG Engine               - devShowBBoxProperty: BooleanProperty [value: false]
12:49:19.851 [FXGL Background Thread 3 ] DEBUG Engine               - devShowPositionProperty: BooleanProperty [value: false]
12:49:19.851 [FXGL Background Thread 3 ] DEBUG Engine               - enabledMenuItems: []
12:49:19.851 [FXGL Background Thread 3 ] DEBUG Engine               - engineServices: [class com.almasb.fxgl.app.services.FXGLAssetLoaderService, class com.almasb.fxgl.app.FXGLApplication$GameApplicationService, class com.almasb.fxgl.app.services.FXGLDialogService, class com.almasb.fxgl.app.services.IOTaskExecutorService, class com.almasb.fxgl.io.FileSystemService, class com.almasb.fxgl.localization.LocalizationService, class com.almasb.fxgl.app.services.SystemBundleService, class com.almasb.fxgl.profile.SaveLoadService, class com.almasb.fxgl.ui.FXGLUIFactoryServiceProvider, class com.almasb.fxgl.ui.FXGLDialogFactoryServiceProvider, class com.almasb.fxgl.audio.AudioPlayer, class com.almasb.fxgl.notification.impl.NotificationServiceProvider, class com.almasb.fxgl.achievement.AchievementService, class com.almasb.fxgl.cutscene.CutsceneService, class com.almasb.fxgl.minigames.MiniGameService, class com.almasb.fxgl.net.NetService, class com.almasb.fxgl.app.services.UpdaterService, class com.almasb.fxgl.dev.DevService]
12:49:19.851 [FXGL Background Thread 3 ] DEBUG Engine               - fontGame: Abel-Regular.ttf
12:49:19.851 [FXGL Background Thread 3 ] DEBUG Engine               - fontMono: TerminalLandMono-Regular.otf
12:49:19.852 [FXGL Background Thread 3 ] DEBUG Engine               - fontText: Courier-Prime.ttf
12:49:19.852 [FXGL Background Thread 3 ] DEBUG Engine               - fontUI: ninja-font.ttf
12:49:19.852 [FXGL Background Thread 3 ] DEBUG Engine               - fullScreen: BooleanProperty [value: false]
12:49:19.852 [FXGL Background Thread 3 ] DEBUG Engine               - gameDifficulty: MEDIUM
12:49:19.852 [FXGL Background Thread 3 ] DEBUG Engine               - gameDifficultyProperty: ObjectProperty [value: MEDIUM]
12:49:19.852 [FXGL Background Thread 3 ] DEBUG Engine               - globalMusicVolume: 0.5
12:49:19.852 [FXGL Background Thread 3 ] DEBUG Engine               - globalMusicVolumeProperty: DoubleProperty [value: 0.5]
12:49:19.852 [FXGL Background Thread 3 ] DEBUG Engine               - globalSoundVolume: 0.5
12:49:19.852 [FXGL Background Thread 3 ] DEBUG Engine               - globalSoundVolumeProperty: DoubleProperty [value: 0.5]
12:49:19.852 [FXGL Background Thread 3 ] DEBUG Engine               - height: 900
12:49:19.852 [FXGL Background Thread 3 ] DEBUG Engine               - is3D: false
12:49:19.852 [FXGL Background Thread 3 ] DEBUG Engine               - isAndroid: false
12:49:19.852 [FXGL Background Thread 3 ] DEBUG Engine               - isBrowser: false
12:49:19.852 [FXGL Background Thread 3 ] DEBUG Engine               - isClickFeedbackEnabled: false
12:49:19.852 [FXGL Background Thread 3 ] DEBUG Engine               - isCloseConfirmation: false
12:49:19.852 [FXGL Background Thread 3 ] DEBUG Engine               - isDesktop: true
12:49:19.852 [FXGL Background Thread 3 ] DEBUG Engine               - isDeveloperMenuEnabled: false
12:49:19.853 [FXGL Background Thread 3 ] DEBUG Engine               - isEmbedded: false
12:49:19.853 [FXGL Background Thread 3 ] DEBUG Engine               - isEntityPreloadEnabled: true
12:49:19.853 [FXGL Background Thread 3 ] DEBUG Engine               - isExperimentalTiledLargeMap: false
12:49:19.853 [FXGL Background Thread 3 ] DEBUG Engine               - isFileSystemWriteAllowed: true
12:49:19.853 [FXGL Background Thread 3 ] DEBUG Engine               - isFullScreenAllowed: false
12:49:19.853 [FXGL Background Thread 3 ] DEBUG Engine               - isFullScreenFromStart: false
12:49:19.853 [FXGL Background Thread 3 ] DEBUG Engine               - isGameMenuEnabled: true
12:49:19.853 [FXGL Background Thread 3 ] DEBUG Engine               - isIOS: false
12:49:19.853 [FXGL Background Thread 3 ] DEBUG Engine               - isIntroEnabled: false
12:49:19.853 [FXGL Background Thread 3 ] DEBUG Engine               - isLinux: false
12:49:19.853 [FXGL Background Thread 3 ] DEBUG Engine               - isMac: false
12:49:19.853 [FXGL Background Thread 3 ] DEBUG Engine               - isMainMenuEnabled: true
12:49:19.853 [FXGL Background Thread 3 ] DEBUG Engine               - isManualResizeEnabled: false
12:49:19.853 [FXGL Background Thread 3 ] DEBUG Engine               - isMobile: false
12:49:19.853 [FXGL Background Thread 3 ] DEBUG Engine               - isNative: false
12:49:19.853 [FXGL Background Thread 3 ] DEBUG Engine               - isPauseMusicWhenMinimized: true
12:49:19.853 [FXGL Background Thread 3 ] DEBUG Engine               - isPreserveResizeRatio: false
12:49:19.853 [FXGL Background Thread 3 ] DEBUG Engine               - isProfilingEnabled: false
12:49:19.853 [FXGL Background Thread 3 ] DEBUG Engine               - isScaleAffectedOnResize: true
12:49:19.853 [FXGL Background Thread 3 ] DEBUG Engine               - isSingleStep: false
12:49:19.853 [FXGL Background Thread 3 ] DEBUG Engine               - isUserProfileEnabled: false
12:49:19.853 [FXGL Background Thread 3 ] DEBUG Engine               - isWindows: true
12:49:19.854 [FXGL Background Thread 3 ] DEBUG Engine               - language: ObjectProperty [value: ENGLISH]
12:49:19.854 [FXGL Background Thread 3 ] DEBUG Engine               - menuKey: ESCAPE
12:49:19.854 [FXGL Background Thread 3 ] DEBUG Engine               - mouseSensitivity: 0.2
12:49:19.854 [FXGL Background Thread 3 ] DEBUG Engine               - notificationViewClass: class com.almasb.fxgl.notification.view.XboxNotificationView
12:49:19.854 [FXGL Background Thread 3 ] DEBUG Engine               - pixelsPerMeter: 50.0
12:49:19.854 [FXGL Background Thread 3 ] DEBUG Engine               - platform: WINDOWS
12:49:19.854 [FXGL Background Thread 3 ] DEBUG Engine               - prefHeightProperty: ReadOnlyDoubleProperty [value: 900.0]
12:49:19.854 [FXGL Background Thread 3 ] DEBUG Engine               - prefWidthProperty: ReadOnlyDoubleProperty [value: 1600.0]
12:49:19.854 [FXGL Background Thread 3 ] DEBUG Engine               - profileDir: profiles/
12:49:19.854 [FXGL Background Thread 3 ] DEBUG Engine               - profileName: StringProperty [value: DEFAULT]
12:49:19.854 [FXGL Background Thread 3 ] DEBUG Engine               - randomSeed: -1
12:49:19.854 [FXGL Background Thread 3 ] DEBUG Engine               - runtimeInfo: RuntimeInfo(platform=WINDOWS, version=17.1, build=24.03.2022 17.34)
12:49:19.854 [FXGL Background Thread 3 ] DEBUG Engine               - saveFileExt: sav
12:49:19.854 [FXGL Background Thread 3 ] DEBUG Engine               - scaledHeightProp$fxgl: DoubleProperty [bound, value: 900.0]
12:49:19.855 [FXGL Background Thread 3 ] DEBUG Engine               - scaledWidthProp$fxgl: DoubleProperty [bound, value: 1600.0]
12:49:19.855 [FXGL Background Thread 3 ] DEBUG Engine               - sceneFactory: io.huffman.ninjagaiden.UISceneFactory@10d8b7d2
12:49:19.855 [FXGL Background Thread 3 ] DEBUG Engine               - secondsIn24h: 60
12:49:19.855 [FXGL Background Thread 3 ] DEBUG Engine               - soundMenuBack: menu/back.wav
12:49:19.855 [FXGL Background Thread 3 ] DEBUG Engine               - soundMenuPress: menu/press.wav
12:49:19.855 [FXGL Background Thread 3 ] DEBUG Engine               - soundMenuSelect: menu/select.wav
12:49:19.855 [FXGL Background Thread 3 ] DEBUG Engine               - soundNotification: core/notification.wav
12:49:19.855 [FXGL Background Thread 3 ] DEBUG Engine               - stageStyle: DECORATED
12:49:19.855 [FXGL Background Thread 3 ] DEBUG Engine               - supportedLanguages: [ENGLISH, FRENCH, GERMAN, HUNGARIAN, RUSSIAN]
12:49:19.855 [FXGL Background Thread 3 ] DEBUG Engine               - ticksPerSecond: 60
12:49:19.855 [FXGL Background Thread 3 ] DEBUG Engine               - title: Ninja Gaiden
12:49:19.855 [FXGL Background Thread 3 ] DEBUG Engine               - urlGithub: https://github.com/AlmasB/FXGL
12:49:19.855 [FXGL Background Thread 3 ] DEBUG Engine               - urlLeaderboard: http://fxgl-top.herokuapp.com/
12:49:19.855 [FXGL Background Thread 3 ] DEBUG Engine               - urlPOM: https://raw.githubusercontent.com/AlmasB/FXGL/release/README.md
12:49:19.855 [FXGL Background Thread 3 ] DEBUG Engine               - userAppClass: class io.huffman.ninjagaiden.NinjaGaidenApp
12:49:19.855 [FXGL Background Thread 3 ] DEBUG Engine               - version: 0.0
12:49:19.855 [FXGL Background Thread 3 ] DEBUG Engine               - versionCheckDays: 7
12:49:19.855 [FXGL Background Thread 3 ] DEBUG Engine               - width: 1600
12:49:19.855 [FXGL Background Thread 3 ] DEBUG Engine               - Logging services
12:49:19.855 [FXGL Background Thread 3 ] DEBUG Engine               - class com.almasb.fxgl.app.services.FXGLAssetLoaderService
12:49:19.855 [FXGL Background Thread 3 ] DEBUG Engine               - class com.almasb.fxgl.app.FXGLApplication$GameApplicationService
12:49:19.855 [FXGL Background Thread 3 ] DEBUG Engine               - class com.almasb.fxgl.app.services.FXGLDialogService
12:49:19.855 [FXGL Background Thread 3 ] DEBUG Engine               - class com.almasb.fxgl.app.services.IOTaskExecutorService
12:49:19.855 [FXGL Background Thread 3 ] DEBUG Engine               - class com.almasb.fxgl.io.FileSystemService
12:49:19.855 [FXGL Background Thread 3 ] DEBUG Engine               - class com.almasb.fxgl.localization.LocalizationService
12:49:19.855 [FXGL Background Thread 3 ] DEBUG Engine               - class com.almasb.fxgl.app.services.SystemBundleService
12:49:19.855 [FXGL Background Thread 3 ] DEBUG Engine               - class com.almasb.fxgl.profile.SaveLoadService
12:49:19.855 [FXGL Background Thread 3 ] DEBUG Engine               - class com.almasb.fxgl.ui.FXGLUIFactoryServiceProvider
12:49:19.855 [FXGL Background Thread 3 ] DEBUG Engine               - class com.almasb.fxgl.ui.FXGLDialogFactoryServiceProvider
12:49:19.855 [FXGL Background Thread 3 ] DEBUG Engine               - class com.almasb.fxgl.audio.AudioPlayer
12:49:19.856 [FXGL Background Thread 3 ] DEBUG Engine               - class com.almasb.fxgl.notification.impl.NotificationServiceProvider
12:49:19.856 [FXGL Background Thread 3 ] DEBUG Engine               - class com.almasb.fxgl.achievement.AchievementService
12:49:19.856 [FXGL Background Thread 3 ] DEBUG Engine               - class com.almasb.fxgl.cutscene.CutsceneService
12:49:19.856 [FXGL Background Thread 3 ] DEBUG Engine               - class com.almasb.fxgl.minigames.MiniGameService
12:49:19.856 [FXGL Background Thread 3 ] DEBUG Engine               - class com.almasb.fxgl.net.NetService
12:49:19.856 [FXGL Background Thread 3 ] DEBUG Engine               - class com.almasb.fxgl.app.services.UpdaterService
12:49:19.856 [FXGL Background Thread 3 ] DEBUG Engine               - class com.almasb.fxgl.dev.DevService
12:49:26.444 [JavaFX Application Thread] DEBUG FXGLApplication      - Exiting FXGL
12:49:26.444 [JavaFX Application Thread] DEBUG LoopRunner           - Stopping loop
12:49:26.444 [JavaFX Application Thread] DEBUG SystemBundleService  - Saving FXGL system data
12:49:26.445 [JavaFX Application Thread] DEBUG FileSystemAccess     - Writing to: C:\Users\dschr\OneDrive - Hogeschool Leiden\School\IPOSE\Ninja-Gaiden\system\fxgl.bundle
12:49:26.447 [JavaFX Application Thread] DEBUG Async                - Shutting down background threads
12:49:26.447 [JavaFX Application Thread] DEBUG PrimaryStageWindow   - Closing main window
12:49:26.455 [JavaFX Application Thread] DEBUG Logger               - Closing Logger
