09:50:47.130 [main                     ] DEBUG Logger               - Configured Logger
09:50:47.157 [main                     ] DEBUG GameApplication      - Logging settings
Title: Ninja Gaiden
Version: 0.0
Width: 1600
Height: 900
Fullscreen: false
Intro: false
Profiling: false
Single step:false
App Mode: DEVELOPER
Menu Key: ESCAPE
Stage Style: DECORATED
Scene Factory: class io.huffman.ninjagaiden.UISceneFactory

09:50:47.515 [JavaFX Application Thread] DEBUG FXGLApplication      - Initializing FXGL
09:50:47.521 [JavaFX Application Thread] INFO  Engine               - FXGL-17.1 (24.03.2022 17.34) on WINDOWS (J:17.0.1 FX:18)
09:50:47.521 [JavaFX Application Thread] DEBUG Engine               - JRE Vendor Name: Oracle Corporation
09:50:47.522 [JavaFX Application Thread] DEBUG Engine               - Running on OS: Windows 10 version 10.0
09:50:47.522 [JavaFX Application Thread] DEBUG Engine               - Architecture: amd64
09:50:47.522 [JavaFX Application Thread] INFO  Engine               - Source code and latest versions at: https://github.com/AlmasB/FXGL
09:50:47.522 [JavaFX Application Thread] INFO  Engine               -       Ask questions and discuss at: https://github.com/AlmasB/FXGL/discussions
09:50:47.522 [JavaFX Application Thread] INFO  Engine               -              Join the FXGL chat at: https://gitter.im/AlmasB/FXGL
09:50:47.629 [JavaFX Application Thread] DEBUG PrimaryStageWindow   - Creating a JavaFX scene
09:50:47.671 [JavaFX Application Thread] DEBUG PrimaryStageWindow   - Target settings size: 1600.0 x 900.0
09:50:47.671 [JavaFX Application Thread] DEBUG PrimaryStageWindow   - Scaled scene size:    1600.0 x 900.0
09:50:47.672 [JavaFX Application Thread] DEBUG PrimaryStageWindow   - Scaled ratio: (1.0, 1.0)
09:50:47.672 [JavaFX Application Thread] DEBUG PrimaryStageWindow   - Set initial scene to FXGLStartupScene
09:50:47.679 [JavaFX Application Thread] DEBUG PrimaryStageWindow   - Opening main window
09:50:47.761 [JavaFX Application Thread] DEBUG PrimaryStageWindow   - Window border size: (14.6666259765625, 37.33331298828125)
09:50:47.761 [JavaFX Application Thread] DEBUG PrimaryStageWindow   - Scaled size: 1600.0 x 900.0
09:50:47.762 [JavaFX Application Thread] DEBUG PrimaryStageWindow   - Scaled ratio: (1.0, 1.0)
09:50:47.762 [JavaFX Application Thread] DEBUG PrimaryStageWindow   - Scene size: 1600.0 x 900.0
09:50:47.762 [JavaFX Application Thread] DEBUG PrimaryStageWindow   - Stage size: 1614.6666259765625 x 937.3333129882812
09:50:47.771 [FXGL Background Thread 1 ] DEBUG Engine               - Initializing environment variables
09:50:47.809 [FXGL Background Thread 1 ] DEBUG FXGLAssetLoaderServi - User app class for loading assets: class io.huffman.ninjagaiden.NinjaGaidenApp
09:50:47.809 [FXGL Background Thread 1 ] DEBUG GameApplicationServi - Applying CSS: fxgl_dark.css
09:50:47.810 [FXGL Background Thread 1 ] DEBUG FXGLAssetLoaderServi - Loading from file system: jar:file:/C:/Users/dschr/.m2/repository/com/github/almasb/fxgl/17.1/fxgl-17.1.jar!/fxglassets/ui/css/fxgl_dark.css
09:50:47.847 [FXGL Background Thread 1 ] DEBUG GameApplicationServi - Initializing application scenes
09:50:47.895 [FXGL Background Thread 1 ] DEBUG GameWorld            - Game world initialized
09:50:47.955 [FXGL Background Thread 1 ] DEBUG PhysicsWorld         - Physics world initialized: appHeight=900, physics.ppm=50,0
09:50:47.956 [FXGL Background Thread 1 ] DEBUG PhysicsWorld         - Using strategy: BRUTE_FORCE
09:50:47.961 [FXGL Background Thread 1 ] DEBUG GameScene            - Game scene initialized: 1600x900
09:50:48.024 [FXGL Background Thread 1 ] DEBUG GameApplicationServi - Application scenes initialized
09:50:48.044 [FXGL Background Thread 1 ] DEBUG SystemBundleService  - Loading FXGL system data
09:50:48.048 [FXGL Background Thread 1 ] DEBUG FileSystemAccess     - Reading from: C:\Users\dschr\OneDrive - Hogeschool Leiden\School\IPOSE\Ninja-Gaiden\system\fxgl.bundle
09:50:48.054 [FXGL Background Thread 1 ] DEBUG SystemBundleService  - Bundle FXGL: {}
09:50:48.054 [FXGL Background Thread 1 ] DEBUG UpdaterService       - Checking for updates
09:50:48.065 [FXGL Background Thread 4 ] DEBUG FXGLApplication      - Loading fonts
09:50:48.066 [FXGL Background Thread 4 ] DEBUG FXGLAssetLoaderServi - Loading from file system: file:/C:/Users/dschr/OneDrive%20-%20Hogeschool%20Leiden/School/IPOSE/Ninja-Gaiden/target/classes/assets/ui/fonts/ninja-font.ttf
09:50:48.067 [FXGL Background Thread 1 ] DEBUG FXGLApplication      - Loading default localization
09:50:48.069 [FXGL Background Thread 1 ] DEBUG FXGLAssetLoaderServi - Loading from file system: jar:file:/C:/Users/dschr/.m2/repository/com/github/almasb/fxgl/17.1/fxgl-17.1.jar!/fxglassets/languages/english.lang
09:50:48.108 [FXGL Background Thread 1 ] INFO  FXGLApplication      - FXGL initialization took: 0,337 sec
09:50:48.121 [JavaFX Application Thread] DEBUG Input                - Registered new binding: Left - A
09:50:48.122 [JavaFX Application Thread] DEBUG Input                - Registered new binding: Right - D
09:50:48.122 [JavaFX Application Thread] DEBUG Input                - Registered new binding: Down - S
09:50:48.122 [JavaFX Application Thread] DEBUG Input                - Registered new binding: Jump - Space
09:50:48.122 [JavaFX Application Thread] DEBUG Input                - Registered new binding: Attack - F
09:50:48.122 [JavaFX Application Thread] DEBUG FXGLAssetLoaderServi - Loading from file system: file:/C:/Users/dschr/OneDrive%20-%20Hogeschool%20Leiden/School/IPOSE/Ninja-Gaiden/target/classes/assets/textures/logo.png
09:50:48.150 [FXGL Background Thread 4 ] DEBUG FXGLAssetLoaderServi - Loading from file system: jar:file:/C:/Users/dschr/.m2/repository/com/github/almasb/fxgl/17.1/fxgl-17.1.jar!/fxglassets/ui/fonts/Abel-Regular.ttf
09:50:48.153 [FXGL Background Thread 4 ] DEBUG FXGLAssetLoaderServi - Loading from file system: jar:file:/C:/Users/dschr/.m2/repository/com/github/almasb/fxgl/17.1/fxgl-17.1.jar!/fxglassets/ui/fonts/TerminalLandMono-Regular.otf
09:50:48.157 [FXGL Background Thread 4 ] DEBUG FXGLAssetLoaderServi - Loading from file system: jar:file:/C:/Users/dschr/.m2/repository/com/github/almasb/fxgl/17.1/fxgl-17.1.jar!/fxglassets/ui/fonts/Courier-Prime.ttf
09:50:48.178 [JavaFX Application Thread] DEBUG FXGLAssetLoaderServi - Loading from file system: jar:file:/C:/Users/dschr/.m2/repository/com/github/almasb/fxgl/17.1/fxgl-17.1.jar!/fxglassets/textures/fxgl_default_cursor.png
09:50:48.189 [JavaFX Application Thread] DEBUG Input                - Registered new binding: Screenshot - CTRL+8
09:50:48.190 [JavaFX Application Thread] DEBUG Input                - Registered new binding: System info dump - CTRL+9
09:50:48.190 [JavaFX Application Thread] DEBUG Input                - Registered new binding: Restart - CTRL+R
09:50:48.191 [JavaFX Application Thread] DEBUG Input                - Registered new binding: Toggle Debug Camera - CTRL+7
09:50:48.196 [JavaFX Application Thread] DEBUG LoopRunner           - Starting loop
09:50:48.196 [JavaFX Application Thread] DEBUG LoopRunner           - Initializing ScheduledExecutorLoop with fps: 60
09:50:48.200 [JavaFX Application Thread] DEBUG Input                - Clearing active input actions
09:50:48.208 [JavaFX Application Thread] DEBUG GameApplicationServi - Removing overlay from FXGLStartupScene and adding to FXGLMainMenuDummyScene
09:50:48.209 [JavaFX Application Thread] DEBUG PrimaryStageWindow   - FXGLStartupScene -> FXGLMainMenuDummyScene
09:50:48.209 [JavaFX Application Thread] DEBUG PrimaryStageWindow   - Push state: StartMenu
09:50:48.209 [JavaFX Application Thread] DEBUG Input                - Clearing active input actions
09:50:48.220 [JavaFX Application Thread] DEBUG GameApplicationServi - Removing overlay from FXGLMainMenuDummyScene and adding to StartMenu
09:50:48.221 [JavaFX Application Thread] DEBUG PrimaryStageWindow   - FXGLMainMenuDummyScene -> StartMenu
09:50:48.223 [JavaFX Application Thread] DEBUG FXGLApplication      - Registering font factories with UI factory
09:50:48.283 [FXGL Background Thread 2 ] WARN  UpdaterService       - Failed to find updates: java.net.BindException: Cannot assign requested address: connect
09:50:49.549 [JavaFX Application Thread] DEBUG Menu                 - fireNewGame()
09:50:49.550 [JavaFX Application Thread] DEBUG GameApplicationServi - Starting new game
09:50:49.550 [JavaFX Application Thread] DEBUG PrimaryStageWindow   - Pop state: StartMenu
09:50:49.550 [JavaFX Application Thread] DEBUG Input                - Clearing active input actions
09:50:49.550 [JavaFX Application Thread] DEBUG GameApplicationServi - Removing overlay from StartMenu and adding to FXGLMainMenuDummyScene
09:50:49.551 [JavaFX Application Thread] DEBUG PrimaryStageWindow   - FXGLMainMenuDummyScene <- StartMenu
09:50:49.551 [JavaFX Application Thread] DEBUG Input                - Clearing active input actions
09:50:49.555 [JavaFX Application Thread] DEBUG GameApplicationServi - Removing overlay from FXGLMainMenuDummyScene and adding to FXGLLoadingScene
09:50:49.556 [JavaFX Application Thread] DEBUG PrimaryStageWindow   - FXGLMainMenuDummyScene -> FXGLLoadingScene
09:50:49.556 [JavaFX Application Thread] DEBUG GameApplicationServi - Clearing previous game
09:50:49.556 [JavaFX Application Thread] DEBUG GameScene            - Clearing game scene
09:50:49.556 [JavaFX Application Thread] DEBUG GameWorld            - Clearing game world
09:50:49.556 [JavaFX Application Thread] DEBUG PhysicsWorld         - Clearing physics world
09:50:49.559 [FXGL Background Thread 2 ] DEBUG FXGLApplication      - Initializing game
09:50:49.586 [FXGL Background Thread 2 ] WARN  TMXLevelLoader       - TiledMap generated from 1.8.4. Supported version: 1.4.2. Some features may not be parsed fully.
09:50:49.598 [FXGL Background Thread 2 ] DEBUG TMXLevelLoader       - Parsed TiledMap: file:/C:/Users/dschr/OneDrive%20-%20Hogeschool%20Leiden/School/IPOSE/Ninja-Gaiden/target/classes/assets/levels/act1-1.tmx
09:50:49.600 [FXGL Background Thread 2 ] DEBUG TMXLevelLoader       - Creating tile layer entities
09:50:49.601 [FXGL Background Thread 2 ] DEBUG TilesetLoader        - Loading view for layer layer
09:50:49.604 [FXGL Background Thread 2 ] DEBUG TilesetLoader        - Created buffer with size 3072.0x176.0
09:50:49.623 [FXGL Background Thread 2 ] DEBUG TMXLevelLoader       - Creating object layer entities
09:50:49.661 [FXGL Background Thread 2 ] DEBUG GameWorld            - Clearing removable entities
09:50:49.662 [FXGL Background Thread 2 ] DEBUG GameWorld            - Setting level: com.almasb.fxgl.entity.level.Level@4c60362c
09:50:49.682 [FXGL Background Thread 2 ] DEBUG FXGLAssetLoaderServi - Loading from file system: file:/C:/Users/dschr/OneDrive%20-%20Hogeschool%20Leiden/School/IPOSE/Ninja-Gaiden/target/classes/assets/textures/idle.png
09:50:49.685 [FXGL Background Thread 2 ] DEBUG FXGLAssetLoaderServi - Loading from file system: file:/C:/Users/dschr/OneDrive%20-%20Hogeschool%20Leiden/School/IPOSE/Ninja-Gaiden/target/classes/assets/textures/walk.png
09:50:49.687 [FXGL Background Thread 2 ] DEBUG FXGLAssetLoaderServi - Loading from file system: file:/C:/Users/dschr/OneDrive%20-%20Hogeschool%20Leiden/School/IPOSE/Ninja-Gaiden/target/classes/assets/textures/jump.png
09:50:49.689 [FXGL Background Thread 2 ] DEBUG FXGLAssetLoaderServi - Loading from file system: file:/C:/Users/dschr/OneDrive%20-%20Hogeschool%20Leiden/School/IPOSE/Ninja-Gaiden/target/classes/assets/textures/duck.png
09:50:49.701 [FXGL Background Thread 2 ] DEBUG FXGLAssetLoaderServi - Loading from file system: file:/C:/Users/dschr/OneDrive%20-%20Hogeschool%20Leiden/School/IPOSE/Ninja-Gaiden/target/classes/assets/textures/bikerwalk.png
09:50:49.706 [FXGL Background Thread 2 ] DEBUG FXGLAssetLoaderServi - Loading from file system: file:/C:/Users/dschr/OneDrive%20-%20Hogeschool%20Leiden/School/IPOSE/Ninja-Gaiden/target/classes/assets/sounds/test.wav
09:50:49.810 [FXGL Background Thread 2 ] INFO  FXGLApplication      - Game initialization took: 0,251 sec
09:50:49.812 [JavaFX Application Thread] DEBUG Input                - Clearing active input actions
09:50:49.819 [JavaFX Application Thread] DEBUG GameApplicationServi - Removing overlay from FXGLLoadingScene and adding to GameScene
09:50:49.819 [JavaFX Application Thread] DEBUG PrimaryStageWindow   - FXGLLoadingScene -> GameScene
09:50:51.058 [FXGL Background Thread 3 ] DEBUG Engine               - Logging environment variables
09:50:51.059 [FXGL Background Thread 3 ] DEBUG Engine               - achievements: []
09:50:51.059 [FXGL Background Thread 3 ] DEBUG Engine               - actualHeight: 900.0
09:50:51.059 [FXGL Background Thread 3 ] DEBUG Engine               - actualHeightProperty: ReadOnlyDoubleProperty [value: 900.0]
09:50:51.059 [FXGL Background Thread 3 ] DEBUG Engine               - actualWidth: 1600.0
09:50:51.059 [FXGL Background Thread 3 ] DEBUG Engine               - actualWidthProperty: ReadOnlyDoubleProperty [value: 1600.0]
09:50:51.059 [FXGL Background Thread 3 ] DEBUG Engine               - appIcon: logo.png
09:50:51.059 [FXGL Background Thread 3 ] DEBUG Engine               - applicationMode: DEVELOPER
09:50:51.059 [FXGL Background Thread 3 ] DEBUG Engine               - cSSList: [fxgl_dark.css]
09:50:51.060 [FXGL Background Thread 3 ] DEBUG Engine               - collisionDetectionStrategy: BRUTE_FORCE
09:50:51.060 [FXGL Background Thread 3 ] DEBUG Engine               - configClass: Optional.empty
09:50:51.060 [FXGL Background Thread 3 ] DEBUG Engine               - credits: []
09:50:51.061 [FXGL Background Thread 3 ] DEBUG Engine               - defaultCursor: CursorInfo(imageName=fxgl_default_cursor.png, hotspotX=7.0, hotspotY=6.0)
09:50:51.061 [FXGL Background Thread 3 ] DEBUG Engine               - devBBoxColorProperty: ObjectProperty [value: 0xff0000ff]
09:50:51.061 [FXGL Background Thread 3 ] DEBUG Engine               - devEnableDebugCameraProperty: BooleanProperty [value: false]
09:50:51.061 [FXGL Background Thread 3 ] DEBUG Engine               - devSensorColorProperty: ObjectProperty [value: 0xffff00ff]
09:50:51.061 [FXGL Background Thread 3 ] DEBUG Engine               - devShowBBoxProperty: BooleanProperty [value: false]
09:50:51.061 [FXGL Background Thread 3 ] DEBUG Engine               - devShowPositionProperty: BooleanProperty [value: false]
09:50:51.061 [FXGL Background Thread 3 ] DEBUG Engine               - enabledMenuItems: []
09:50:51.061 [FXGL Background Thread 3 ] DEBUG Engine               - engineServices: [class com.almasb.fxgl.app.services.FXGLAssetLoaderService, class com.almasb.fxgl.app.FXGLApplication$GameApplicationService, class com.almasb.fxgl.app.services.FXGLDialogService, class com.almasb.fxgl.app.services.IOTaskExecutorService, class com.almasb.fxgl.io.FileSystemService, class com.almasb.fxgl.localization.LocalizationService, class com.almasb.fxgl.app.services.SystemBundleService, class com.almasb.fxgl.profile.SaveLoadService, class com.almasb.fxgl.ui.FXGLUIFactoryServiceProvider, class com.almasb.fxgl.ui.FXGLDialogFactoryServiceProvider, class com.almasb.fxgl.audio.AudioPlayer, class com.almasb.fxgl.notification.impl.NotificationServiceProvider, class com.almasb.fxgl.achievement.AchievementService, class com.almasb.fxgl.cutscene.CutsceneService, class com.almasb.fxgl.minigames.MiniGameService, class com.almasb.fxgl.net.NetService, class com.almasb.fxgl.app.services.UpdaterService, class com.almasb.fxgl.dev.DevService]
09:50:51.061 [FXGL Background Thread 3 ] DEBUG Engine               - fontGame: Abel-Regular.ttf
09:50:51.061 [FXGL Background Thread 3 ] DEBUG Engine               - fontMono: TerminalLandMono-Regular.otf
09:50:51.062 [FXGL Background Thread 3 ] DEBUG Engine               - fontText: Courier-Prime.ttf
09:50:51.062 [FXGL Background Thread 3 ] DEBUG Engine               - fontUI: ninja-font.ttf
09:50:51.062 [FXGL Background Thread 3 ] DEBUG Engine               - fullScreen: BooleanProperty [value: false]
09:50:51.062 [FXGL Background Thread 3 ] DEBUG Engine               - gameDifficulty: MEDIUM
09:50:51.062 [FXGL Background Thread 3 ] DEBUG Engine               - gameDifficultyProperty: ObjectProperty [value: MEDIUM]
09:50:51.062 [FXGL Background Thread 3 ] DEBUG Engine               - globalMusicVolume: 0.5
09:50:51.062 [FXGL Background Thread 3 ] DEBUG Engine               - globalMusicVolumeProperty: DoubleProperty [value: 0.5]
09:50:51.062 [FXGL Background Thread 3 ] DEBUG Engine               - globalSoundVolume: 0.5
09:50:51.062 [FXGL Background Thread 3 ] DEBUG Engine               - globalSoundVolumeProperty: DoubleProperty [value: 0.5]
09:50:51.062 [FXGL Background Thread 3 ] DEBUG Engine               - height: 900
09:50:51.062 [FXGL Background Thread 3 ] DEBUG Engine               - is3D: false
09:50:51.064 [FXGL Background Thread 3 ] DEBUG Engine               - isAndroid: false
09:50:51.064 [FXGL Background Thread 3 ] DEBUG Engine               - isBrowser: false
09:50:51.064 [FXGL Background Thread 3 ] DEBUG Engine               - isClickFeedbackEnabled: false
09:50:51.064 [FXGL Background Thread 3 ] DEBUG Engine               - isCloseConfirmation: false
09:50:51.064 [FXGL Background Thread 3 ] DEBUG Engine               - isDesktop: true
09:50:51.064 [FXGL Background Thread 3 ] DEBUG Engine               - isDeveloperMenuEnabled: false
09:50:51.064 [FXGL Background Thread 3 ] DEBUG Engine               - isEmbedded: false
09:50:51.064 [FXGL Background Thread 3 ] DEBUG Engine               - isEntityPreloadEnabled: true
09:50:51.064 [FXGL Background Thread 3 ] DEBUG Engine               - isExperimentalTiledLargeMap: false
09:50:51.064 [FXGL Background Thread 3 ] DEBUG Engine               - isFileSystemWriteAllowed: true
09:50:51.065 [FXGL Background Thread 3 ] DEBUG Engine               - isFullScreenAllowed: false
09:50:51.065 [FXGL Background Thread 3 ] DEBUG Engine               - isFullScreenFromStart: false
09:50:51.065 [FXGL Background Thread 3 ] DEBUG Engine               - isGameMenuEnabled: true
09:50:51.065 [FXGL Background Thread 3 ] DEBUG Engine               - isIOS: false
09:50:51.065 [FXGL Background Thread 3 ] DEBUG Engine               - isIntroEnabled: false
09:50:51.065 [FXGL Background Thread 3 ] DEBUG Engine               - isLinux: false
09:50:51.065 [FXGL Background Thread 3 ] DEBUG Engine               - isMac: false
09:50:51.065 [FXGL Background Thread 3 ] DEBUG Engine               - isMainMenuEnabled: true
09:50:51.065 [FXGL Background Thread 3 ] DEBUG Engine               - isManualResizeEnabled: false
09:50:51.065 [FXGL Background Thread 3 ] DEBUG Engine               - isMobile: false
09:50:51.065 [FXGL Background Thread 3 ] DEBUG Engine               - isNative: false
09:50:51.065 [FXGL Background Thread 3 ] DEBUG Engine               - isPauseMusicWhenMinimized: true
09:50:51.066 [FXGL Background Thread 3 ] DEBUG Engine               - isPreserveResizeRatio: false
09:50:51.066 [FXGL Background Thread 3 ] DEBUG Engine               - isProfilingEnabled: false
09:50:51.066 [FXGL Background Thread 3 ] DEBUG Engine               - isScaleAffectedOnResize: true
09:50:51.066 [FXGL Background Thread 3 ] DEBUG Engine               - isSingleStep: false
09:50:51.066 [FXGL Background Thread 3 ] DEBUG Engine               - isUserProfileEnabled: false
09:50:51.066 [FXGL Background Thread 3 ] DEBUG Engine               - isWindows: true
09:50:51.066 [FXGL Background Thread 3 ] DEBUG Engine               - language: ObjectProperty [value: ENGLISH]
09:50:51.066 [FXGL Background Thread 3 ] DEBUG Engine               - menuKey: ESCAPE
09:50:51.066 [FXGL Background Thread 3 ] DEBUG Engine               - mouseSensitivity: 0.2
09:50:51.066 [FXGL Background Thread 3 ] DEBUG Engine               - notificationViewClass: class com.almasb.fxgl.notification.view.XboxNotificationView
09:50:51.066 [FXGL Background Thread 3 ] DEBUG Engine               - pixelsPerMeter: 50.0
09:50:51.066 [FXGL Background Thread 3 ] DEBUG Engine               - platform: WINDOWS
09:50:51.066 [FXGL Background Thread 3 ] DEBUG Engine               - prefHeightProperty: ReadOnlyDoubleProperty [value: 900.0]
09:50:51.066 [FXGL Background Thread 3 ] DEBUG Engine               - prefWidthProperty: ReadOnlyDoubleProperty [value: 1600.0]
09:50:51.067 [FXGL Background Thread 3 ] DEBUG Engine               - profileDir: profiles/
09:50:51.067 [FXGL Background Thread 3 ] DEBUG Engine               - profileName: StringProperty [value: DEFAULT]
09:50:51.067 [FXGL Background Thread 3 ] DEBUG Engine               - randomSeed: -1
09:50:51.067 [FXGL Background Thread 3 ] DEBUG Engine               - runtimeInfo: RuntimeInfo(platform=WINDOWS, version=17.1, build=24.03.2022 17.34)
09:50:51.067 [FXGL Background Thread 3 ] DEBUG Engine               - saveFileExt: sav
09:50:51.067 [FXGL Background Thread 3 ] DEBUG Engine               - scaledHeightProp$fxgl: DoubleProperty [bound, value: 900.0]
09:50:51.067 [FXGL Background Thread 3 ] DEBUG Engine               - scaledWidthProp$fxgl: DoubleProperty [bound, value: 1600.0]
09:50:51.067 [FXGL Background Thread 3 ] DEBUG Engine               - sceneFactory: io.huffman.ninjagaiden.UISceneFactory@53bffa6d
09:50:51.067 [FXGL Background Thread 3 ] DEBUG Engine               - secondsIn24h: 60
09:50:51.067 [FXGL Background Thread 3 ] DEBUG Engine               - soundMenuBack: menu/back.wav
09:50:51.067 [FXGL Background Thread 3 ] DEBUG Engine               - soundMenuPress: menu/press.wav
09:50:51.068 [FXGL Background Thread 3 ] DEBUG Engine               - soundMenuSelect: menu/select.wav
09:50:51.068 [FXGL Background Thread 3 ] DEBUG Engine               - soundNotification: core/notification.wav
09:50:51.068 [FXGL Background Thread 3 ] DEBUG Engine               - stageStyle: DECORATED
09:50:51.068 [FXGL Background Thread 3 ] DEBUG Engine               - supportedLanguages: [ENGLISH, FRENCH, GERMAN, HUNGARIAN, RUSSIAN]
09:50:51.068 [FXGL Background Thread 3 ] DEBUG Engine               - ticksPerSecond: 60
09:50:51.068 [FXGL Background Thread 3 ] DEBUG Engine               - title: Ninja Gaiden
09:50:51.068 [FXGL Background Thread 3 ] DEBUG Engine               - urlGithub: https://github.com/AlmasB/FXGL
09:50:51.068 [FXGL Background Thread 3 ] DEBUG Engine               - urlLeaderboard: http://fxgl-top.herokuapp.com/
09:50:51.068 [FXGL Background Thread 3 ] DEBUG Engine               - urlPOM: https://raw.githubusercontent.com/AlmasB/FXGL/release/README.md
09:50:51.068 [FXGL Background Thread 3 ] DEBUG Engine               - userAppClass: class io.huffman.ninjagaiden.NinjaGaidenApp
09:50:51.068 [FXGL Background Thread 3 ] DEBUG Engine               - version: 0.0
09:50:51.068 [FXGL Background Thread 3 ] DEBUG Engine               - versionCheckDays: 7
09:50:51.068 [FXGL Background Thread 3 ] DEBUG Engine               - width: 1600
09:50:51.069 [FXGL Background Thread 3 ] DEBUG Engine               - Logging services
09:50:51.069 [FXGL Background Thread 3 ] DEBUG Engine               - class com.almasb.fxgl.app.services.FXGLAssetLoaderService
09:50:51.069 [FXGL Background Thread 3 ] DEBUG Engine               - class com.almasb.fxgl.app.FXGLApplication$GameApplicationService
09:50:51.069 [FXGL Background Thread 3 ] DEBUG Engine               - class com.almasb.fxgl.app.services.FXGLDialogService
09:50:51.069 [FXGL Background Thread 3 ] DEBUG Engine               - class com.almasb.fxgl.app.services.IOTaskExecutorService
09:50:51.069 [FXGL Background Thread 3 ] DEBUG Engine               - class com.almasb.fxgl.io.FileSystemService
09:50:51.069 [FXGL Background Thread 3 ] DEBUG Engine               - class com.almasb.fxgl.localization.LocalizationService
09:50:51.069 [FXGL Background Thread 3 ] DEBUG Engine               - class com.almasb.fxgl.app.services.SystemBundleService
09:50:51.069 [FXGL Background Thread 3 ] DEBUG Engine               - class com.almasb.fxgl.profile.SaveLoadService
09:50:51.069 [FXGL Background Thread 3 ] DEBUG Engine               - class com.almasb.fxgl.ui.FXGLUIFactoryServiceProvider
09:50:51.069 [FXGL Background Thread 3 ] DEBUG Engine               - class com.almasb.fxgl.ui.FXGLDialogFactoryServiceProvider
09:50:51.069 [FXGL Background Thread 3 ] DEBUG Engine               - class com.almasb.fxgl.audio.AudioPlayer
09:50:51.069 [FXGL Background Thread 3 ] DEBUG Engine               - class com.almasb.fxgl.notification.impl.NotificationServiceProvider
09:50:51.069 [FXGL Background Thread 3 ] DEBUG Engine               - class com.almasb.fxgl.achievement.AchievementService
09:50:51.069 [FXGL Background Thread 3 ] DEBUG Engine               - class com.almasb.fxgl.cutscene.CutsceneService
09:50:51.069 [FXGL Background Thread 3 ] DEBUG Engine               - class com.almasb.fxgl.minigames.MiniGameService
09:50:51.070 [FXGL Background Thread 3 ] DEBUG Engine               - class com.almasb.fxgl.net.NetService
09:50:51.070 [FXGL Background Thread 3 ] DEBUG Engine               - class com.almasb.fxgl.app.services.UpdaterService
09:50:51.070 [FXGL Background Thread 3 ] DEBUG Engine               - class com.almasb.fxgl.dev.DevService
09:51:16.251 [JavaFX Application Thread] DEBUG FXGLApplication      - Exiting FXGL
09:51:16.251 [JavaFX Application Thread] DEBUG LoopRunner           - Stopping loop
09:51:16.252 [JavaFX Application Thread] DEBUG SystemBundleService  - Saving FXGL system data
09:51:16.254 [JavaFX Application Thread] DEBUG FileSystemAccess     - Writing to: C:\Users\dschr\OneDrive - Hogeschool Leiden\School\IPOSE\Ninja-Gaiden\system\fxgl.bundle
09:51:16.255 [JavaFX Application Thread] DEBUG Async                - Shutting down background threads
09:51:16.255 [JavaFX Application Thread] DEBUG PrimaryStageWindow   - Closing main window
09:51:16.265 [JavaFX Application Thread] DEBUG Logger               - Closing Logger
