12:53:24.557 [main                     ] DEBUG Logger               - Configured Logger
12:53:24.581 [main                     ] DEBUG GameApplication      - Logging settings
Title: Ninja Gaiden
Version: 0.0
Width: 1600
Height: 900
Fullscreen: false
Intro: false
Profiling: false
Single step:false
App Mode: DEVELOPER
Menu Key: ESCAPE
Stage Style: DECORATED
Scene Factory: class io.huffman.ninjagaiden.UISceneFactory

12:53:24.968 [JavaFX Application Thread] DEBUG FXGLApplication      - Initializing FXGL
12:53:24.973 [JavaFX Application Thread] INFO  Engine               - FXGL-17.1 (24.03.2022 17.34) on WINDOWS (J:17.0.1 FX:18)
12:53:24.973 [JavaFX Application Thread] DEBUG Engine               - JRE Vendor Name: Oracle Corporation
12:53:24.973 [JavaFX Application Thread] DEBUG Engine               - Running on OS: Windows 10 version 10.0
12:53:24.973 [JavaFX Application Thread] DEBUG Engine               - Architecture: amd64
12:53:24.973 [JavaFX Application Thread] INFO  Engine               - Source code and latest versions at: https://github.com/AlmasB/FXGL
12:53:24.973 [JavaFX Application Thread] INFO  Engine               -       Ask questions and discuss at: https://github.com/AlmasB/FXGL/discussions
12:53:24.974 [JavaFX Application Thread] INFO  Engine               -              Join the FXGL chat at: https://gitter.im/AlmasB/FXGL
12:53:25.064 [JavaFX Application Thread] DEBUG PrimaryStageWindow   - Creating a JavaFX scene
12:53:25.101 [JavaFX Application Thread] DEBUG PrimaryStageWindow   - Target settings size: 1600.0 x 900.0
12:53:25.101 [JavaFX Application Thread] DEBUG PrimaryStageWindow   - Scaled scene size:    1600.0 x 900.0
12:53:25.101 [JavaFX Application Thread] DEBUG PrimaryStageWindow   - Scaled ratio: (1.0, 1.0)
12:53:25.102 [JavaFX Application Thread] DEBUG PrimaryStageWindow   - Set initial scene to FXGLStartupScene
12:53:25.109 [JavaFX Application Thread] DEBUG PrimaryStageWindow   - Opening main window
12:53:25.185 [JavaFX Application Thread] DEBUG PrimaryStageWindow   - Window border size: (14.6666259765625, 37.33331298828125)
12:53:25.186 [JavaFX Application Thread] DEBUG PrimaryStageWindow   - Scaled size: 1600.0 x 900.0
12:53:25.186 [JavaFX Application Thread] DEBUG PrimaryStageWindow   - Scaled ratio: (1.0, 1.0)
12:53:25.186 [JavaFX Application Thread] DEBUG PrimaryStageWindow   - Scene size: 1600.0 x 900.0
12:53:25.187 [JavaFX Application Thread] DEBUG PrimaryStageWindow   - Stage size: 1614.6666259765625 x 937.3333129882812
12:53:25.195 [FXGL Background Thread 1 ] DEBUG Engine               - Initializing environment variables
12:53:25.229 [FXGL Background Thread 1 ] DEBUG FXGLAssetLoaderServi - User app class for loading assets: class io.huffman.ninjagaiden.NinjaGaidenApp
12:53:25.229 [FXGL Background Thread 1 ] DEBUG GameApplicationServi - Applying CSS: fxgl_dark.css
12:53:25.230 [FXGL Background Thread 1 ] DEBUG FXGLAssetLoaderServi - Loading from file system: jar:file:/C:/Users/dschr/.m2/repository/com/github/almasb/fxgl/17.1/fxgl-17.1.jar!/fxglassets/ui/css/fxgl_dark.css
12:53:25.264 [FXGL Background Thread 1 ] DEBUG GameApplicationServi - Initializing application scenes
12:53:25.301 [FXGL Background Thread 1 ] DEBUG GameWorld            - Game world initialized
12:53:25.344 [FXGL Background Thread 1 ] DEBUG PhysicsWorld         - Physics world initialized: appHeight=900, physics.ppm=50,0
12:53:25.345 [FXGL Background Thread 1 ] DEBUG PhysicsWorld         - Using strategy: BRUTE_FORCE
12:53:25.349 [FXGL Background Thread 1 ] DEBUG GameScene            - Game scene initialized: 1600x900
12:53:25.413 [FXGL Background Thread 1 ] DEBUG GameApplicationServi - Application scenes initialized
12:53:25.432 [FXGL Background Thread 1 ] DEBUG SystemBundleService  - Loading FXGL system data
12:53:25.436 [FXGL Background Thread 1 ] DEBUG FileSystemAccess     - Reading from: C:\Users\dschr\OneDrive - Hogeschool Leiden\School\IPOSE\Ninja-Gaiden\system\fxgl.bundle
12:53:25.440 [FXGL Background Thread 1 ] DEBUG SystemBundleService  - Bundle FXGL: {}
12:53:25.441 [FXGL Background Thread 1 ] DEBUG UpdaterService       - Checking for updates
12:53:25.447 [FXGL Background Thread 4 ] DEBUG FXGLApplication      - Loading fonts
12:53:25.447 [FXGL Background Thread 4 ] DEBUG FXGLAssetLoaderServi - Loading from file system: file:/C:/Users/dschr/OneDrive%20-%20Hogeschool%20Leiden/School/IPOSE/Ninja-Gaiden/target/classes/assets/ui/fonts/ninja-font.ttf
12:53:25.447 [FXGL Background Thread 1 ] DEBUG FXGLApplication      - Loading default localization
12:53:25.448 [FXGL Background Thread 1 ] DEBUG FXGLAssetLoaderServi - Loading from file system: jar:file:/C:/Users/dschr/.m2/repository/com/github/almasb/fxgl/17.1/fxgl-17.1.jar!/fxglassets/languages/english.lang
12:53:25.477 [FXGL Background Thread 1 ] INFO  FXGLApplication      - FXGL initialization took: 0,282 sec
12:53:25.487 [JavaFX Application Thread] DEBUG Input                - Registered new binding: Left - A
12:53:25.487 [JavaFX Application Thread] DEBUG Input                - Registered new binding: Right - D
12:53:25.487 [JavaFX Application Thread] DEBUG Input                - Registered new binding: Down - S
12:53:25.487 [JavaFX Application Thread] DEBUG Input                - Registered new binding: Jump - W
12:53:25.487 [JavaFX Application Thread] DEBUG Input                - Registered new binding: Attack - F
12:53:25.488 [JavaFX Application Thread] DEBUG FXGLAssetLoaderServi - Loading from file system: file:/C:/Users/dschr/OneDrive%20-%20Hogeschool%20Leiden/School/IPOSE/Ninja-Gaiden/target/classes/assets/textures/logo.png
12:53:25.508 [FXGL Background Thread 4 ] DEBUG FXGLAssetLoaderServi - Loading from file system: jar:file:/C:/Users/dschr/.m2/repository/com/github/almasb/fxgl/17.1/fxgl-17.1.jar!/fxglassets/ui/fonts/Abel-Regular.ttf
12:53:25.512 [FXGL Background Thread 4 ] DEBUG FXGLAssetLoaderServi - Loading from file system: jar:file:/C:/Users/dschr/.m2/repository/com/github/almasb/fxgl/17.1/fxgl-17.1.jar!/fxglassets/ui/fonts/TerminalLandMono-Regular.otf
12:53:25.522 [FXGL Background Thread 4 ] DEBUG FXGLAssetLoaderServi - Loading from file system: jar:file:/C:/Users/dschr/.m2/repository/com/github/almasb/fxgl/17.1/fxgl-17.1.jar!/fxglassets/ui/fonts/Courier-Prime.ttf
12:53:25.534 [JavaFX Application Thread] DEBUG FXGLAssetLoaderServi - Loading from file system: jar:file:/C:/Users/dschr/.m2/repository/com/github/almasb/fxgl/17.1/fxgl-17.1.jar!/fxglassets/textures/fxgl_default_cursor.png
12:53:25.541 [JavaFX Application Thread] DEBUG Input                - Registered new binding: Screenshot - CTRL+8
12:53:25.541 [JavaFX Application Thread] DEBUG Input                - Registered new binding: System info dump - CTRL+9
12:53:25.542 [JavaFX Application Thread] DEBUG Input                - Registered new binding: Restart - CTRL+R
12:53:25.544 [JavaFX Application Thread] DEBUG Input                - Registered new binding: Toggle Debug Camera - CTRL+7
12:53:25.549 [JavaFX Application Thread] DEBUG LoopRunner           - Starting loop
12:53:25.549 [JavaFX Application Thread] DEBUG LoopRunner           - Initializing ScheduledExecutorLoop with fps: 60
12:53:25.555 [JavaFX Application Thread] DEBUG Input                - Clearing active input actions
12:53:25.562 [JavaFX Application Thread] DEBUG GameApplicationServi - Removing overlay from FXGLStartupScene and adding to FXGLMainMenuDummyScene
12:53:25.562 [JavaFX Application Thread] DEBUG PrimaryStageWindow   - FXGLStartupScene -> FXGLMainMenuDummyScene
12:53:25.563 [JavaFX Application Thread] DEBUG PrimaryStageWindow   - Push state: StartMenu
12:53:25.563 [JavaFX Application Thread] DEBUG Input                - Clearing active input actions
12:53:25.571 [JavaFX Application Thread] DEBUG GameApplicationServi - Removing overlay from FXGLMainMenuDummyScene and adding to StartMenu
12:53:25.572 [JavaFX Application Thread] DEBUG PrimaryStageWindow   - FXGLMainMenuDummyScene -> StartMenu
12:53:25.572 [JavaFX Application Thread] DEBUG FXGLApplication      - Registering font factories with UI factory
12:53:25.637 [FXGL Background Thread 2 ] WARN  UpdaterService       - Failed to find updates: java.net.BindException: Cannot assign requested address: connect
12:53:28.445 [FXGL Background Thread 3 ] DEBUG Engine               - Logging environment variables
12:53:28.445 [FXGL Background Thread 3 ] DEBUG Engine               - achievements: []
12:53:28.445 [FXGL Background Thread 3 ] DEBUG Engine               - actualHeight: 900.0
12:53:28.445 [FXGL Background Thread 3 ] DEBUG Engine               - actualHeightProperty: ReadOnlyDoubleProperty [value: 900.0]
12:53:28.445 [FXGL Background Thread 3 ] DEBUG Engine               - actualWidth: 1600.0
12:53:28.446 [FXGL Background Thread 3 ] DEBUG Engine               - actualWidthProperty: ReadOnlyDoubleProperty [value: 1600.0]
12:53:28.446 [FXGL Background Thread 3 ] DEBUG Engine               - appIcon: logo.png
12:53:28.446 [FXGL Background Thread 3 ] DEBUG Engine               - applicationMode: DEVELOPER
12:53:28.446 [FXGL Background Thread 3 ] DEBUG Engine               - cSSList: [fxgl_dark.css]
12:53:28.446 [FXGL Background Thread 3 ] DEBUG Engine               - collisionDetectionStrategy: BRUTE_FORCE
12:53:28.446 [FXGL Background Thread 3 ] DEBUG Engine               - configClass: Optional.empty
12:53:28.446 [FXGL Background Thread 3 ] DEBUG Engine               - credits: []
12:53:28.447 [FXGL Background Thread 3 ] DEBUG Engine               - defaultCursor: CursorInfo(imageName=fxgl_default_cursor.png, hotspotX=7.0, hotspotY=6.0)
12:53:28.447 [FXGL Background Thread 3 ] DEBUG Engine               - devBBoxColorProperty: ObjectProperty [value: 0xff0000ff]
12:53:28.447 [FXGL Background Thread 3 ] DEBUG Engine               - devEnableDebugCameraProperty: BooleanProperty [value: false]
12:53:28.447 [FXGL Background Thread 3 ] DEBUG Engine               - devSensorColorProperty: ObjectProperty [value: 0xffff00ff]
12:53:28.447 [FXGL Background Thread 3 ] DEBUG Engine               - devShowBBoxProperty: BooleanProperty [value: false]
12:53:28.448 [FXGL Background Thread 3 ] DEBUG Engine               - devShowPositionProperty: BooleanProperty [value: false]
12:53:28.448 [FXGL Background Thread 3 ] DEBUG Engine               - enabledMenuItems: []
12:53:28.448 [FXGL Background Thread 3 ] DEBUG Engine               - engineServices: [class com.almasb.fxgl.app.services.FXGLAssetLoaderService, class com.almasb.fxgl.app.FXGLApplication$GameApplicationService, class com.almasb.fxgl.app.services.FXGLDialogService, class com.almasb.fxgl.app.services.IOTaskExecutorService, class com.almasb.fxgl.io.FileSystemService, class com.almasb.fxgl.localization.LocalizationService, class com.almasb.fxgl.app.services.SystemBundleService, class com.almasb.fxgl.profile.SaveLoadService, class com.almasb.fxgl.ui.FXGLUIFactoryServiceProvider, class com.almasb.fxgl.ui.FXGLDialogFactoryServiceProvider, class com.almasb.fxgl.audio.AudioPlayer, class com.almasb.fxgl.notification.impl.NotificationServiceProvider, class com.almasb.fxgl.achievement.AchievementService, class com.almasb.fxgl.cutscene.CutsceneService, class com.almasb.fxgl.minigames.MiniGameService, class com.almasb.fxgl.net.NetService, class com.almasb.fxgl.app.services.UpdaterService, class com.almasb.fxgl.dev.DevService]
12:53:28.448 [FXGL Background Thread 3 ] DEBUG Engine               - fontGame: Abel-Regular.ttf
12:53:28.448 [FXGL Background Thread 3 ] DEBUG Engine               - fontMono: TerminalLandMono-Regular.otf
12:53:28.448 [FXGL Background Thread 3 ] DEBUG Engine               - fontText: Courier-Prime.ttf
12:53:28.448 [FXGL Background Thread 3 ] DEBUG Engine               - fontUI: ninja-font.ttf
12:53:28.448 [FXGL Background Thread 3 ] DEBUG Engine               - fullScreen: BooleanProperty [value: false]
12:53:28.448 [FXGL Background Thread 3 ] DEBUG Engine               - gameDifficulty: MEDIUM
12:53:28.448 [FXGL Background Thread 3 ] DEBUG Engine               - gameDifficultyProperty: ObjectProperty [value: MEDIUM]
12:53:28.448 [FXGL Background Thread 3 ] DEBUG Engine               - globalMusicVolume: 0.5
12:53:28.448 [FXGL Background Thread 3 ] DEBUG Engine               - globalMusicVolumeProperty: DoubleProperty [value: 0.5]
12:53:28.449 [FXGL Background Thread 3 ] DEBUG Engine               - globalSoundVolume: 0.5
12:53:28.449 [FXGL Background Thread 3 ] DEBUG Engine               - globalSoundVolumeProperty: DoubleProperty [value: 0.5]
12:53:28.449 [FXGL Background Thread 3 ] DEBUG Engine               - height: 900
12:53:28.449 [FXGL Background Thread 3 ] DEBUG Engine               - is3D: false
12:53:28.449 [FXGL Background Thread 3 ] DEBUG Engine               - isAndroid: false
12:53:28.449 [FXGL Background Thread 3 ] DEBUG Engine               - isBrowser: false
12:53:28.449 [FXGL Background Thread 3 ] DEBUG Engine               - isClickFeedbackEnabled: false
12:53:28.449 [FXGL Background Thread 3 ] DEBUG Engine               - isCloseConfirmation: false
12:53:28.449 [FXGL Background Thread 3 ] DEBUG Engine               - isDesktop: true
12:53:28.449 [FXGL Background Thread 3 ] DEBUG Engine               - isDeveloperMenuEnabled: false
12:53:28.449 [FXGL Background Thread 3 ] DEBUG Engine               - isEmbedded: false
12:53:28.449 [FXGL Background Thread 3 ] DEBUG Engine               - isEntityPreloadEnabled: true
12:53:28.449 [FXGL Background Thread 3 ] DEBUG Engine               - isExperimentalTiledLargeMap: false
12:53:28.449 [FXGL Background Thread 3 ] DEBUG Engine               - isFileSystemWriteAllowed: true
12:53:28.449 [FXGL Background Thread 3 ] DEBUG Engine               - isFullScreenAllowed: false
12:53:28.449 [FXGL Background Thread 3 ] DEBUG Engine               - isFullScreenFromStart: false
12:53:28.449 [FXGL Background Thread 3 ] DEBUG Engine               - isGameMenuEnabled: true
12:53:28.449 [FXGL Background Thread 3 ] DEBUG Engine               - isIOS: false
12:53:28.449 [FXGL Background Thread 3 ] DEBUG Engine               - isIntroEnabled: false
12:53:28.450 [FXGL Background Thread 3 ] DEBUG Engine               - isLinux: false
12:53:28.450 [FXGL Background Thread 3 ] DEBUG Engine               - isMac: false
12:53:28.450 [FXGL Background Thread 3 ] DEBUG Engine               - isMainMenuEnabled: true
12:53:28.450 [FXGL Background Thread 3 ] DEBUG Engine               - isManualResizeEnabled: false
12:53:28.450 [FXGL Background Thread 3 ] DEBUG Engine               - isMobile: false
12:53:28.450 [FXGL Background Thread 3 ] DEBUG Engine               - isNative: false
12:53:28.450 [FXGL Background Thread 3 ] DEBUG Engine               - isPauseMusicWhenMinimized: true
12:53:28.450 [FXGL Background Thread 3 ] DEBUG Engine               - isPreserveResizeRatio: false
12:53:28.450 [FXGL Background Thread 3 ] DEBUG Engine               - isProfilingEnabled: false
12:53:28.450 [FXGL Background Thread 3 ] DEBUG Engine               - isScaleAffectedOnResize: true
12:53:28.450 [FXGL Background Thread 3 ] DEBUG Engine               - isSingleStep: false
12:53:28.450 [FXGL Background Thread 3 ] DEBUG Engine               - isUserProfileEnabled: false
12:53:28.450 [FXGL Background Thread 3 ] DEBUG Engine               - isWindows: true
12:53:28.450 [FXGL Background Thread 3 ] DEBUG Engine               - language: ObjectProperty [value: ENGLISH]
12:53:28.450 [FXGL Background Thread 3 ] DEBUG Engine               - menuKey: ESCAPE
12:53:28.450 [FXGL Background Thread 3 ] DEBUG Engine               - mouseSensitivity: 0.2
12:53:28.451 [FXGL Background Thread 3 ] DEBUG Engine               - notificationViewClass: class com.almasb.fxgl.notification.view.XboxNotificationView
12:53:28.451 [FXGL Background Thread 3 ] DEBUG Engine               - pixelsPerMeter: 50.0
12:53:28.451 [FXGL Background Thread 3 ] DEBUG Engine               - platform: WINDOWS
12:53:28.451 [FXGL Background Thread 3 ] DEBUG Engine               - prefHeightProperty: ReadOnlyDoubleProperty [value: 900.0]
12:53:28.451 [FXGL Background Thread 3 ] DEBUG Engine               - prefWidthProperty: ReadOnlyDoubleProperty [value: 1600.0]
12:53:28.451 [FXGL Background Thread 3 ] DEBUG Engine               - profileDir: profiles/
12:53:28.451 [FXGL Background Thread 3 ] DEBUG Engine               - profileName: StringProperty [value: DEFAULT]
12:53:28.451 [FXGL Background Thread 3 ] DEBUG Engine               - randomSeed: -1
12:53:28.451 [FXGL Background Thread 3 ] DEBUG Engine               - runtimeInfo: RuntimeInfo(platform=WINDOWS, version=17.1, build=24.03.2022 17.34)
12:53:28.451 [FXGL Background Thread 3 ] DEBUG Engine               - saveFileExt: sav
12:53:28.451 [FXGL Background Thread 3 ] DEBUG Engine               - scaledHeightProp$fxgl: DoubleProperty [bound, value: 900.0]
12:53:28.451 [FXGL Background Thread 3 ] DEBUG Engine               - scaledWidthProp$fxgl: DoubleProperty [bound, value: 1600.0]
12:53:28.451 [FXGL Background Thread 3 ] DEBUG Engine               - sceneFactory: io.huffman.ninjagaiden.UISceneFactory@86a3e68
12:53:28.452 [FXGL Background Thread 3 ] DEBUG Engine               - secondsIn24h: 60
12:53:28.452 [FXGL Background Thread 3 ] DEBUG Engine               - soundMenuBack: menu/back.wav
12:53:28.452 [FXGL Background Thread 3 ] DEBUG Engine               - soundMenuPress: menu/press.wav
12:53:28.452 [FXGL Background Thread 3 ] DEBUG Engine               - soundMenuSelect: menu/select.wav
12:53:28.452 [FXGL Background Thread 3 ] DEBUG Engine               - soundNotification: core/notification.wav
12:53:28.452 [FXGL Background Thread 3 ] DEBUG Engine               - stageStyle: DECORATED
12:53:28.452 [FXGL Background Thread 3 ] DEBUG Engine               - supportedLanguages: [ENGLISH, FRENCH, GERMAN, HUNGARIAN, RUSSIAN]
12:53:28.452 [FXGL Background Thread 3 ] DEBUG Engine               - ticksPerSecond: 60
12:53:28.452 [FXGL Background Thread 3 ] DEBUG Engine               - title: Ninja Gaiden
12:53:28.452 [FXGL Background Thread 3 ] DEBUG Engine               - urlGithub: https://github.com/AlmasB/FXGL
12:53:28.452 [FXGL Background Thread 3 ] DEBUG Engine               - urlLeaderboard: http://fxgl-top.herokuapp.com/
12:53:28.452 [FXGL Background Thread 3 ] DEBUG Engine               - urlPOM: https://raw.githubusercontent.com/AlmasB/FXGL/release/README.md
12:53:28.452 [FXGL Background Thread 3 ] DEBUG Engine               - userAppClass: class io.huffman.ninjagaiden.NinjaGaidenApp
12:53:28.452 [FXGL Background Thread 3 ] DEBUG Engine               - version: 0.0
12:53:28.452 [FXGL Background Thread 3 ] DEBUG Engine               - versionCheckDays: 7
12:53:28.452 [FXGL Background Thread 3 ] DEBUG Engine               - width: 1600
12:53:28.452 [FXGL Background Thread 3 ] DEBUG Engine               - Logging services
12:53:28.452 [FXGL Background Thread 3 ] DEBUG Engine               - class com.almasb.fxgl.app.services.FXGLAssetLoaderService
12:53:28.453 [FXGL Background Thread 3 ] DEBUG Engine               - class com.almasb.fxgl.app.FXGLApplication$GameApplicationService
12:53:28.453 [FXGL Background Thread 3 ] DEBUG Engine               - class com.almasb.fxgl.app.services.FXGLDialogService
12:53:28.453 [FXGL Background Thread 3 ] DEBUG Engine               - class com.almasb.fxgl.app.services.IOTaskExecutorService
12:53:28.453 [FXGL Background Thread 3 ] DEBUG Engine               - class com.almasb.fxgl.io.FileSystemService
12:53:28.453 [FXGL Background Thread 3 ] DEBUG Engine               - class com.almasb.fxgl.localization.LocalizationService
12:53:28.453 [FXGL Background Thread 3 ] DEBUG Engine               - class com.almasb.fxgl.app.services.SystemBundleService
12:53:28.453 [FXGL Background Thread 3 ] DEBUG Engine               - class com.almasb.fxgl.profile.SaveLoadService
12:53:28.453 [FXGL Background Thread 3 ] DEBUG Engine               - class com.almasb.fxgl.ui.FXGLUIFactoryServiceProvider
12:53:28.453 [FXGL Background Thread 3 ] DEBUG Engine               - class com.almasb.fxgl.ui.FXGLDialogFactoryServiceProvider
12:53:28.453 [FXGL Background Thread 3 ] DEBUG Engine               - class com.almasb.fxgl.audio.AudioPlayer
12:53:28.453 [FXGL Background Thread 3 ] DEBUG Engine               - class com.almasb.fxgl.notification.impl.NotificationServiceProvider
12:53:28.453 [FXGL Background Thread 3 ] DEBUG Engine               - class com.almasb.fxgl.achievement.AchievementService
12:53:28.453 [FXGL Background Thread 3 ] DEBUG Engine               - class com.almasb.fxgl.cutscene.CutsceneService
12:53:28.453 [FXGL Background Thread 3 ] DEBUG Engine               - class com.almasb.fxgl.minigames.MiniGameService
12:53:28.453 [FXGL Background Thread 3 ] DEBUG Engine               - class com.almasb.fxgl.net.NetService
12:53:28.453 [FXGL Background Thread 3 ] DEBUG Engine               - class com.almasb.fxgl.app.services.UpdaterService
12:53:28.453 [FXGL Background Thread 3 ] DEBUG Engine               - class com.almasb.fxgl.dev.DevService
12:54:04.841 [JavaFX Application Thread] DEBUG Menu                 - fireNewGame()
12:54:04.841 [JavaFX Application Thread] DEBUG GameApplicationServi - Starting new game
12:54:04.842 [JavaFX Application Thread] DEBUG PrimaryStageWindow   - Pop state: StartMenu
12:54:04.842 [JavaFX Application Thread] DEBUG Input                - Clearing active input actions
12:54:04.842 [JavaFX Application Thread] DEBUG GameApplicationServi - Removing overlay from StartMenu and adding to FXGLMainMenuDummyScene
12:54:04.842 [JavaFX Application Thread] DEBUG PrimaryStageWindow   - FXGLMainMenuDummyScene <- StartMenu
12:54:04.843 [JavaFX Application Thread] DEBUG Input                - Clearing active input actions
12:54:04.847 [JavaFX Application Thread] DEBUG GameApplicationServi - Removing overlay from FXGLMainMenuDummyScene and adding to FXGLLoadingScene
12:54:04.847 [JavaFX Application Thread] DEBUG PrimaryStageWindow   - FXGLMainMenuDummyScene -> FXGLLoadingScene
12:54:04.847 [JavaFX Application Thread] DEBUG GameApplicationServi - Clearing previous game
12:54:04.847 [JavaFX Application Thread] DEBUG GameScene            - Clearing game scene
12:54:04.847 [JavaFX Application Thread] DEBUG GameWorld            - Clearing game world
12:54:04.847 [JavaFX Application Thread] DEBUG PhysicsWorld         - Clearing physics world
12:54:04.849 [FXGL Background Thread 2 ] DEBUG FXGLApplication      - Initializing game
12:54:04.873 [FXGL Background Thread 2 ] WARN  TMXLevelLoader       - TiledMap generated from 1.8.4. Supported version: 1.4.2. Some features may not be parsed fully.
12:54:04.886 [FXGL Background Thread 2 ] DEBUG TMXLevelLoader       - Parsed TiledMap: file:/C:/Users/dschr/OneDrive%20-%20Hogeschool%20Leiden/School/IPOSE/Ninja-Gaiden/target/classes/assets/levels/act1-1.tmx
12:54:04.887 [FXGL Background Thread 2 ] DEBUG TMXLevelLoader       - Creating tile layer entities
12:54:04.888 [FXGL Background Thread 2 ] DEBUG TilesetLoader        - Loading view for layer layer
12:54:04.890 [FXGL Background Thread 2 ] DEBUG TilesetLoader        - Created buffer with size 3072.0x176.0
12:54:04.908 [FXGL Background Thread 2 ] DEBUG TMXLevelLoader       - Creating object layer entities
12:54:04.942 [FXGL Background Thread 2 ] DEBUG FXGLAssetLoaderServi - Loading from file system: file:/C:/Users/dschr/OneDrive%20-%20Hogeschool%20Leiden/School/IPOSE/Ninja-Gaiden/target/classes/assets/textures/idle.png
12:54:04.944 [FXGL Background Thread 2 ] DEBUG FXGLAssetLoaderServi - Loading from file system: file:/C:/Users/dschr/OneDrive%20-%20Hogeschool%20Leiden/School/IPOSE/Ninja-Gaiden/target/classes/assets/textures/walk.png
12:54:04.946 [FXGL Background Thread 2 ] DEBUG FXGLAssetLoaderServi - Loading from file system: file:/C:/Users/dschr/OneDrive%20-%20Hogeschool%20Leiden/School/IPOSE/Ninja-Gaiden/target/classes/assets/textures/jump.png
12:54:04.948 [FXGL Background Thread 2 ] DEBUG FXGLAssetLoaderServi - Loading from file system: file:/C:/Users/dschr/OneDrive%20-%20Hogeschool%20Leiden/School/IPOSE/Ninja-Gaiden/target/classes/assets/textures/duck.png
12:54:04.949 [FXGL Background Thread 2 ] DEBUG FXGLAssetLoaderServi - Loading from file system: file:/C:/Users/dschr/OneDrive%20-%20Hogeschool%20Leiden/School/IPOSE/Ninja-Gaiden/target/classes/assets/textures/attack.png
12:54:04.960 [FXGL Background Thread 2 ] DEBUG FXGLAssetLoaderServi - Loading from file system: file:/C:/Users/dschr/OneDrive%20-%20Hogeschool%20Leiden/School/IPOSE/Ninja-Gaiden/target/classes/assets/textures/bikerwalk.png
12:54:04.984 [FXGL Background Thread 2 ] DEBUG GameWorld            - Clearing removable entities
12:54:04.985 [FXGL Background Thread 2 ] DEBUG GameWorld            - Setting level: com.almasb.fxgl.entity.level.Level@7ba0d516
12:54:05.001 [FXGL Background Thread 2 ] DEBUG FXGLAssetLoaderServi - Loading from file system: file:/C:/Users/dschr/OneDrive%20-%20Hogeschool%20Leiden/School/IPOSE/Ninja-Gaiden/target/classes/assets/music/test.wav
12:54:05.638 [FXGL Background Thread 2 ] DEBUG AudioPlayer          - Playing music com.almasb.fxgl.audio.Music@494cae18
12:54:05.640 [FXGL Background Thread 2 ] WARN  FXGLAssetLoaderServi - Asset "/assets/sounds/test.wav" was not found!
12:54:05.640 [FXGL Background Thread 2 ] WARN  FXGLAssetLoaderServi - Failed to load SOUND
12:54:05.642 [FXGL Background Thread 2 ] INFO  FXGLApplication      - Game initialization took: 0,794 sec
12:54:05.643 [JavaFX Application Thread] DEBUG Input                - Clearing active input actions
12:54:05.648 [JavaFX Application Thread] DEBUG GameApplicationServi - Removing overlay from FXGLLoadingScene and adding to GameScene
12:54:05.648 [JavaFX Application Thread] DEBUG PrimaryStageWindow   - FXGLLoadingScene -> GameScene
12:55:06.509 [JavaFX Application Thread] DEBUG PrimaryStageWindow   - Push state: DialogSubScene
12:55:06.509 [JavaFX Application Thread] DEBUG Input                - Clearing active input actions
12:55:06.510 [JavaFX Application Thread] DEBUG GameApplicationServi - Removing overlay from GameScene and adding to DialogSubScene
12:55:06.510 [JavaFX Application Thread] DEBUG PrimaryStageWindow   - GameScene -> DialogSubScene
12:55:09.586 [JavaFX Application Thread] DEBUG PrimaryStageWindow   - Pop state: DialogSubScene
12:55:09.586 [JavaFX Application Thread] DEBUG Input                - Clearing active input actions
12:55:09.587 [JavaFX Application Thread] DEBUG GameApplicationServi - Removing overlay from DialogSubScene and adding to GameScene
12:55:09.587 [JavaFX Application Thread] DEBUG PrimaryStageWindow   - GameScene <- DialogSubScene
12:55:09.688 [JavaFX Application Thread] DEBUG Input                - Clearing active input actions
12:55:09.690 [JavaFX Application Thread] DEBUG GameApplicationServi - Removing overlay from GameScene and adding to FXGLMainMenuDummyScene
12:55:09.691 [JavaFX Application Thread] DEBUG PrimaryStageWindow   - GameScene -> FXGLMainMenuDummyScene
12:55:09.691 [JavaFX Application Thread] DEBUG PrimaryStageWindow   - Push state: StartMenu
12:55:09.691 [JavaFX Application Thread] DEBUG Input                - Clearing active input actions
12:55:09.692 [JavaFX Application Thread] DEBUG GameApplicationServi - Removing overlay from FXGLMainMenuDummyScene and adding to StartMenu
12:55:09.692 [JavaFX Application Thread] DEBUG PrimaryStageWindow   - FXGLMainMenuDummyScene -> StartMenu
12:55:09.692 [JavaFX Application Thread] DEBUG AudioPlayer          - Stopping music com.almasb.fxgl.audio.Music@494cae18
12:57:47.848 [JavaFX Application Thread] DEBUG Menu                 - fireNewGame()
12:57:47.848 [JavaFX Application Thread] DEBUG GameApplicationServi - Starting new game
12:57:47.848 [JavaFX Application Thread] DEBUG PrimaryStageWindow   - Pop state: StartMenu
12:57:47.848 [JavaFX Application Thread] DEBUG Input                - Clearing active input actions
12:57:47.849 [JavaFX Application Thread] DEBUG GameApplicationServi - Removing overlay from StartMenu and adding to FXGLMainMenuDummyScene
12:57:47.849 [JavaFX Application Thread] DEBUG PrimaryStageWindow   - FXGLMainMenuDummyScene <- StartMenu
12:57:47.849 [JavaFX Application Thread] DEBUG Input                - Clearing active input actions
12:57:47.851 [JavaFX Application Thread] DEBUG GameApplicationServi - Removing overlay from FXGLMainMenuDummyScene and adding to FXGLLoadingScene
12:57:47.852 [JavaFX Application Thread] DEBUG PrimaryStageWindow   - FXGLMainMenuDummyScene -> FXGLLoadingScene
12:57:47.852 [JavaFX Application Thread] DEBUG GameApplicationServi - Clearing previous game
12:57:47.852 [JavaFX Application Thread] DEBUG GameScene            - Clearing game scene
12:57:47.852 [JavaFX Application Thread] DEBUG GameWorld            - Clearing game world
12:57:47.853 [JavaFX Application Thread] DEBUG PhysicsWorld         - Clearing physics world
12:57:47.854 [FXGL Background Thread 5 ] DEBUG FXGLApplication      - Initializing game
12:57:47.856 [FXGL Background Thread 5 ] WARN  TMXLevelLoader       - TiledMap generated from 1.8.4. Supported version: 1.4.2. Some features may not be parsed fully.
12:57:47.861 [FXGL Background Thread 5 ] DEBUG TMXLevelLoader       - Parsed TiledMap: file:/C:/Users/dschr/OneDrive%20-%20Hogeschool%20Leiden/School/IPOSE/Ninja-Gaiden/target/classes/assets/levels/act1-1.tmx
12:57:47.861 [FXGL Background Thread 5 ] DEBUG TMXLevelLoader       - Creating tile layer entities
12:57:47.861 [FXGL Background Thread 5 ] DEBUG TilesetLoader        - Loading view for layer layer
12:57:47.863 [FXGL Background Thread 5 ] DEBUG TilesetLoader        - Created buffer with size 3072.0x176.0
12:57:47.870 [FXGL Background Thread 5 ] DEBUG TMXLevelLoader       - Creating object layer entities
12:57:47.884 [FXGL Background Thread 5 ] DEBUG GameWorld            - Clearing removable entities
12:57:47.884 [FXGL Background Thread 5 ] DEBUG GameWorld            - Setting level: com.almasb.fxgl.entity.level.Level@5000f792
12:57:47.886 [FXGL Background Thread 5 ] DEBUG AudioPlayer          - Playing music com.almasb.fxgl.audio.Music@494cae18
12:57:47.886 [FXGL Background Thread 5 ] WARN  FXGLAssetLoaderServi - Asset "/assets/sounds/test.wav" was not found!
12:57:47.887 [FXGL Background Thread 5 ] WARN  FXGLAssetLoaderServi - Failed to load SOUND
12:57:47.887 [FXGL Background Thread 5 ] INFO  FXGLApplication      - Game initialization took: 0,034 sec
12:57:47.890 [JavaFX Application Thread] DEBUG Input                - Clearing active input actions
12:57:47.893 [JavaFX Application Thread] DEBUG GameApplicationServi - Removing overlay from FXGLLoadingScene and adding to GameScene
12:57:47.893 [JavaFX Application Thread] DEBUG PrimaryStageWindow   - FXGLLoadingScene -> GameScene
12:58:48.920 [JavaFX Application Thread] DEBUG PrimaryStageWindow   - Push state: DialogSubScene
12:58:48.920 [JavaFX Application Thread] DEBUG Input                - Clearing active input actions
12:58:48.921 [JavaFX Application Thread] DEBUG GameApplicationServi - Removing overlay from GameScene and adding to DialogSubScene
12:58:48.921 [JavaFX Application Thread] DEBUG PrimaryStageWindow   - GameScene -> DialogSubScene
12:58:53.181 [JavaFX Application Thread] DEBUG PrimaryStageWindow   - Pop state: DialogSubScene
12:58:53.181 [JavaFX Application Thread] DEBUG Input                - Clearing active input actions
12:58:53.181 [JavaFX Application Thread] DEBUG GameApplicationServi - Removing overlay from DialogSubScene and adding to GameScene
12:58:53.181 [JavaFX Application Thread] DEBUG PrimaryStageWindow   - GameScene <- DialogSubScene
12:58:53.288 [JavaFX Application Thread] DEBUG Input                - Clearing active input actions
12:58:53.290 [JavaFX Application Thread] DEBUG GameApplicationServi - Removing overlay from GameScene and adding to FXGLMainMenuDummyScene
12:58:53.290 [JavaFX Application Thread] DEBUG PrimaryStageWindow   - GameScene -> FXGLMainMenuDummyScene
12:58:53.290 [JavaFX Application Thread] DEBUG PrimaryStageWindow   - Push state: StartMenu
12:58:53.290 [JavaFX Application Thread] DEBUG Input                - Clearing active input actions
12:58:53.290 [JavaFX Application Thread] DEBUG GameApplicationServi - Removing overlay from FXGLMainMenuDummyScene and adding to StartMenu
12:58:53.291 [JavaFX Application Thread] DEBUG PrimaryStageWindow   - FXGLMainMenuDummyScene -> StartMenu
12:58:53.291 [JavaFX Application Thread] DEBUG AudioPlayer          - Stopping music com.almasb.fxgl.audio.Music@494cae18
12:59:03.696 [JavaFX Application Thread] DEBUG Menu                 - fireNewGame()
12:59:03.696 [JavaFX Application Thread] DEBUG GameApplicationServi - Starting new game
12:59:03.696 [JavaFX Application Thread] DEBUG PrimaryStageWindow   - Pop state: StartMenu
12:59:03.696 [JavaFX Application Thread] DEBUG Input                - Clearing active input actions
12:59:03.696 [JavaFX Application Thread] DEBUG GameApplicationServi - Removing overlay from StartMenu and adding to FXGLMainMenuDummyScene
12:59:03.696 [JavaFX Application Thread] DEBUG PrimaryStageWindow   - FXGLMainMenuDummyScene <- StartMenu
12:59:03.696 [JavaFX Application Thread] DEBUG Input                - Clearing active input actions
12:59:03.698 [JavaFX Application Thread] DEBUG GameApplicationServi - Removing overlay from FXGLMainMenuDummyScene and adding to FXGLLoadingScene
12:59:03.698 [JavaFX Application Thread] DEBUG PrimaryStageWindow   - FXGLMainMenuDummyScene -> FXGLLoadingScene
12:59:03.698 [JavaFX Application Thread] DEBUG GameApplicationServi - Clearing previous game
12:59:03.698 [JavaFX Application Thread] DEBUG GameScene            - Clearing game scene
12:59:03.698 [JavaFX Application Thread] DEBUG GameWorld            - Clearing game world
12:59:03.700 [JavaFX Application Thread] DEBUG PhysicsWorld         - Clearing physics world
12:59:03.700 [FXGL Background Thread 6 ] DEBUG FXGLApplication      - Initializing game
12:59:03.702 [FXGL Background Thread 6 ] WARN  TMXLevelLoader       - TiledMap generated from 1.8.4. Supported version: 1.4.2. Some features may not be parsed fully.
12:59:03.706 [FXGL Background Thread 6 ] DEBUG TMXLevelLoader       - Parsed TiledMap: file:/C:/Users/dschr/OneDrive%20-%20Hogeschool%20Leiden/School/IPOSE/Ninja-Gaiden/target/classes/assets/levels/act1-1.tmx
12:59:03.706 [FXGL Background Thread 6 ] DEBUG TMXLevelLoader       - Creating tile layer entities
12:59:03.706 [FXGL Background Thread 6 ] DEBUG TilesetLoader        - Loading view for layer layer
12:59:03.708 [FXGL Background Thread 6 ] DEBUG TilesetLoader        - Created buffer with size 3072.0x176.0
12:59:03.712 [FXGL Background Thread 6 ] DEBUG TMXLevelLoader       - Creating object layer entities
12:59:03.723 [FXGL Background Thread 6 ] DEBUG GameWorld            - Clearing removable entities
12:59:03.723 [FXGL Background Thread 6 ] DEBUG GameWorld            - Setting level: com.almasb.fxgl.entity.level.Level@6b5d4f9a
12:59:03.724 [FXGL Background Thread 6 ] DEBUG AudioPlayer          - Playing music com.almasb.fxgl.audio.Music@494cae18
12:59:03.724 [FXGL Background Thread 6 ] WARN  FXGLAssetLoaderServi - Asset "/assets/sounds/test.wav" was not found!
12:59:03.724 [FXGL Background Thread 6 ] WARN  FXGLAssetLoaderServi - Failed to load SOUND
12:59:03.724 [FXGL Background Thread 6 ] INFO  FXGLApplication      - Game initialization took: 0,024 sec
12:59:03.724 [JavaFX Application Thread] DEBUG Input                - Clearing active input actions
12:59:03.727 [JavaFX Application Thread] DEBUG GameApplicationServi - Removing overlay from FXGLLoadingScene and adding to GameScene
12:59:03.727 [JavaFX Application Thread] DEBUG PrimaryStageWindow   - FXGLLoadingScene -> GameScene
13:00:41.304 [JavaFX Application Thread] DEBUG PrimaryStageWindow   - Push state: DialogSubScene
13:00:41.304 [JavaFX Application Thread] DEBUG Input                - Clearing active input actions
13:00:41.305 [JavaFX Application Thread] DEBUG GameApplicationServi - Removing overlay from GameScene and adding to DialogSubScene
13:00:41.305 [JavaFX Application Thread] DEBUG PrimaryStageWindow   - GameScene -> DialogSubScene
13:00:43.647 [JavaFX Application Thread] DEBUG PrimaryStageWindow   - Pop state: DialogSubScene
13:00:43.647 [JavaFX Application Thread] DEBUG Input                - Clearing active input actions
13:00:43.647 [JavaFX Application Thread] DEBUG GameApplicationServi - Removing overlay from DialogSubScene and adding to GameScene
13:00:43.647 [JavaFX Application Thread] DEBUG PrimaryStageWindow   - GameScene <- DialogSubScene
13:00:43.753 [JavaFX Application Thread] DEBUG Input                - Clearing active input actions
13:00:43.755 [JavaFX Application Thread] DEBUG GameApplicationServi - Removing overlay from GameScene and adding to FXGLMainMenuDummyScene
13:00:43.755 [JavaFX Application Thread] DEBUG PrimaryStageWindow   - GameScene -> FXGLMainMenuDummyScene
13:00:43.755 [JavaFX Application Thread] DEBUG PrimaryStageWindow   - Push state: StartMenu
13:00:43.756 [JavaFX Application Thread] DEBUG Input                - Clearing active input actions
13:00:43.756 [JavaFX Application Thread] DEBUG GameApplicationServi - Removing overlay from FXGLMainMenuDummyScene and adding to StartMenu
13:00:43.756 [JavaFX Application Thread] DEBUG PrimaryStageWindow   - FXGLMainMenuDummyScene -> StartMenu
13:00:43.756 [JavaFX Application Thread] DEBUG AudioPlayer          - Stopping music com.almasb.fxgl.audio.Music@494cae18
13:00:50.783 [JavaFX Application Thread] DEBUG Menu                 - fireNewGame()
13:00:50.783 [JavaFX Application Thread] DEBUG GameApplicationServi - Starting new game
13:00:50.783 [JavaFX Application Thread] DEBUG PrimaryStageWindow   - Pop state: StartMenu
13:00:50.784 [JavaFX Application Thread] DEBUG Input                - Clearing active input actions
13:00:50.784 [JavaFX Application Thread] DEBUG GameApplicationServi - Removing overlay from StartMenu and adding to FXGLMainMenuDummyScene
13:00:50.784 [JavaFX Application Thread] DEBUG PrimaryStageWindow   - FXGLMainMenuDummyScene <- StartMenu
13:00:50.784 [JavaFX Application Thread] DEBUG Input                - Clearing active input actions
13:00:50.786 [JavaFX Application Thread] DEBUG GameApplicationServi - Removing overlay from FXGLMainMenuDummyScene and adding to FXGLLoadingScene
13:00:50.786 [JavaFX Application Thread] DEBUG PrimaryStageWindow   - FXGLMainMenuDummyScene -> FXGLLoadingScene
13:00:50.786 [JavaFX Application Thread] DEBUG GameApplicationServi - Clearing previous game
13:00:50.786 [JavaFX Application Thread] DEBUG GameScene            - Clearing game scene
13:00:50.786 [JavaFX Application Thread] DEBUG GameWorld            - Clearing game world
13:00:50.787 [JavaFX Application Thread] DEBUG PhysicsWorld         - Clearing physics world
13:00:50.787 [FXGL Background Thread 7 ] DEBUG FXGLApplication      - Initializing game
13:00:50.789 [FXGL Background Thread 7 ] WARN  TMXLevelLoader       - TiledMap generated from 1.8.4. Supported version: 1.4.2. Some features may not be parsed fully.
13:00:50.791 [FXGL Background Thread 7 ] DEBUG TMXLevelLoader       - Parsed TiledMap: file:/C:/Users/dschr/OneDrive%20-%20Hogeschool%20Leiden/School/IPOSE/Ninja-Gaiden/target/classes/assets/levels/act1-1.tmx
13:00:50.791 [FXGL Background Thread 7 ] DEBUG TMXLevelLoader       - Creating tile layer entities
13:00:50.792 [FXGL Background Thread 7 ] DEBUG TilesetLoader        - Loading view for layer layer
13:00:50.792 [FXGL Background Thread 7 ] DEBUG TilesetLoader        - Created buffer with size 3072.0x176.0
13:00:50.796 [FXGL Background Thread 7 ] DEBUG TMXLevelLoader       - Creating object layer entities
13:00:50.806 [FXGL Background Thread 7 ] DEBUG GameWorld            - Clearing removable entities
13:00:50.806 [FXGL Background Thread 7 ] DEBUG GameWorld            - Setting level: com.almasb.fxgl.entity.level.Level@dcc6666
13:00:50.807 [FXGL Background Thread 7 ] DEBUG AudioPlayer          - Playing music com.almasb.fxgl.audio.Music@494cae18
13:00:50.808 [FXGL Background Thread 7 ] WARN  FXGLAssetLoaderServi - Asset "/assets/sounds/test.wav" was not found!
13:00:50.808 [FXGL Background Thread 7 ] WARN  FXGLAssetLoaderServi - Failed to load SOUND
13:00:50.808 [FXGL Background Thread 7 ] INFO  FXGLApplication      - Game initialization took: 0,022 sec
13:00:50.810 [JavaFX Application Thread] DEBUG Input                - Clearing active input actions
13:00:50.812 [JavaFX Application Thread] DEBUG GameApplicationServi - Removing overlay from FXGLLoadingScene and adding to GameScene
13:00:50.812 [JavaFX Application Thread] DEBUG PrimaryStageWindow   - FXGLLoadingScene -> GameScene
13:01:23.404 [JavaFX Application Thread] DEBUG PrimaryStageWindow   - Push state: DialogSubScene
13:01:23.404 [JavaFX Application Thread] DEBUG Input                - Clearing active input actions
13:01:23.404 [JavaFX Application Thread] DEBUG GameApplicationServi - Removing overlay from GameScene and adding to DialogSubScene
13:01:23.404 [JavaFX Application Thread] DEBUG PrimaryStageWindow   - GameScene -> DialogSubScene
13:01:30.116 [JavaFX Application Thread] DEBUG PrimaryStageWindow   - Pop state: DialogSubScene
13:01:30.116 [JavaFX Application Thread] DEBUG Input                - Clearing active input actions
13:01:30.117 [JavaFX Application Thread] DEBUG GameApplicationServi - Removing overlay from DialogSubScene and adding to GameScene
13:01:30.117 [JavaFX Application Thread] DEBUG PrimaryStageWindow   - GameScene <- DialogSubScene
13:01:30.221 [JavaFX Application Thread] DEBUG Input                - Clearing active input actions
13:01:30.223 [JavaFX Application Thread] DEBUG GameApplicationServi - Removing overlay from GameScene and adding to FXGLMainMenuDummyScene
13:01:30.223 [JavaFX Application Thread] DEBUG PrimaryStageWindow   - GameScene -> FXGLMainMenuDummyScene
13:01:30.223 [JavaFX Application Thread] DEBUG PrimaryStageWindow   - Push state: StartMenu
13:01:30.223 [JavaFX Application Thread] DEBUG Input                - Clearing active input actions
13:01:30.223 [JavaFX Application Thread] DEBUG GameApplicationServi - Removing overlay from FXGLMainMenuDummyScene and adding to StartMenu
13:01:30.223 [JavaFX Application Thread] DEBUG PrimaryStageWindow   - FXGLMainMenuDummyScene -> StartMenu
13:01:30.223 [JavaFX Application Thread] DEBUG AudioPlayer          - Stopping music com.almasb.fxgl.audio.Music@494cae18
13:01:52.251 [JavaFX Application Thread] DEBUG Menu                 - fireNewGame()
13:01:52.252 [JavaFX Application Thread] DEBUG GameApplicationServi - Starting new game
13:01:52.252 [JavaFX Application Thread] DEBUG PrimaryStageWindow   - Pop state: StartMenu
13:01:52.252 [JavaFX Application Thread] DEBUG Input                - Clearing active input actions
13:01:52.252 [JavaFX Application Thread] DEBUG GameApplicationServi - Removing overlay from StartMenu and adding to FXGLMainMenuDummyScene
13:01:52.252 [JavaFX Application Thread] DEBUG PrimaryStageWindow   - FXGLMainMenuDummyScene <- StartMenu
13:01:52.252 [JavaFX Application Thread] DEBUG Input                - Clearing active input actions
13:01:52.254 [JavaFX Application Thread] DEBUG GameApplicationServi - Removing overlay from FXGLMainMenuDummyScene and adding to FXGLLoadingScene
13:01:52.254 [JavaFX Application Thread] DEBUG PrimaryStageWindow   - FXGLMainMenuDummyScene -> FXGLLoadingScene
13:01:52.254 [JavaFX Application Thread] DEBUG GameApplicationServi - Clearing previous game
13:01:52.254 [JavaFX Application Thread] DEBUG GameScene            - Clearing game scene
13:01:52.254 [JavaFX Application Thread] DEBUG GameWorld            - Clearing game world
13:01:52.255 [JavaFX Application Thread] DEBUG PhysicsWorld         - Clearing physics world
13:01:52.255 [FXGL Background Thread 8 ] DEBUG FXGLApplication      - Initializing game
13:01:52.257 [FXGL Background Thread 8 ] WARN  TMXLevelLoader       - TiledMap generated from 1.8.4. Supported version: 1.4.2. Some features may not be parsed fully.
13:01:52.260 [FXGL Background Thread 8 ] DEBUG TMXLevelLoader       - Parsed TiledMap: file:/C:/Users/dschr/OneDrive%20-%20Hogeschool%20Leiden/School/IPOSE/Ninja-Gaiden/target/classes/assets/levels/act1-1.tmx
13:01:52.260 [FXGL Background Thread 8 ] DEBUG TMXLevelLoader       - Creating tile layer entities
13:01:52.260 [FXGL Background Thread 8 ] DEBUG TilesetLoader        - Loading view for layer layer
13:01:52.261 [FXGL Background Thread 8 ] DEBUG TilesetLoader        - Created buffer with size 3072.0x176.0
13:01:52.265 [FXGL Background Thread 8 ] DEBUG TMXLevelLoader       - Creating object layer entities
13:01:52.275 [FXGL Background Thread 8 ] DEBUG GameWorld            - Clearing removable entities
13:01:52.275 [FXGL Background Thread 8 ] DEBUG GameWorld            - Setting level: com.almasb.fxgl.entity.level.Level@6db4066c
13:01:52.276 [FXGL Background Thread 8 ] DEBUG AudioPlayer          - Playing music com.almasb.fxgl.audio.Music@494cae18
13:01:52.276 [FXGL Background Thread 8 ] WARN  FXGLAssetLoaderServi - Asset "/assets/sounds/test.wav" was not found!
13:01:52.276 [FXGL Background Thread 8 ] WARN  FXGLAssetLoaderServi - Failed to load SOUND
13:01:52.276 [FXGL Background Thread 8 ] INFO  FXGLApplication      - Game initialization took: 0,021 sec
13:01:52.276 [JavaFX Application Thread] DEBUG Input                - Clearing active input actions
13:01:52.280 [JavaFX Application Thread] DEBUG GameApplicationServi - Removing overlay from FXGLLoadingScene and adding to GameScene
13:01:52.280 [JavaFX Application Thread] DEBUG PrimaryStageWindow   - FXGLLoadingScene -> GameScene
13:02:48.572 [JavaFX Application Thread] DEBUG PrimaryStageWindow   - Push state: DialogSubScene
13:02:48.572 [JavaFX Application Thread] DEBUG Input                - Clearing active input actions
13:02:48.573 [JavaFX Application Thread] DEBUG GameApplicationServi - Removing overlay from GameScene and adding to DialogSubScene
13:02:48.573 [JavaFX Application Thread] DEBUG PrimaryStageWindow   - GameScene -> DialogSubScene
13:02:52.867 [JavaFX Application Thread] DEBUG PrimaryStageWindow   - Pop state: DialogSubScene
13:02:52.867 [JavaFX Application Thread] DEBUG Input                - Clearing active input actions
13:02:52.867 [JavaFX Application Thread] DEBUG GameApplicationServi - Removing overlay from DialogSubScene and adding to GameScene
13:02:52.867 [JavaFX Application Thread] DEBUG PrimaryStageWindow   - GameScene <- DialogSubScene
13:02:52.971 [JavaFX Application Thread] DEBUG Input                - Clearing active input actions
13:02:52.972 [JavaFX Application Thread] DEBUG GameApplicationServi - Removing overlay from GameScene and adding to FXGLMainMenuDummyScene
13:02:52.972 [JavaFX Application Thread] DEBUG PrimaryStageWindow   - GameScene -> FXGLMainMenuDummyScene
13:02:52.972 [JavaFX Application Thread] DEBUG PrimaryStageWindow   - Push state: StartMenu
13:02:52.972 [JavaFX Application Thread] DEBUG Input                - Clearing active input actions
13:02:52.973 [JavaFX Application Thread] DEBUG GameApplicationServi - Removing overlay from FXGLMainMenuDummyScene and adding to StartMenu
13:02:52.973 [JavaFX Application Thread] DEBUG PrimaryStageWindow   - FXGLMainMenuDummyScene -> StartMenu
13:02:52.973 [JavaFX Application Thread] DEBUG AudioPlayer          - Stopping music com.almasb.fxgl.audio.Music@494cae18
13:03:09.130 [JavaFX Application Thread] DEBUG Menu                 - fireNewGame()
13:03:09.130 [JavaFX Application Thread] DEBUG GameApplicationServi - Starting new game
13:03:09.130 [JavaFX Application Thread] DEBUG PrimaryStageWindow   - Pop state: StartMenu
13:03:09.130 [JavaFX Application Thread] DEBUG Input                - Clearing active input actions
13:03:09.130 [JavaFX Application Thread] DEBUG GameApplicationServi - Removing overlay from StartMenu and adding to FXGLMainMenuDummyScene
13:03:09.130 [JavaFX Application Thread] DEBUG PrimaryStageWindow   - FXGLMainMenuDummyScene <- StartMenu
13:03:09.130 [JavaFX Application Thread] DEBUG Input                - Clearing active input actions
13:03:09.132 [JavaFX Application Thread] DEBUG GameApplicationServi - Removing overlay from FXGLMainMenuDummyScene and adding to FXGLLoadingScene
13:03:09.132 [JavaFX Application Thread] DEBUG PrimaryStageWindow   - FXGLMainMenuDummyScene -> FXGLLoadingScene
13:03:09.132 [JavaFX Application Thread] DEBUG GameApplicationServi - Clearing previous game
13:03:09.132 [JavaFX Application Thread] DEBUG GameScene            - Clearing game scene
13:03:09.132 [JavaFX Application Thread] DEBUG GameWorld            - Clearing game world
13:03:09.133 [JavaFX Application Thread] DEBUG PhysicsWorld         - Clearing physics world
13:03:09.134 [FXGL Background Thread 9 ] DEBUG FXGLApplication      - Initializing game
13:03:09.136 [FXGL Background Thread 9 ] WARN  TMXLevelLoader       - TiledMap generated from 1.8.4. Supported version: 1.4.2. Some features may not be parsed fully.
13:03:09.138 [FXGL Background Thread 9 ] DEBUG TMXLevelLoader       - Parsed TiledMap: file:/C:/Users/dschr/OneDrive%20-%20Hogeschool%20Leiden/School/IPOSE/Ninja-Gaiden/target/classes/assets/levels/act1-1.tmx
13:03:09.138 [FXGL Background Thread 9 ] DEBUG TMXLevelLoader       - Creating tile layer entities
13:03:09.138 [FXGL Background Thread 9 ] DEBUG TilesetLoader        - Loading view for layer layer
13:03:09.140 [FXGL Background Thread 9 ] DEBUG TilesetLoader        - Created buffer with size 3072.0x176.0
13:03:09.143 [FXGL Background Thread 9 ] DEBUG TMXLevelLoader       - Creating object layer entities
13:03:09.152 [FXGL Background Thread 9 ] DEBUG GameWorld            - Clearing removable entities
13:03:09.152 [FXGL Background Thread 9 ] DEBUG GameWorld            - Setting level: com.almasb.fxgl.entity.level.Level@565ddad1
13:03:09.153 [FXGL Background Thread 9 ] DEBUG AudioPlayer          - Playing music com.almasb.fxgl.audio.Music@494cae18
13:03:09.154 [FXGL Background Thread 9 ] WARN  FXGLAssetLoaderServi - Asset "/assets/sounds/test.wav" was not found!
13:03:09.154 [FXGL Background Thread 9 ] WARN  FXGLAssetLoaderServi - Failed to load SOUND
13:03:09.154 [FXGL Background Thread 9 ] INFO  FXGLApplication      - Game initialization took: 0,020 sec
13:03:09.154 [JavaFX Application Thread] DEBUG Input                - Clearing active input actions
13:03:09.156 [JavaFX Application Thread] DEBUG GameApplicationServi - Removing overlay from FXGLLoadingScene and adding to GameScene
13:03:09.156 [JavaFX Application Thread] DEBUG PrimaryStageWindow   - FXGLLoadingScene -> GameScene
13:04:39.588 [JavaFX Application Thread] DEBUG PrimaryStageWindow   - Push state: DialogSubScene
13:04:39.588 [JavaFX Application Thread] DEBUG Input                - Clearing active input actions
13:04:39.588 [JavaFX Application Thread] DEBUG GameApplicationServi - Removing overlay from GameScene and adding to DialogSubScene
13:04:39.588 [JavaFX Application Thread] DEBUG PrimaryStageWindow   - GameScene -> DialogSubScene
13:04:48.703 [JavaFX Application Thread] DEBUG PrimaryStageWindow   - Pop state: DialogSubScene
13:04:48.703 [JavaFX Application Thread] DEBUG Input                - Clearing active input actions
13:04:48.703 [JavaFX Application Thread] DEBUG GameApplicationServi - Removing overlay from DialogSubScene and adding to GameScene
13:04:48.703 [JavaFX Application Thread] DEBUG PrimaryStageWindow   - GameScene <- DialogSubScene
13:04:48.804 [JavaFX Application Thread] DEBUG Input                - Clearing active input actions
13:04:48.805 [JavaFX Application Thread] DEBUG GameApplicationServi - Removing overlay from GameScene and adding to FXGLMainMenuDummyScene
13:04:48.805 [JavaFX Application Thread] DEBUG PrimaryStageWindow   - GameScene -> FXGLMainMenuDummyScene
13:04:48.805 [JavaFX Application Thread] DEBUG PrimaryStageWindow   - Push state: StartMenu
13:04:48.805 [JavaFX Application Thread] DEBUG Input                - Clearing active input actions
13:04:48.805 [JavaFX Application Thread] DEBUG GameApplicationServi - Removing overlay from FXGLMainMenuDummyScene and adding to StartMenu
13:04:48.805 [JavaFX Application Thread] DEBUG PrimaryStageWindow   - FXGLMainMenuDummyScene -> StartMenu
13:04:48.805 [JavaFX Application Thread] DEBUG AudioPlayer          - Stopping music com.almasb.fxgl.audio.Music@494cae18
13:04:53.571 [JavaFX Application Thread] DEBUG Menu                 - fireNewGame()
13:04:53.571 [JavaFX Application Thread] DEBUG GameApplicationServi - Starting new game
13:04:53.571 [JavaFX Application Thread] DEBUG PrimaryStageWindow   - Pop state: StartMenu
13:04:53.571 [JavaFX Application Thread] DEBUG Input                - Clearing active input actions
13:04:53.571 [JavaFX Application Thread] DEBUG GameApplicationServi - Removing overlay from StartMenu and adding to FXGLMainMenuDummyScene
13:04:53.572 [JavaFX Application Thread] DEBUG PrimaryStageWindow   - FXGLMainMenuDummyScene <- StartMenu
13:04:53.572 [JavaFX Application Thread] DEBUG Input                - Clearing active input actions
13:04:53.573 [JavaFX Application Thread] DEBUG GameApplicationServi - Removing overlay from FXGLMainMenuDummyScene and adding to FXGLLoadingScene
13:04:53.573 [JavaFX Application Thread] DEBUG PrimaryStageWindow   - FXGLMainMenuDummyScene -> FXGLLoadingScene
13:04:53.573 [JavaFX Application Thread] DEBUG GameApplicationServi - Clearing previous game
13:04:53.573 [JavaFX Application Thread] DEBUG GameScene            - Clearing game scene
13:04:53.573 [JavaFX Application Thread] DEBUG GameWorld            - Clearing game world
13:04:53.574 [JavaFX Application Thread] DEBUG PhysicsWorld         - Clearing physics world
13:04:53.574 [FXGL Background Thread 10] DEBUG FXGLApplication      - Initializing game
13:04:53.576 [FXGL Background Thread 10] WARN  TMXLevelLoader       - TiledMap generated from 1.8.4. Supported version: 1.4.2. Some features may not be parsed fully.
13:04:53.577 [FXGL Background Thread 10] DEBUG TMXLevelLoader       - Parsed TiledMap: file:/C:/Users/dschr/OneDrive%20-%20Hogeschool%20Leiden/School/IPOSE/Ninja-Gaiden/target/classes/assets/levels/act1-1.tmx
13:04:53.577 [FXGL Background Thread 10] DEBUG TMXLevelLoader       - Creating tile layer entities
13:04:53.577 [FXGL Background Thread 10] DEBUG TilesetLoader        - Loading view for layer layer
13:04:53.577 [FXGL Background Thread 10] DEBUG TilesetLoader        - Created buffer with size 3072.0x176.0
13:04:53.579 [FXGL Background Thread 10] DEBUG TMXLevelLoader       - Creating object layer entities
13:04:53.587 [FXGL Background Thread 10] DEBUG GameWorld            - Clearing removable entities
13:04:53.588 [FXGL Background Thread 10] DEBUG GameWorld            - Setting level: com.almasb.fxgl.entity.level.Level@5a625816
13:04:53.588 [FXGL Background Thread 10] DEBUG AudioPlayer          - Playing music com.almasb.fxgl.audio.Music@494cae18
13:04:53.589 [FXGL Background Thread 10] WARN  FXGLAssetLoaderServi - Asset "/assets/sounds/test.wav" was not found!
13:04:53.589 [FXGL Background Thread 10] WARN  FXGLAssetLoaderServi - Failed to load SOUND
13:04:53.589 [FXGL Background Thread 10] INFO  FXGLApplication      - Game initialization took: 0,015 sec
13:04:53.589 [JavaFX Application Thread] DEBUG Input                - Clearing active input actions
13:04:53.591 [JavaFX Application Thread] DEBUG GameApplicationServi - Removing overlay from FXGLLoadingScene and adding to GameScene
13:04:53.591 [JavaFX Application Thread] DEBUG PrimaryStageWindow   - FXGLLoadingScene -> GameScene
13:05:25.704 [JavaFX Application Thread] DEBUG PrimaryStageWindow   - Push state: DialogSubScene
13:05:25.704 [JavaFX Application Thread] DEBUG Input                - Clearing active input actions
13:05:25.705 [JavaFX Application Thread] DEBUG GameApplicationServi - Removing overlay from GameScene and adding to DialogSubScene
13:05:25.705 [JavaFX Application Thread] DEBUG PrimaryStageWindow   - GameScene -> DialogSubScene
13:05:32.073 [JavaFX Application Thread] DEBUG PrimaryStageWindow   - Pop state: DialogSubScene
13:05:32.074 [JavaFX Application Thread] DEBUG Input                - Clearing active input actions
13:05:32.074 [JavaFX Application Thread] DEBUG GameApplicationServi - Removing overlay from DialogSubScene and adding to GameScene
13:05:32.074 [JavaFX Application Thread] DEBUG PrimaryStageWindow   - GameScene <- DialogSubScene
13:05:32.188 [JavaFX Application Thread] DEBUG Input                - Clearing active input actions
13:05:32.189 [JavaFX Application Thread] DEBUG GameApplicationServi - Removing overlay from GameScene and adding to FXGLMainMenuDummyScene
13:05:32.190 [JavaFX Application Thread] DEBUG PrimaryStageWindow   - GameScene -> FXGLMainMenuDummyScene
13:05:32.190 [JavaFX Application Thread] DEBUG PrimaryStageWindow   - Push state: StartMenu
13:05:32.190 [JavaFX Application Thread] DEBUG Input                - Clearing active input actions
13:05:32.190 [JavaFX Application Thread] DEBUG GameApplicationServi - Removing overlay from FXGLMainMenuDummyScene and adding to StartMenu
13:05:32.190 [JavaFX Application Thread] DEBUG PrimaryStageWindow   - FXGLMainMenuDummyScene -> StartMenu
13:05:32.190 [JavaFX Application Thread] DEBUG AudioPlayer          - Stopping music com.almasb.fxgl.audio.Music@494cae18
13:06:44.740 [JavaFX Application Thread] DEBUG Menu                 - fireNewGame()
13:06:44.741 [JavaFX Application Thread] DEBUG GameApplicationServi - Starting new game
13:06:44.741 [JavaFX Application Thread] DEBUG PrimaryStageWindow   - Pop state: StartMenu
13:06:44.741 [JavaFX Application Thread] DEBUG Input                - Clearing active input actions
13:06:44.741 [JavaFX Application Thread] DEBUG GameApplicationServi - Removing overlay from StartMenu and adding to FXGLMainMenuDummyScene
13:06:44.741 [JavaFX Application Thread] DEBUG PrimaryStageWindow   - FXGLMainMenuDummyScene <- StartMenu
13:06:44.741 [JavaFX Application Thread] DEBUG Input                - Clearing active input actions
13:06:44.743 [JavaFX Application Thread] DEBUG GameApplicationServi - Removing overlay from FXGLMainMenuDummyScene and adding to FXGLLoadingScene
13:06:44.743 [JavaFX Application Thread] DEBUG PrimaryStageWindow   - FXGLMainMenuDummyScene -> FXGLLoadingScene
13:06:44.743 [JavaFX Application Thread] DEBUG GameApplicationServi - Clearing previous game
13:06:44.743 [JavaFX Application Thread] DEBUG GameScene            - Clearing game scene
13:06:44.743 [JavaFX Application Thread] DEBUG GameWorld            - Clearing game world
13:06:44.744 [JavaFX Application Thread] DEBUG PhysicsWorld         - Clearing physics world
13:06:44.744 [FXGL Background Thread 11] DEBUG FXGLApplication      - Initializing game
13:06:44.746 [FXGL Background Thread 11] WARN  TMXLevelLoader       - TiledMap generated from 1.8.4. Supported version: 1.4.2. Some features may not be parsed fully.
13:06:44.748 [FXGL Background Thread 11] DEBUG TMXLevelLoader       - Parsed TiledMap: file:/C:/Users/dschr/OneDrive%20-%20Hogeschool%20Leiden/School/IPOSE/Ninja-Gaiden/target/classes/assets/levels/act1-1.tmx
13:06:44.748 [FXGL Background Thread 11] DEBUG TMXLevelLoader       - Creating tile layer entities
13:06:44.748 [FXGL Background Thread 11] DEBUG TilesetLoader        - Loading view for layer layer
13:06:44.749 [FXGL Background Thread 11] DEBUG TilesetLoader        - Created buffer with size 3072.0x176.0
13:06:44.752 [FXGL Background Thread 11] DEBUG TMXLevelLoader       - Creating object layer entities
13:06:44.760 [FXGL Background Thread 11] DEBUG GameWorld            - Clearing removable entities
13:06:44.760 [FXGL Background Thread 11] DEBUG GameWorld            - Setting level: com.almasb.fxgl.entity.level.Level@60d3a61
13:06:44.761 [FXGL Background Thread 11] DEBUG AudioPlayer          - Playing music com.almasb.fxgl.audio.Music@494cae18
13:06:44.761 [FXGL Background Thread 11] WARN  FXGLAssetLoaderServi - Asset "/assets/sounds/test.wav" was not found!
13:06:44.761 [FXGL Background Thread 11] WARN  FXGLAssetLoaderServi - Failed to load SOUND
13:06:44.761 [FXGL Background Thread 11] INFO  FXGLApplication      - Game initialization took: 0,017 sec
13:06:44.762 [JavaFX Application Thread] DEBUG Input                - Clearing active input actions
13:06:44.764 [JavaFX Application Thread] DEBUG GameApplicationServi - Removing overlay from FXGLLoadingScene and adding to GameScene
13:06:44.765 [JavaFX Application Thread] DEBUG PrimaryStageWindow   - FXGLLoadingScene -> GameScene
13:07:43.987 [JavaFX Application Thread] DEBUG PrimaryStageWindow   - Push state: DialogSubScene
13:07:43.987 [JavaFX Application Thread] DEBUG Input                - Clearing active input actions
13:07:43.988 [JavaFX Application Thread] DEBUG GameApplicationServi - Removing overlay from GameScene and adding to DialogSubScene
13:07:43.988 [JavaFX Application Thread] DEBUG PrimaryStageWindow   - GameScene -> DialogSubScene
13:07:46.894 [JavaFX Application Thread] DEBUG PrimaryStageWindow   - Pop state: DialogSubScene
13:07:46.894 [JavaFX Application Thread] DEBUG Input                - Clearing active input actions
13:07:46.894 [JavaFX Application Thread] DEBUG GameApplicationServi - Removing overlay from DialogSubScene and adding to GameScene
13:07:46.894 [JavaFX Application Thread] DEBUG PrimaryStageWindow   - GameScene <- DialogSubScene
13:07:47.003 [JavaFX Application Thread] DEBUG Input                - Clearing active input actions
13:07:47.004 [JavaFX Application Thread] DEBUG GameApplicationServi - Removing overlay from GameScene and adding to FXGLMainMenuDummyScene
13:07:47.004 [JavaFX Application Thread] DEBUG PrimaryStageWindow   - GameScene -> FXGLMainMenuDummyScene
13:07:47.004 [JavaFX Application Thread] DEBUG PrimaryStageWindow   - Push state: StartMenu
13:07:47.004 [JavaFX Application Thread] DEBUG Input                - Clearing active input actions
13:07:47.005 [JavaFX Application Thread] DEBUG GameApplicationServi - Removing overlay from FXGLMainMenuDummyScene and adding to StartMenu
13:07:47.005 [JavaFX Application Thread] DEBUG PrimaryStageWindow   - FXGLMainMenuDummyScene -> StartMenu
13:07:47.005 [JavaFX Application Thread] DEBUG AudioPlayer          - Stopping music com.almasb.fxgl.audio.Music@494cae18
13:08:30.786 [JavaFX Application Thread] DEBUG Menu                 - fireNewGame()
13:08:30.786 [JavaFX Application Thread] DEBUG GameApplicationServi - Starting new game
13:08:30.786 [JavaFX Application Thread] DEBUG PrimaryStageWindow   - Pop state: StartMenu
13:08:30.786 [JavaFX Application Thread] DEBUG Input                - Clearing active input actions
13:08:30.787 [JavaFX Application Thread] DEBUG GameApplicationServi - Removing overlay from StartMenu and adding to FXGLMainMenuDummyScene
13:08:30.787 [JavaFX Application Thread] DEBUG PrimaryStageWindow   - FXGLMainMenuDummyScene <- StartMenu
13:08:30.787 [JavaFX Application Thread] DEBUG Input                - Clearing active input actions
13:08:30.788 [JavaFX Application Thread] DEBUG GameApplicationServi - Removing overlay from FXGLMainMenuDummyScene and adding to FXGLLoadingScene
13:08:30.788 [JavaFX Application Thread] DEBUG PrimaryStageWindow   - FXGLMainMenuDummyScene -> FXGLLoadingScene
13:08:30.788 [JavaFX Application Thread] DEBUG GameApplicationServi - Clearing previous game
13:08:30.789 [JavaFX Application Thread] DEBUG GameScene            - Clearing game scene
13:08:30.789 [JavaFX Application Thread] DEBUG GameWorld            - Clearing game world
13:08:30.789 [JavaFX Application Thread] DEBUG PhysicsWorld         - Clearing physics world
13:08:30.790 [FXGL Background Thread 12] DEBUG FXGLApplication      - Initializing game
13:08:30.792 [FXGL Background Thread 12] WARN  TMXLevelLoader       - TiledMap generated from 1.8.4. Supported version: 1.4.2. Some features may not be parsed fully.
13:08:30.793 [FXGL Background Thread 12] DEBUG TMXLevelLoader       - Parsed TiledMap: file:/C:/Users/dschr/OneDrive%20-%20Hogeschool%20Leiden/School/IPOSE/Ninja-Gaiden/target/classes/assets/levels/act1-1.tmx
13:08:30.793 [FXGL Background Thread 12] DEBUG TMXLevelLoader       - Creating tile layer entities
13:08:30.793 [FXGL Background Thread 12] DEBUG TilesetLoader        - Loading view for layer layer
13:08:30.794 [FXGL Background Thread 12] DEBUG TilesetLoader        - Created buffer with size 3072.0x176.0
13:08:30.796 [FXGL Background Thread 12] DEBUG TMXLevelLoader       - Creating object layer entities
13:08:30.804 [FXGL Background Thread 12] DEBUG GameWorld            - Clearing removable entities
13:08:30.804 [FXGL Background Thread 12] DEBUG GameWorld            - Setting level: com.almasb.fxgl.entity.level.Level@3f428bbe
13:08:30.805 [FXGL Background Thread 12] DEBUG AudioPlayer          - Playing music com.almasb.fxgl.audio.Music@494cae18
13:08:30.805 [FXGL Background Thread 12] WARN  FXGLAssetLoaderServi - Asset "/assets/sounds/test.wav" was not found!
13:08:30.805 [FXGL Background Thread 12] WARN  FXGLAssetLoaderServi - Failed to load SOUND
13:08:30.805 [FXGL Background Thread 12] INFO  FXGLApplication      - Game initialization took: 0,015 sec
13:08:30.805 [JavaFX Application Thread] DEBUG Input                - Clearing active input actions
13:08:30.807 [JavaFX Application Thread] DEBUG GameApplicationServi - Removing overlay from FXGLLoadingScene and adding to GameScene
13:08:30.807 [JavaFX Application Thread] DEBUG PrimaryStageWindow   - FXGLLoadingScene -> GameScene
13:10:24.019 [JavaFX Application Thread] DEBUG FXGLApplication      - Exiting FXGL
13:10:24.019 [JavaFX Application Thread] DEBUG LoopRunner           - Stopping loop
13:10:24.019 [JavaFX Application Thread] DEBUG SystemBundleService  - Saving FXGL system data
13:10:24.021 [JavaFX Application Thread] DEBUG FileSystemAccess     - Writing to: C:\Users\dschr\OneDrive - Hogeschool Leiden\School\IPOSE\Ninja-Gaiden\system\fxgl.bundle
13:10:24.022 [JavaFX Application Thread] DEBUG Async                - Shutting down background threads
13:10:24.022 [JavaFX Application Thread] DEBUG PrimaryStageWindow   - Closing main window
13:10:24.030 [JavaFX Application Thread] DEBUG Logger               - Closing Logger
