13:16:07.278 [main                     ] DEBUG Logger               - Configured Logger
13:16:07.306 [main                     ] DEBUG GameApplication      - Logging settings
Title: Ninja Gaiden
Version: 0.0
Width: 1600
Height: 900
Fullscreen: false
Intro: false
Profiling: false
Single step:false
App Mode: DEVELOPER
Menu Key: ESCAPE
Stage Style: DECORATED
Scene Factory: class io.huffman.ninjagaiden.UISceneFactory

13:16:07.683 [JavaFX Application Thread] DEBUG FXGLApplication      - Initializing FXGL
13:16:07.688 [JavaFX Application Thread] INFO  Engine               - FXGL-17.1 (24.03.2022 17.34) on WINDOWS (J:17.0.1 FX:18)
13:16:07.688 [JavaFX Application Thread] DEBUG Engine               - JRE Vendor Name: Oracle Corporation
13:16:07.688 [JavaFX Application Thread] DEBUG Engine               - Running on OS: Windows 10 version 10.0
13:16:07.688 [JavaFX Application Thread] DEBUG Engine               - Architecture: amd64
13:16:07.688 [JavaFX Application Thread] INFO  Engine               - Source code and latest versions at: https://github.com/AlmasB/FXGL
13:16:07.688 [JavaFX Application Thread] INFO  Engine               -       Ask questions and discuss at: https://github.com/AlmasB/FXGL/discussions
13:16:07.688 [JavaFX Application Thread] INFO  Engine               -              Join the FXGL chat at: https://gitter.im/AlmasB/FXGL
13:16:07.778 [JavaFX Application Thread] DEBUG PrimaryStageWindow   - Creating a JavaFX scene
13:16:07.815 [JavaFX Application Thread] DEBUG PrimaryStageWindow   - Target settings size: 1600.0 x 900.0
13:16:07.815 [JavaFX Application Thread] DEBUG PrimaryStageWindow   - Scaled scene size:    1600.0 x 900.0
13:16:07.815 [JavaFX Application Thread] DEBUG PrimaryStageWindow   - Scaled ratio: (1.0, 1.0)
13:16:07.816 [JavaFX Application Thread] DEBUG PrimaryStageWindow   - Set initial scene to FXGLStartupScene
13:16:07.824 [JavaFX Application Thread] DEBUG PrimaryStageWindow   - Opening main window
13:16:07.897 [JavaFX Application Thread] DEBUG PrimaryStageWindow   - Window border size: (14.6666259765625, 37.33331298828125)
13:16:07.897 [JavaFX Application Thread] DEBUG PrimaryStageWindow   - Scaled size: 1600.0 x 900.0
13:16:07.897 [JavaFX Application Thread] DEBUG PrimaryStageWindow   - Scaled ratio: (1.0, 1.0)
13:16:07.898 [JavaFX Application Thread] DEBUG PrimaryStageWindow   - Scene size: 1600.0 x 900.0
13:16:07.898 [JavaFX Application Thread] DEBUG PrimaryStageWindow   - Stage size: 1614.6666259765625 x 937.3333129882812
13:16:07.908 [FXGL Background Thread 1 ] DEBUG Engine               - Initializing environment variables
13:16:07.941 [FXGL Background Thread 1 ] DEBUG FXGLAssetLoaderServi - User app class for loading assets: class io.huffman.ninjagaiden.NinjaGaidenApp
13:16:07.942 [FXGL Background Thread 1 ] DEBUG GameApplicationServi - Applying CSS: fxgl_dark.css
13:16:07.943 [FXGL Background Thread 1 ] DEBUG FXGLAssetLoaderServi - Loading from file system: jar:file:/C:/Users/dschr/.m2/repository/com/github/almasb/fxgl/17.1/fxgl-17.1.jar!/fxglassets/ui/css/fxgl_dark.css
13:16:07.975 [FXGL Background Thread 1 ] DEBUG GameApplicationServi - Initializing application scenes
13:16:08.013 [FXGL Background Thread 1 ] DEBUG GameWorld            - Game world initialized
13:16:08.055 [FXGL Background Thread 1 ] DEBUG PhysicsWorld         - Physics world initialized: appHeight=900, physics.ppm=50,0
13:16:08.055 [FXGL Background Thread 1 ] DEBUG PhysicsWorld         - Using strategy: BRUTE_FORCE
13:16:08.060 [FXGL Background Thread 1 ] DEBUG GameScene            - Game scene initialized: 1600x900
13:16:08.120 [FXGL Background Thread 1 ] DEBUG GameApplicationServi - Application scenes initialized
13:16:08.138 [FXGL Background Thread 1 ] DEBUG SystemBundleService  - Loading FXGL system data
13:16:08.141 [FXGL Background Thread 1 ] DEBUG FileSystemAccess     - Reading from: C:\Users\dschr\OneDrive - Hogeschool Leiden\School\IPOSE\Ninja-Gaiden\system\fxgl.bundle
13:16:08.147 [FXGL Background Thread 1 ] DEBUG SystemBundleService  - Bundle FXGL: {}
13:16:08.147 [FXGL Background Thread 1 ] DEBUG UpdaterService       - Checking for updates
13:16:08.152 [FXGL Background Thread 4 ] DEBUG FXGLApplication      - Loading fonts
13:16:08.152 [FXGL Background Thread 4 ] DEBUG FXGLAssetLoaderServi - Loading from file system: file:/C:/Users/dschr/OneDrive%20-%20Hogeschool%20Leiden/School/IPOSE/Ninja-Gaiden/target/classes/assets/ui/fonts/ninja-font.ttf
13:16:08.158 [FXGL Background Thread 1 ] DEBUG FXGLApplication      - Loading default localization
13:16:08.159 [FXGL Background Thread 1 ] DEBUG FXGLAssetLoaderServi - Loading from file system: jar:file:/C:/Users/dschr/.m2/repository/com/github/almasb/fxgl/17.1/fxgl-17.1.jar!/fxglassets/languages/english.lang
13:16:08.188 [FXGL Background Thread 1 ] INFO  FXGLApplication      - FXGL initialization took: 0,280 sec
13:16:08.197 [JavaFX Application Thread] DEBUG Input                - Registered new binding: Left - A
13:16:08.197 [JavaFX Application Thread] DEBUG Input                - Registered new binding: Right - D
13:16:08.197 [JavaFX Application Thread] DEBUG Input                - Registered new binding: Down - S
13:16:08.197 [JavaFX Application Thread] DEBUG Input                - Registered new binding: Jump - W
13:16:08.198 [JavaFX Application Thread] DEBUG Input                - Registered new binding: Attack - F
13:16:08.198 [JavaFX Application Thread] DEBUG FXGLAssetLoaderServi - Loading from file system: file:/C:/Users/dschr/OneDrive%20-%20Hogeschool%20Leiden/School/IPOSE/Ninja-Gaiden/target/classes/assets/textures/logo.png
13:16:08.214 [FXGL Background Thread 4 ] DEBUG FXGLAssetLoaderServi - Loading from file system: jar:file:/C:/Users/dschr/.m2/repository/com/github/almasb/fxgl/17.1/fxgl-17.1.jar!/fxglassets/ui/fonts/Abel-Regular.ttf
13:16:08.218 [FXGL Background Thread 4 ] DEBUG FXGLAssetLoaderServi - Loading from file system: jar:file:/C:/Users/dschr/.m2/repository/com/github/almasb/fxgl/17.1/fxgl-17.1.jar!/fxglassets/ui/fonts/TerminalLandMono-Regular.otf
13:16:08.222 [FXGL Background Thread 4 ] DEBUG FXGLAssetLoaderServi - Loading from file system: jar:file:/C:/Users/dschr/.m2/repository/com/github/almasb/fxgl/17.1/fxgl-17.1.jar!/fxglassets/ui/fonts/Courier-Prime.ttf
13:16:08.239 [JavaFX Application Thread] DEBUG FXGLAssetLoaderServi - Loading from file system: jar:file:/C:/Users/dschr/.m2/repository/com/github/almasb/fxgl/17.1/fxgl-17.1.jar!/fxglassets/textures/fxgl_default_cursor.png
13:16:08.247 [JavaFX Application Thread] DEBUG Input                - Registered new binding: Screenshot - CTRL+8
13:16:08.248 [JavaFX Application Thread] DEBUG Input                - Registered new binding: System info dump - CTRL+9
13:16:08.249 [JavaFX Application Thread] DEBUG Input                - Registered new binding: Restart - CTRL+R
13:16:08.250 [JavaFX Application Thread] DEBUG Input                - Registered new binding: Toggle Debug Camera - CTRL+7
13:16:08.254 [JavaFX Application Thread] DEBUG LoopRunner           - Starting loop
13:16:08.255 [JavaFX Application Thread] DEBUG LoopRunner           - Initializing ScheduledExecutorLoop with fps: 60
13:16:08.260 [JavaFX Application Thread] DEBUG Input                - Clearing active input actions
13:16:08.266 [JavaFX Application Thread] DEBUG GameApplicationServi - Removing overlay from FXGLStartupScene and adding to FXGLMainMenuDummyScene
13:16:08.266 [JavaFX Application Thread] DEBUG PrimaryStageWindow   - FXGLStartupScene -> FXGLMainMenuDummyScene
13:16:08.266 [JavaFX Application Thread] DEBUG PrimaryStageWindow   - Push state: StartMenu
13:16:08.266 [JavaFX Application Thread] DEBUG Input                - Clearing active input actions
13:16:08.274 [JavaFX Application Thread] DEBUG GameApplicationServi - Removing overlay from FXGLMainMenuDummyScene and adding to StartMenu
13:16:08.274 [JavaFX Application Thread] DEBUG PrimaryStageWindow   - FXGLMainMenuDummyScene -> StartMenu
13:16:08.275 [JavaFX Application Thread] DEBUG FXGLApplication      - Registering font factories with UI factory
13:16:08.322 [FXGL Background Thread 2 ] WARN  UpdaterService       - Failed to find updates: java.net.BindException: Cannot assign requested address: connect
13:16:11.151 [FXGL Background Thread 3 ] DEBUG Engine               - Logging environment variables
13:16:11.151 [FXGL Background Thread 3 ] DEBUG Engine               - achievements: []
13:16:11.151 [FXGL Background Thread 3 ] DEBUG Engine               - actualHeight: 900.0
13:16:11.152 [FXGL Background Thread 3 ] DEBUG Engine               - actualHeightProperty: ReadOnlyDoubleProperty [value: 900.0]
13:16:11.152 [FXGL Background Thread 3 ] DEBUG Engine               - actualWidth: 1600.0
13:16:11.152 [FXGL Background Thread 3 ] DEBUG Engine               - actualWidthProperty: ReadOnlyDoubleProperty [value: 1600.0]
13:16:11.152 [FXGL Background Thread 3 ] DEBUG Engine               - appIcon: logo.png
13:16:11.152 [FXGL Background Thread 3 ] DEBUG Engine               - applicationMode: DEVELOPER
13:16:11.152 [FXGL Background Thread 3 ] DEBUG Engine               - cSSList: [fxgl_dark.css]
13:16:11.152 [FXGL Background Thread 3 ] DEBUG Engine               - collisionDetectionStrategy: BRUTE_FORCE
13:16:11.152 [FXGL Background Thread 3 ] DEBUG Engine               - configClass: Optional.empty
13:16:11.152 [FXGL Background Thread 3 ] DEBUG Engine               - credits: []
13:16:11.154 [FXGL Background Thread 3 ] DEBUG Engine               - defaultCursor: CursorInfo(imageName=fxgl_default_cursor.png, hotspotX=7.0, hotspotY=6.0)
13:16:11.154 [FXGL Background Thread 3 ] DEBUG Engine               - devBBoxColorProperty: ObjectProperty [value: 0xff0000ff]
13:16:11.154 [FXGL Background Thread 3 ] DEBUG Engine               - devEnableDebugCameraProperty: BooleanProperty [value: false]
13:16:11.154 [FXGL Background Thread 3 ] DEBUG Engine               - devSensorColorProperty: ObjectProperty [value: 0xffff00ff]
13:16:11.154 [FXGL Background Thread 3 ] DEBUG Engine               - devShowBBoxProperty: BooleanProperty [value: false]
13:16:11.154 [FXGL Background Thread 3 ] DEBUG Engine               - devShowPositionProperty: BooleanProperty [value: false]
13:16:11.154 [FXGL Background Thread 3 ] DEBUG Engine               - enabledMenuItems: []
13:16:11.154 [FXGL Background Thread 3 ] DEBUG Engine               - engineServices: [class com.almasb.fxgl.app.services.FXGLAssetLoaderService, class com.almasb.fxgl.app.FXGLApplication$GameApplicationService, class com.almasb.fxgl.app.services.FXGLDialogService, class com.almasb.fxgl.app.services.IOTaskExecutorService, class com.almasb.fxgl.io.FileSystemService, class com.almasb.fxgl.localization.LocalizationService, class com.almasb.fxgl.app.services.SystemBundleService, class com.almasb.fxgl.profile.SaveLoadService, class com.almasb.fxgl.ui.FXGLUIFactoryServiceProvider, class com.almasb.fxgl.ui.FXGLDialogFactoryServiceProvider, class com.almasb.fxgl.audio.AudioPlayer, class com.almasb.fxgl.notification.impl.NotificationServiceProvider, class com.almasb.fxgl.achievement.AchievementService, class com.almasb.fxgl.cutscene.CutsceneService, class com.almasb.fxgl.minigames.MiniGameService, class com.almasb.fxgl.net.NetService, class com.almasb.fxgl.app.services.UpdaterService, class com.almasb.fxgl.dev.DevService]
13:16:11.154 [FXGL Background Thread 3 ] DEBUG Engine               - fontGame: Abel-Regular.ttf
13:16:11.154 [FXGL Background Thread 3 ] DEBUG Engine               - fontMono: TerminalLandMono-Regular.otf
13:16:11.155 [FXGL Background Thread 3 ] DEBUG Engine               - fontText: Courier-Prime.ttf
13:16:11.155 [FXGL Background Thread 3 ] DEBUG Engine               - fontUI: ninja-font.ttf
13:16:11.155 [FXGL Background Thread 3 ] DEBUG Engine               - fullScreen: BooleanProperty [value: false]
13:16:11.155 [FXGL Background Thread 3 ] DEBUG Engine               - gameDifficulty: MEDIUM
13:16:11.155 [FXGL Background Thread 3 ] DEBUG Engine               - gameDifficultyProperty: ObjectProperty [value: MEDIUM]
13:16:11.155 [FXGL Background Thread 3 ] DEBUG Engine               - globalMusicVolume: 0.5
13:16:11.155 [FXGL Background Thread 3 ] DEBUG Engine               - globalMusicVolumeProperty: DoubleProperty [value: 0.5]
13:16:11.155 [FXGL Background Thread 3 ] DEBUG Engine               - globalSoundVolume: 0.5
13:16:11.155 [FXGL Background Thread 3 ] DEBUG Engine               - globalSoundVolumeProperty: DoubleProperty [value: 0.5]
13:16:11.155 [FXGL Background Thread 3 ] DEBUG Engine               - height: 900
13:16:11.155 [FXGL Background Thread 3 ] DEBUG Engine               - is3D: false
13:16:11.155 [FXGL Background Thread 3 ] DEBUG Engine               - isAndroid: false
13:16:11.155 [FXGL Background Thread 3 ] DEBUG Engine               - isBrowser: false
13:16:11.156 [FXGL Background Thread 3 ] DEBUG Engine               - isClickFeedbackEnabled: false
13:16:11.156 [FXGL Background Thread 3 ] DEBUG Engine               - isCloseConfirmation: false
13:16:11.156 [FXGL Background Thread 3 ] DEBUG Engine               - isDesktop: true
13:16:11.156 [FXGL Background Thread 3 ] DEBUG Engine               - isDeveloperMenuEnabled: false
13:16:11.156 [FXGL Background Thread 3 ] DEBUG Engine               - isEmbedded: false
13:16:11.156 [FXGL Background Thread 3 ] DEBUG Engine               - isEntityPreloadEnabled: true
13:16:11.156 [FXGL Background Thread 3 ] DEBUG Engine               - isExperimentalTiledLargeMap: false
13:16:11.156 [FXGL Background Thread 3 ] DEBUG Engine               - isFileSystemWriteAllowed: true
13:16:11.156 [FXGL Background Thread 3 ] DEBUG Engine               - isFullScreenAllowed: false
13:16:11.156 [FXGL Background Thread 3 ] DEBUG Engine               - isFullScreenFromStart: false
13:16:11.156 [FXGL Background Thread 3 ] DEBUG Engine               - isGameMenuEnabled: true
13:16:11.156 [FXGL Background Thread 3 ] DEBUG Engine               - isIOS: false
13:16:11.156 [FXGL Background Thread 3 ] DEBUG Engine               - isIntroEnabled: false
13:16:11.156 [FXGL Background Thread 3 ] DEBUG Engine               - isLinux: false
13:16:11.156 [FXGL Background Thread 3 ] DEBUG Engine               - isMac: false
13:16:11.156 [FXGL Background Thread 3 ] DEBUG Engine               - isMainMenuEnabled: true
13:16:11.156 [FXGL Background Thread 3 ] DEBUG Engine               - isManualResizeEnabled: false
13:16:11.157 [FXGL Background Thread 3 ] DEBUG Engine               - isMobile: false
13:16:11.157 [FXGL Background Thread 3 ] DEBUG Engine               - isNative: false
13:16:11.157 [FXGL Background Thread 3 ] DEBUG Engine               - isPauseMusicWhenMinimized: true
13:16:11.157 [FXGL Background Thread 3 ] DEBUG Engine               - isPreserveResizeRatio: false
13:16:11.157 [FXGL Background Thread 3 ] DEBUG Engine               - isProfilingEnabled: false
13:16:11.157 [FXGL Background Thread 3 ] DEBUG Engine               - isScaleAffectedOnResize: true
13:16:11.157 [FXGL Background Thread 3 ] DEBUG Engine               - isSingleStep: false
13:16:11.157 [FXGL Background Thread 3 ] DEBUG Engine               - isUserProfileEnabled: false
13:16:11.157 [FXGL Background Thread 3 ] DEBUG Engine               - isWindows: true
13:16:11.157 [FXGL Background Thread 3 ] DEBUG Engine               - language: ObjectProperty [value: ENGLISH]
13:16:11.157 [FXGL Background Thread 3 ] DEBUG Engine               - menuKey: ESCAPE
13:16:11.158 [FXGL Background Thread 3 ] DEBUG Engine               - mouseSensitivity: 0.2
13:16:11.158 [FXGL Background Thread 3 ] DEBUG Engine               - notificationViewClass: class com.almasb.fxgl.notification.view.XboxNotificationView
13:16:11.158 [FXGL Background Thread 3 ] DEBUG Engine               - pixelsPerMeter: 50.0
13:16:11.158 [FXGL Background Thread 3 ] DEBUG Engine               - platform: WINDOWS
13:16:11.158 [FXGL Background Thread 3 ] DEBUG Engine               - prefHeightProperty: ReadOnlyDoubleProperty [value: 900.0]
13:16:11.158 [FXGL Background Thread 3 ] DEBUG Engine               - prefWidthProperty: ReadOnlyDoubleProperty [value: 1600.0]
13:16:11.158 [FXGL Background Thread 3 ] DEBUG Engine               - profileDir: profiles/
13:16:11.158 [FXGL Background Thread 3 ] DEBUG Engine               - profileName: StringProperty [value: DEFAULT]
13:16:11.158 [FXGL Background Thread 3 ] DEBUG Engine               - randomSeed: -1
13:16:11.158 [FXGL Background Thread 3 ] DEBUG Engine               - runtimeInfo: RuntimeInfo(platform=WINDOWS, version=17.1, build=24.03.2022 17.34)
13:16:11.158 [FXGL Background Thread 3 ] DEBUG Engine               - saveFileExt: sav
13:16:11.158 [FXGL Background Thread 3 ] DEBUG Engine               - scaledHeightProp$fxgl: DoubleProperty [bound, value: 900.0]
13:16:11.159 [FXGL Background Thread 3 ] DEBUG Engine               - scaledWidthProp$fxgl: DoubleProperty [bound, value: 1600.0]
13:16:11.159 [FXGL Background Thread 3 ] DEBUG Engine               - sceneFactory: io.huffman.ninjagaiden.UISceneFactory@3cd6ff97
13:16:11.159 [FXGL Background Thread 3 ] DEBUG Engine               - secondsIn24h: 60
13:16:11.159 [FXGL Background Thread 3 ] DEBUG Engine               - soundMenuBack: menu/back.wav
13:16:11.159 [FXGL Background Thread 3 ] DEBUG Engine               - soundMenuPress: menu/press.wav
13:16:11.159 [FXGL Background Thread 3 ] DEBUG Engine               - soundMenuSelect: menu/select.wav
13:16:11.159 [FXGL Background Thread 3 ] DEBUG Engine               - soundNotification: core/notification.wav
13:16:11.159 [FXGL Background Thread 3 ] DEBUG Engine               - stageStyle: DECORATED
13:16:11.159 [FXGL Background Thread 3 ] DEBUG Engine               - supportedLanguages: [ENGLISH, FRENCH, GERMAN, HUNGARIAN, RUSSIAN]
13:16:11.159 [FXGL Background Thread 3 ] DEBUG Engine               - ticksPerSecond: 60
13:16:11.159 [FXGL Background Thread 3 ] DEBUG Engine               - title: Ninja Gaiden
13:16:11.159 [FXGL Background Thread 3 ] DEBUG Engine               - urlGithub: https://github.com/AlmasB/FXGL
13:16:11.159 [FXGL Background Thread 3 ] DEBUG Engine               - urlLeaderboard: http://fxgl-top.herokuapp.com/
13:16:11.159 [FXGL Background Thread 3 ] DEBUG Engine               - urlPOM: https://raw.githubusercontent.com/AlmasB/FXGL/release/README.md
13:16:11.159 [FXGL Background Thread 3 ] DEBUG Engine               - userAppClass: class io.huffman.ninjagaiden.NinjaGaidenApp
13:16:11.159 [FXGL Background Thread 3 ] DEBUG Engine               - version: 0.0
13:16:11.160 [FXGL Background Thread 3 ] DEBUG Engine               - versionCheckDays: 7
13:16:11.160 [FXGL Background Thread 3 ] DEBUG Engine               - width: 1600
13:16:11.160 [FXGL Background Thread 3 ] DEBUG Engine               - Logging services
13:16:11.160 [FXGL Background Thread 3 ] DEBUG Engine               - class com.almasb.fxgl.app.services.FXGLAssetLoaderService
13:16:11.160 [FXGL Background Thread 3 ] DEBUG Engine               - class com.almasb.fxgl.app.FXGLApplication$GameApplicationService
13:16:11.160 [FXGL Background Thread 3 ] DEBUG Engine               - class com.almasb.fxgl.app.services.FXGLDialogService
13:16:11.160 [FXGL Background Thread 3 ] DEBUG Engine               - class com.almasb.fxgl.app.services.IOTaskExecutorService
13:16:11.160 [FXGL Background Thread 3 ] DEBUG Engine               - class com.almasb.fxgl.io.FileSystemService
13:16:11.160 [FXGL Background Thread 3 ] DEBUG Engine               - class com.almasb.fxgl.localization.LocalizationService
13:16:11.160 [FXGL Background Thread 3 ] DEBUG Engine               - class com.almasb.fxgl.app.services.SystemBundleService
13:16:11.160 [FXGL Background Thread 3 ] DEBUG Engine               - class com.almasb.fxgl.profile.SaveLoadService
13:16:11.160 [FXGL Background Thread 3 ] DEBUG Engine               - class com.almasb.fxgl.ui.FXGLUIFactoryServiceProvider
13:16:11.160 [FXGL Background Thread 3 ] DEBUG Engine               - class com.almasb.fxgl.ui.FXGLDialogFactoryServiceProvider
13:16:11.160 [FXGL Background Thread 3 ] DEBUG Engine               - class com.almasb.fxgl.audio.AudioPlayer
13:16:11.160 [FXGL Background Thread 3 ] DEBUG Engine               - class com.almasb.fxgl.notification.impl.NotificationServiceProvider
13:16:11.160 [FXGL Background Thread 3 ] DEBUG Engine               - class com.almasb.fxgl.achievement.AchievementService
13:16:11.160 [FXGL Background Thread 3 ] DEBUG Engine               - class com.almasb.fxgl.cutscene.CutsceneService
13:16:11.160 [FXGL Background Thread 3 ] DEBUG Engine               - class com.almasb.fxgl.minigames.MiniGameService
13:16:11.160 [FXGL Background Thread 3 ] DEBUG Engine               - class com.almasb.fxgl.net.NetService
13:16:11.160 [FXGL Background Thread 3 ] DEBUG Engine               - class com.almasb.fxgl.app.services.UpdaterService
13:16:11.160 [FXGL Background Thread 3 ] DEBUG Engine               - class com.almasb.fxgl.dev.DevService
13:18:43.272 [JavaFX Application Thread] DEBUG Menu                 - fireNewGame()
13:18:43.272 [JavaFX Application Thread] DEBUG GameApplicationServi - Starting new game
13:18:43.273 [JavaFX Application Thread] DEBUG PrimaryStageWindow   - Pop state: StartMenu
13:18:43.273 [JavaFX Application Thread] DEBUG Input                - Clearing active input actions
13:18:43.273 [JavaFX Application Thread] DEBUG GameApplicationServi - Removing overlay from StartMenu and adding to FXGLMainMenuDummyScene
13:18:43.274 [JavaFX Application Thread] DEBUG PrimaryStageWindow   - FXGLMainMenuDummyScene <- StartMenu
13:18:43.274 [JavaFX Application Thread] DEBUG Input                - Clearing active input actions
13:18:43.277 [JavaFX Application Thread] DEBUG GameApplicationServi - Removing overlay from FXGLMainMenuDummyScene and adding to FXGLLoadingScene
13:18:43.277 [JavaFX Application Thread] DEBUG PrimaryStageWindow   - FXGLMainMenuDummyScene -> FXGLLoadingScene
13:18:43.277 [JavaFX Application Thread] DEBUG GameApplicationServi - Clearing previous game
13:18:43.277 [JavaFX Application Thread] DEBUG GameScene            - Clearing game scene
13:18:43.277 [JavaFX Application Thread] DEBUG GameWorld            - Clearing game world
13:18:43.277 [JavaFX Application Thread] DEBUG PhysicsWorld         - Clearing physics world
13:18:43.279 [FXGL Background Thread 5 ] DEBUG FXGLApplication      - Initializing game
13:18:43.308 [FXGL Background Thread 5 ] WARN  TMXLevelLoader       - TiledMap generated from 1.8.4. Supported version: 1.4.2. Some features may not be parsed fully.
13:18:43.321 [FXGL Background Thread 5 ] DEBUG TMXLevelLoader       - Parsed TiledMap: file:/C:/Users/dschr/OneDrive%20-%20Hogeschool%20Leiden/School/IPOSE/Ninja-Gaiden/target/classes/assets/levels/act1-1.tmx
13:18:43.322 [FXGL Background Thread 5 ] DEBUG TMXLevelLoader       - Creating tile layer entities
13:18:43.323 [FXGL Background Thread 5 ] DEBUG TilesetLoader        - Loading view for layer layer
13:18:43.325 [FXGL Background Thread 5 ] DEBUG TilesetLoader        - Created buffer with size 3072.0x176.0
13:18:43.341 [FXGL Background Thread 5 ] DEBUG TMXLevelLoader       - Creating object layer entities
13:18:43.369 [FXGL Background Thread 5 ] DEBUG FXGLAssetLoaderServi - Loading from file system: file:/C:/Users/dschr/OneDrive%20-%20Hogeschool%20Leiden/School/IPOSE/Ninja-Gaiden/target/classes/assets/textures/idle.png
13:18:43.372 [FXGL Background Thread 5 ] DEBUG FXGLAssetLoaderServi - Loading from file system: file:/C:/Users/dschr/OneDrive%20-%20Hogeschool%20Leiden/School/IPOSE/Ninja-Gaiden/target/classes/assets/textures/walk.png
13:18:43.374 [FXGL Background Thread 5 ] DEBUG FXGLAssetLoaderServi - Loading from file system: file:/C:/Users/dschr/OneDrive%20-%20Hogeschool%20Leiden/School/IPOSE/Ninja-Gaiden/target/classes/assets/textures/jump.png
13:18:43.376 [FXGL Background Thread 5 ] DEBUG FXGLAssetLoaderServi - Loading from file system: file:/C:/Users/dschr/OneDrive%20-%20Hogeschool%20Leiden/School/IPOSE/Ninja-Gaiden/target/classes/assets/textures/duck.png
13:18:43.377 [FXGL Background Thread 5 ] DEBUG FXGLAssetLoaderServi - Loading from file system: file:/C:/Users/dschr/OneDrive%20-%20Hogeschool%20Leiden/School/IPOSE/Ninja-Gaiden/target/classes/assets/textures/attack.png
13:18:43.389 [FXGL Background Thread 5 ] DEBUG FXGLAssetLoaderServi - Loading from file system: file:/C:/Users/dschr/OneDrive%20-%20Hogeschool%20Leiden/School/IPOSE/Ninja-Gaiden/target/classes/assets/textures/bikerwalk.png
13:18:43.413 [FXGL Background Thread 5 ] DEBUG GameWorld            - Clearing removable entities
13:18:43.414 [FXGL Background Thread 5 ] DEBUG GameWorld            - Setting level: com.almasb.fxgl.entity.level.Level@58bb6435
13:18:43.432 [FXGL Background Thread 5 ] DEBUG FXGLAssetLoaderServi - Loading from file system: file:/C:/Users/dschr/OneDrive%20-%20Hogeschool%20Leiden/School/IPOSE/Ninja-Gaiden/target/classes/assets/music/test.wav
13:18:44.017 [FXGL Background Thread 5 ] DEBUG AudioPlayer          - Playing music com.almasb.fxgl.audio.Music@6dc6e5fa
13:18:44.019 [FXGL Background Thread 5 ] WARN  FXGLAssetLoaderServi - Asset "/assets/sounds/test.wav" was not found!
13:18:44.019 [FXGL Background Thread 5 ] WARN  FXGLAssetLoaderServi - Failed to load SOUND
13:18:44.021 [FXGL Background Thread 5 ] INFO  FXGLApplication      - Game initialization took: 0,741 sec
13:18:44.021 [JavaFX Application Thread] DEBUG Input                - Clearing active input actions
13:18:44.026 [JavaFX Application Thread] DEBUG GameApplicationServi - Removing overlay from FXGLLoadingScene and adding to GameScene
13:18:44.026 [JavaFX Application Thread] DEBUG PrimaryStageWindow   - FXGLLoadingScene -> GameScene
13:19:31.731 [JavaFX Application Thread] DEBUG PrimaryStageWindow   - Push state: DialogSubScene
13:19:31.732 [JavaFX Application Thread] DEBUG Input                - Clearing active input actions
13:19:31.733 [JavaFX Application Thread] DEBUG GameApplicationServi - Removing overlay from GameScene and adding to DialogSubScene
13:19:31.733 [JavaFX Application Thread] DEBUG PrimaryStageWindow   - GameScene -> DialogSubScene
13:19:37.634 [JavaFX Application Thread] DEBUG PrimaryStageWindow   - Pop state: DialogSubScene
13:19:37.635 [JavaFX Application Thread] DEBUG Input                - Clearing active input actions
13:19:37.635 [JavaFX Application Thread] DEBUG GameApplicationServi - Removing overlay from DialogSubScene and adding to GameScene
13:19:37.635 [JavaFX Application Thread] DEBUG PrimaryStageWindow   - GameScene <- DialogSubScene
13:19:37.743 [JavaFX Application Thread] DEBUG Input                - Clearing active input actions
13:19:37.746 [JavaFX Application Thread] DEBUG GameApplicationServi - Removing overlay from GameScene and adding to FXGLMainMenuDummyScene
13:19:37.746 [JavaFX Application Thread] DEBUG PrimaryStageWindow   - GameScene -> FXGLMainMenuDummyScene
13:19:37.746 [JavaFX Application Thread] DEBUG PrimaryStageWindow   - Push state: StartMenu
13:19:37.746 [JavaFX Application Thread] DEBUG Input                - Clearing active input actions
13:19:37.746 [JavaFX Application Thread] DEBUG GameApplicationServi - Removing overlay from FXGLMainMenuDummyScene and adding to StartMenu
13:19:37.746 [JavaFX Application Thread] DEBUG PrimaryStageWindow   - FXGLMainMenuDummyScene -> StartMenu
13:19:37.747 [JavaFX Application Thread] DEBUG AudioPlayer          - Stopping music com.almasb.fxgl.audio.Music@6dc6e5fa
13:21:27.286 [JavaFX Application Thread] DEBUG Menu                 - fireNewGame()
13:21:27.286 [JavaFX Application Thread] DEBUG GameApplicationServi - Starting new game
13:21:27.286 [JavaFX Application Thread] DEBUG PrimaryStageWindow   - Pop state: StartMenu
13:21:27.286 [JavaFX Application Thread] DEBUG Input                - Clearing active input actions
13:21:27.287 [JavaFX Application Thread] DEBUG GameApplicationServi - Removing overlay from StartMenu and adding to FXGLMainMenuDummyScene
13:21:27.287 [JavaFX Application Thread] DEBUG PrimaryStageWindow   - FXGLMainMenuDummyScene <- StartMenu
13:21:27.287 [JavaFX Application Thread] DEBUG Input                - Clearing active input actions
13:21:27.289 [JavaFX Application Thread] DEBUG GameApplicationServi - Removing overlay from FXGLMainMenuDummyScene and adding to FXGLLoadingScene
13:21:27.289 [JavaFX Application Thread] DEBUG PrimaryStageWindow   - FXGLMainMenuDummyScene -> FXGLLoadingScene
13:21:27.289 [JavaFX Application Thread] DEBUG GameApplicationServi - Clearing previous game
13:21:27.289 [JavaFX Application Thread] DEBUG GameScene            - Clearing game scene
13:21:27.289 [JavaFX Application Thread] DEBUG GameWorld            - Clearing game world
13:21:27.290 [JavaFX Application Thread] DEBUG PhysicsWorld         - Clearing physics world
13:21:27.291 [FXGL Background Thread 6 ] DEBUG FXGLApplication      - Initializing game
13:21:27.292 [FXGL Background Thread 6 ] WARN  TMXLevelLoader       - TiledMap generated from 1.8.4. Supported version: 1.4.2. Some features may not be parsed fully.
13:21:27.297 [FXGL Background Thread 6 ] DEBUG TMXLevelLoader       - Parsed TiledMap: file:/C:/Users/dschr/OneDrive%20-%20Hogeschool%20Leiden/School/IPOSE/Ninja-Gaiden/target/classes/assets/levels/act1-1.tmx
13:21:27.297 [FXGL Background Thread 6 ] DEBUG TMXLevelLoader       - Creating tile layer entities
13:21:27.297 [FXGL Background Thread 6 ] DEBUG TilesetLoader        - Loading view for layer layer
13:21:27.298 [FXGL Background Thread 6 ] DEBUG TilesetLoader        - Created buffer with size 3072.0x176.0
13:21:27.305 [FXGL Background Thread 6 ] DEBUG TMXLevelLoader       - Creating object layer entities
13:21:27.321 [FXGL Background Thread 6 ] DEBUG GameWorld            - Clearing removable entities
13:21:27.321 [FXGL Background Thread 6 ] DEBUG GameWorld            - Setting level: com.almasb.fxgl.entity.level.Level@6285e810
13:21:27.324 [FXGL Background Thread 6 ] DEBUG AudioPlayer          - Playing music com.almasb.fxgl.audio.Music@6dc6e5fa
13:21:27.324 [FXGL Background Thread 6 ] WARN  FXGLAssetLoaderServi - Asset "/assets/sounds/test.wav" was not found!
13:21:27.324 [FXGL Background Thread 6 ] WARN  FXGLAssetLoaderServi - Failed to load SOUND
13:21:27.325 [FXGL Background Thread 6 ] INFO  FXGLApplication      - Game initialization took: 0,034 sec
13:21:27.326 [JavaFX Application Thread] DEBUG Input                - Clearing active input actions
13:21:27.327 [JavaFX Application Thread] DEBUG GameApplicationServi - Removing overlay from FXGLLoadingScene and adding to GameScene
13:21:27.328 [JavaFX Application Thread] DEBUG PrimaryStageWindow   - FXGLLoadingScene -> GameScene
13:22:23.127 [JavaFX Application Thread] DEBUG PrimaryStageWindow   - Push state: DialogSubScene
13:22:23.127 [JavaFX Application Thread] DEBUG Input                - Clearing active input actions
13:22:23.127 [JavaFX Application Thread] DEBUG GameApplicationServi - Removing overlay from GameScene and adding to DialogSubScene
13:22:23.127 [JavaFX Application Thread] DEBUG PrimaryStageWindow   - GameScene -> DialogSubScene
13:22:29.520 [JavaFX Application Thread] DEBUG PrimaryStageWindow   - Pop state: DialogSubScene
13:22:29.520 [JavaFX Application Thread] DEBUG Input                - Clearing active input actions
13:22:29.520 [JavaFX Application Thread] DEBUG GameApplicationServi - Removing overlay from DialogSubScene and adding to GameScene
13:22:29.520 [JavaFX Application Thread] DEBUG PrimaryStageWindow   - GameScene <- DialogSubScene
13:22:29.627 [JavaFX Application Thread] DEBUG Input                - Clearing active input actions
13:22:29.629 [JavaFX Application Thread] DEBUG GameApplicationServi - Removing overlay from GameScene and adding to FXGLMainMenuDummyScene
13:22:29.629 [JavaFX Application Thread] DEBUG PrimaryStageWindow   - GameScene -> FXGLMainMenuDummyScene
13:22:29.629 [JavaFX Application Thread] DEBUG PrimaryStageWindow   - Push state: StartMenu
13:22:29.629 [JavaFX Application Thread] DEBUG Input                - Clearing active input actions
13:22:29.629 [JavaFX Application Thread] DEBUG GameApplicationServi - Removing overlay from FXGLMainMenuDummyScene and adding to StartMenu
13:22:29.629 [JavaFX Application Thread] DEBUG PrimaryStageWindow   - FXGLMainMenuDummyScene -> StartMenu
13:22:29.629 [JavaFX Application Thread] DEBUG AudioPlayer          - Stopping music com.almasb.fxgl.audio.Music@6dc6e5fa
13:22:45.995 [JavaFX Application Thread] DEBUG Menu                 - fireNewGame()
13:22:45.995 [JavaFX Application Thread] DEBUG GameApplicationServi - Starting new game
13:22:45.995 [JavaFX Application Thread] DEBUG PrimaryStageWindow   - Pop state: StartMenu
13:22:45.995 [JavaFX Application Thread] DEBUG Input                - Clearing active input actions
13:22:45.995 [JavaFX Application Thread] DEBUG GameApplicationServi - Removing overlay from StartMenu and adding to FXGLMainMenuDummyScene
13:22:45.995 [JavaFX Application Thread] DEBUG PrimaryStageWindow   - FXGLMainMenuDummyScene <- StartMenu
13:22:45.995 [JavaFX Application Thread] DEBUG Input                - Clearing active input actions
13:22:45.997 [JavaFX Application Thread] DEBUG GameApplicationServi - Removing overlay from FXGLMainMenuDummyScene and adding to FXGLLoadingScene
13:22:45.997 [JavaFX Application Thread] DEBUG PrimaryStageWindow   - FXGLMainMenuDummyScene -> FXGLLoadingScene
13:22:45.997 [JavaFX Application Thread] DEBUG GameApplicationServi - Clearing previous game
13:22:45.997 [JavaFX Application Thread] DEBUG GameScene            - Clearing game scene
13:22:45.997 [JavaFX Application Thread] DEBUG GameWorld            - Clearing game world
13:22:45.999 [JavaFX Application Thread] DEBUG PhysicsWorld         - Clearing physics world
13:22:45.999 [FXGL Background Thread 7 ] DEBUG FXGLApplication      - Initializing game
13:22:46.001 [FXGL Background Thread 7 ] WARN  TMXLevelLoader       - TiledMap generated from 1.8.4. Supported version: 1.4.2. Some features may not be parsed fully.
13:22:46.005 [FXGL Background Thread 7 ] DEBUG TMXLevelLoader       - Parsed TiledMap: file:/C:/Users/dschr/OneDrive%20-%20Hogeschool%20Leiden/School/IPOSE/Ninja-Gaiden/target/classes/assets/levels/act1-1.tmx
13:22:46.005 [FXGL Background Thread 7 ] DEBUG TMXLevelLoader       - Creating tile layer entities
13:22:46.005 [FXGL Background Thread 7 ] DEBUG TilesetLoader        - Loading view for layer layer
13:22:46.007 [FXGL Background Thread 7 ] DEBUG TilesetLoader        - Created buffer with size 3072.0x176.0
13:22:46.012 [FXGL Background Thread 7 ] DEBUG TMXLevelLoader       - Creating object layer entities
13:22:46.023 [FXGL Background Thread 7 ] DEBUG GameWorld            - Clearing removable entities
13:22:46.023 [FXGL Background Thread 7 ] DEBUG GameWorld            - Setting level: com.almasb.fxgl.entity.level.Level@43037adf
13:22:46.025 [FXGL Background Thread 7 ] DEBUG AudioPlayer          - Playing music com.almasb.fxgl.audio.Music@6dc6e5fa
13:22:46.025 [FXGL Background Thread 7 ] WARN  FXGLAssetLoaderServi - Asset "/assets/sounds/test.wav" was not found!
13:22:46.025 [FXGL Background Thread 7 ] WARN  FXGLAssetLoaderServi - Failed to load SOUND
13:22:46.026 [FXGL Background Thread 7 ] INFO  FXGLApplication      - Game initialization took: 0,027 sec
13:22:46.026 [JavaFX Application Thread] DEBUG Input                - Clearing active input actions
13:22:46.028 [JavaFX Application Thread] DEBUG GameApplicationServi - Removing overlay from FXGLLoadingScene and adding to GameScene
13:22:46.028 [JavaFX Application Thread] DEBUG PrimaryStageWindow   - FXGLLoadingScene -> GameScene
13:24:41.427 [JavaFX Application Thread] DEBUG PrimaryStageWindow   - Push state: DialogSubScene
13:24:41.427 [JavaFX Application Thread] DEBUG Input                - Clearing active input actions
13:24:41.427 [JavaFX Application Thread] DEBUG GameApplicationServi - Removing overlay from GameScene and adding to DialogSubScene
13:24:41.428 [JavaFX Application Thread] DEBUG PrimaryStageWindow   - GameScene -> DialogSubScene
13:24:48.759 [JavaFX Application Thread] DEBUG PrimaryStageWindow   - Pop state: DialogSubScene
13:24:48.759 [JavaFX Application Thread] DEBUG Input                - Clearing active input actions
13:24:48.760 [JavaFX Application Thread] DEBUG GameApplicationServi - Removing overlay from DialogSubScene and adding to GameScene
13:24:48.760 [JavaFX Application Thread] DEBUG PrimaryStageWindow   - GameScene <- DialogSubScene
13:24:48.860 [JavaFX Application Thread] DEBUG Input                - Clearing active input actions
13:24:48.862 [JavaFX Application Thread] DEBUG GameApplicationServi - Removing overlay from GameScene and adding to FXGLMainMenuDummyScene
13:24:48.862 [JavaFX Application Thread] DEBUG PrimaryStageWindow   - GameScene -> FXGLMainMenuDummyScene
13:24:48.862 [JavaFX Application Thread] DEBUG PrimaryStageWindow   - Push state: StartMenu
13:24:48.862 [JavaFX Application Thread] DEBUG Input                - Clearing active input actions
13:24:48.862 [JavaFX Application Thread] DEBUG GameApplicationServi - Removing overlay from FXGLMainMenuDummyScene and adding to StartMenu
13:24:48.862 [JavaFX Application Thread] DEBUG PrimaryStageWindow   - FXGLMainMenuDummyScene -> StartMenu
13:24:48.862 [JavaFX Application Thread] DEBUG AudioPlayer          - Stopping music com.almasb.fxgl.audio.Music@6dc6e5fa
13:24:52.265 [JavaFX Application Thread] DEBUG Menu                 - fireNewGame()
13:24:52.265 [JavaFX Application Thread] DEBUG GameApplicationServi - Starting new game
13:24:52.266 [JavaFX Application Thread] DEBUG PrimaryStageWindow   - Pop state: StartMenu
13:24:52.266 [JavaFX Application Thread] DEBUG Input                - Clearing active input actions
13:24:52.266 [JavaFX Application Thread] DEBUG GameApplicationServi - Removing overlay from StartMenu and adding to FXGLMainMenuDummyScene
13:24:52.266 [JavaFX Application Thread] DEBUG PrimaryStageWindow   - FXGLMainMenuDummyScene <- StartMenu
13:24:52.266 [JavaFX Application Thread] DEBUG Input                - Clearing active input actions
13:24:52.267 [JavaFX Application Thread] DEBUG GameApplicationServi - Removing overlay from FXGLMainMenuDummyScene and adding to FXGLLoadingScene
13:24:52.269 [JavaFX Application Thread] DEBUG PrimaryStageWindow   - FXGLMainMenuDummyScene -> FXGLLoadingScene
13:24:52.269 [JavaFX Application Thread] DEBUG GameApplicationServi - Clearing previous game
13:24:52.269 [JavaFX Application Thread] DEBUG GameScene            - Clearing game scene
13:24:52.269 [JavaFX Application Thread] DEBUG GameWorld            - Clearing game world
13:24:52.269 [JavaFX Application Thread] DEBUG PhysicsWorld         - Clearing physics world
13:24:52.269 [FXGL Background Thread 8 ] DEBUG FXGLApplication      - Initializing game
13:24:52.271 [FXGL Background Thread 8 ] WARN  TMXLevelLoader       - TiledMap generated from 1.8.4. Supported version: 1.4.2. Some features may not be parsed fully.
13:24:52.275 [FXGL Background Thread 8 ] DEBUG TMXLevelLoader       - Parsed TiledMap: file:/C:/Users/dschr/OneDrive%20-%20Hogeschool%20Leiden/School/IPOSE/Ninja-Gaiden/target/classes/assets/levels/act1-1.tmx
13:24:52.275 [FXGL Background Thread 8 ] DEBUG TMXLevelLoader       - Creating tile layer entities
13:24:52.275 [FXGL Background Thread 8 ] DEBUG TilesetLoader        - Loading view for layer layer
13:24:52.275 [FXGL Background Thread 8 ] DEBUG TilesetLoader        - Created buffer with size 3072.0x176.0
13:24:52.279 [FXGL Background Thread 8 ] DEBUG TMXLevelLoader       - Creating object layer entities
13:24:52.288 [FXGL Background Thread 8 ] DEBUG GameWorld            - Clearing removable entities
13:24:52.288 [FXGL Background Thread 8 ] DEBUG GameWorld            - Setting level: com.almasb.fxgl.entity.level.Level@2ff182c4
13:24:52.289 [FXGL Background Thread 8 ] DEBUG AudioPlayer          - Playing music com.almasb.fxgl.audio.Music@6dc6e5fa
13:24:52.290 [FXGL Background Thread 8 ] WARN  FXGLAssetLoaderServi - Asset "/assets/sounds/test.wav" was not found!
13:24:52.290 [FXGL Background Thread 8 ] WARN  FXGLAssetLoaderServi - Failed to load SOUND
13:24:52.291 [FXGL Background Thread 8 ] INFO  FXGLApplication      - Game initialization took: 0,022 sec
13:24:52.291 [JavaFX Application Thread] DEBUG Input                - Clearing active input actions
13:24:52.294 [JavaFX Application Thread] DEBUG GameApplicationServi - Removing overlay from FXGLLoadingScene and adding to GameScene
13:24:52.294 [JavaFX Application Thread] DEBUG PrimaryStageWindow   - FXGLLoadingScene -> GameScene
13:25:25.377 [JavaFX Application Thread] DEBUG PrimaryStageWindow   - Push state: DialogSubScene
13:25:25.377 [JavaFX Application Thread] DEBUG Input                - Clearing active input actions
13:25:25.377 [JavaFX Application Thread] DEBUG GameApplicationServi - Removing overlay from GameScene and adding to DialogSubScene
13:25:25.378 [JavaFX Application Thread] DEBUG PrimaryStageWindow   - GameScene -> DialogSubScene
13:25:27.558 [JavaFX Application Thread] DEBUG PrimaryStageWindow   - Pop state: DialogSubScene
13:25:27.558 [JavaFX Application Thread] DEBUG Input                - Clearing active input actions
13:25:27.558 [JavaFX Application Thread] DEBUG GameApplicationServi - Removing overlay from DialogSubScene and adding to GameScene
13:25:27.558 [JavaFX Application Thread] DEBUG PrimaryStageWindow   - GameScene <- DialogSubScene
13:25:27.659 [JavaFX Application Thread] DEBUG Input                - Clearing active input actions
13:25:27.660 [JavaFX Application Thread] DEBUG GameApplicationServi - Removing overlay from GameScene and adding to FXGLMainMenuDummyScene
13:25:27.660 [JavaFX Application Thread] DEBUG PrimaryStageWindow   - GameScene -> FXGLMainMenuDummyScene
13:25:27.660 [JavaFX Application Thread] DEBUG PrimaryStageWindow   - Push state: StartMenu
13:25:27.660 [JavaFX Application Thread] DEBUG Input                - Clearing active input actions
13:25:27.660 [JavaFX Application Thread] DEBUG GameApplicationServi - Removing overlay from FXGLMainMenuDummyScene and adding to StartMenu
13:25:27.662 [JavaFX Application Thread] DEBUG PrimaryStageWindow   - FXGLMainMenuDummyScene -> StartMenu
13:25:27.662 [JavaFX Application Thread] DEBUG AudioPlayer          - Stopping music com.almasb.fxgl.audio.Music@6dc6e5fa
13:25:47.909 [JavaFX Application Thread] DEBUG Menu                 - fireNewGame()
13:25:47.909 [JavaFX Application Thread] DEBUG GameApplicationServi - Starting new game
13:25:47.909 [JavaFX Application Thread] DEBUG PrimaryStageWindow   - Pop state: StartMenu
13:25:47.909 [JavaFX Application Thread] DEBUG Input                - Clearing active input actions
13:25:47.909 [JavaFX Application Thread] DEBUG GameApplicationServi - Removing overlay from StartMenu and adding to FXGLMainMenuDummyScene
13:25:47.909 [JavaFX Application Thread] DEBUG PrimaryStageWindow   - FXGLMainMenuDummyScene <- StartMenu
13:25:47.910 [JavaFX Application Thread] DEBUG Input                - Clearing active input actions
13:25:47.911 [JavaFX Application Thread] DEBUG GameApplicationServi - Removing overlay from FXGLMainMenuDummyScene and adding to FXGLLoadingScene
13:25:47.911 [JavaFX Application Thread] DEBUG PrimaryStageWindow   - FXGLMainMenuDummyScene -> FXGLLoadingScene
13:25:47.911 [JavaFX Application Thread] DEBUG GameApplicationServi - Clearing previous game
13:25:47.911 [JavaFX Application Thread] DEBUG GameScene            - Clearing game scene
13:25:47.911 [JavaFX Application Thread] DEBUG GameWorld            - Clearing game world
13:25:47.912 [JavaFX Application Thread] DEBUG PhysicsWorld         - Clearing physics world
13:25:47.913 [FXGL Background Thread 8 ] DEBUG FXGLApplication      - Initializing game
13:25:47.914 [FXGL Background Thread 8 ] WARN  TMXLevelLoader       - TiledMap generated from 1.8.4. Supported version: 1.4.2. Some features may not be parsed fully.
13:25:47.916 [FXGL Background Thread 8 ] DEBUG TMXLevelLoader       - Parsed TiledMap: file:/C:/Users/dschr/OneDrive%20-%20Hogeschool%20Leiden/School/IPOSE/Ninja-Gaiden/target/classes/assets/levels/act1-1.tmx
13:25:47.916 [FXGL Background Thread 8 ] DEBUG TMXLevelLoader       - Creating tile layer entities
13:25:47.916 [FXGL Background Thread 8 ] DEBUG TilesetLoader        - Loading view for layer layer
13:25:47.917 [FXGL Background Thread 8 ] DEBUG TilesetLoader        - Created buffer with size 3072.0x176.0
13:25:47.920 [FXGL Background Thread 8 ] DEBUG TMXLevelLoader       - Creating object layer entities
13:25:47.930 [FXGL Background Thread 8 ] DEBUG GameWorld            - Clearing removable entities
13:25:47.930 [FXGL Background Thread 8 ] DEBUG GameWorld            - Setting level: com.almasb.fxgl.entity.level.Level@2d39a5d8
13:25:47.931 [FXGL Background Thread 8 ] DEBUG AudioPlayer          - Playing music com.almasb.fxgl.audio.Music@6dc6e5fa
13:25:47.931 [FXGL Background Thread 8 ] WARN  FXGLAssetLoaderServi - Asset "/assets/sounds/test.wav" was not found!
13:25:47.932 [FXGL Background Thread 8 ] WARN  FXGLAssetLoaderServi - Failed to load SOUND
13:25:47.932 [FXGL Background Thread 8 ] INFO  FXGLApplication      - Game initialization took: 0,019 sec
13:25:47.933 [JavaFX Application Thread] DEBUG Input                - Clearing active input actions
13:25:47.934 [JavaFX Application Thread] DEBUG GameApplicationServi - Removing overlay from FXGLLoadingScene and adding to GameScene
13:25:47.935 [JavaFX Application Thread] DEBUG PrimaryStageWindow   - FXGLLoadingScene -> GameScene
13:27:02.959 [JavaFX Application Thread] DEBUG PrimaryStageWindow   - Push state: DialogSubScene
13:27:02.959 [JavaFX Application Thread] DEBUG Input                - Clearing active input actions
13:27:02.961 [JavaFX Application Thread] DEBUG GameApplicationServi - Removing overlay from GameScene and adding to DialogSubScene
13:27:02.961 [JavaFX Application Thread] DEBUG PrimaryStageWindow   - GameScene -> DialogSubScene
13:27:05.850 [JavaFX Application Thread] DEBUG PrimaryStageWindow   - Pop state: DialogSubScene
13:27:05.850 [JavaFX Application Thread] DEBUG Input                - Clearing active input actions
13:27:05.851 [JavaFX Application Thread] DEBUG GameApplicationServi - Removing overlay from DialogSubScene and adding to GameScene
13:27:05.851 [JavaFX Application Thread] DEBUG PrimaryStageWindow   - GameScene <- DialogSubScene
13:27:05.960 [JavaFX Application Thread] DEBUG Input                - Clearing active input actions
13:27:05.961 [JavaFX Application Thread] DEBUG GameApplicationServi - Removing overlay from GameScene and adding to FXGLMainMenuDummyScene
13:27:05.961 [JavaFX Application Thread] DEBUG PrimaryStageWindow   - GameScene -> FXGLMainMenuDummyScene
13:27:05.962 [JavaFX Application Thread] DEBUG PrimaryStageWindow   - Push state: StartMenu
13:27:05.962 [JavaFX Application Thread] DEBUG Input                - Clearing active input actions
13:27:05.962 [JavaFX Application Thread] DEBUG GameApplicationServi - Removing overlay from FXGLMainMenuDummyScene and adding to StartMenu
13:27:05.962 [JavaFX Application Thread] DEBUG PrimaryStageWindow   - FXGLMainMenuDummyScene -> StartMenu
13:27:05.962 [JavaFX Application Thread] DEBUG AudioPlayer          - Stopping music com.almasb.fxgl.audio.Music@6dc6e5fa
13:27:26.940 [JavaFX Application Thread] DEBUG Menu                 - fireNewGame()
13:27:26.941 [JavaFX Application Thread] DEBUG GameApplicationServi - Starting new game
13:27:26.941 [JavaFX Application Thread] DEBUG PrimaryStageWindow   - Pop state: StartMenu
13:27:26.941 [JavaFX Application Thread] DEBUG Input                - Clearing active input actions
13:27:26.941 [JavaFX Application Thread] DEBUG GameApplicationServi - Removing overlay from StartMenu and adding to FXGLMainMenuDummyScene
13:27:26.941 [JavaFX Application Thread] DEBUG PrimaryStageWindow   - FXGLMainMenuDummyScene <- StartMenu
13:27:26.941 [JavaFX Application Thread] DEBUG Input                - Clearing active input actions
13:27:26.942 [JavaFX Application Thread] DEBUG GameApplicationServi - Removing overlay from FXGLMainMenuDummyScene and adding to FXGLLoadingScene
13:27:26.942 [JavaFX Application Thread] DEBUG PrimaryStageWindow   - FXGLMainMenuDummyScene -> FXGLLoadingScene
13:27:26.942 [JavaFX Application Thread] DEBUG GameApplicationServi - Clearing previous game
13:27:26.942 [JavaFX Application Thread] DEBUG GameScene            - Clearing game scene
13:27:26.942 [JavaFX Application Thread] DEBUG GameWorld            - Clearing game world
13:27:26.943 [JavaFX Application Thread] DEBUG PhysicsWorld         - Clearing physics world
13:27:26.944 [FXGL Background Thread 9 ] DEBUG FXGLApplication      - Initializing game
13:27:26.945 [FXGL Background Thread 9 ] WARN  TMXLevelLoader       - TiledMap generated from 1.8.4. Supported version: 1.4.2. Some features may not be parsed fully.
13:27:26.948 [FXGL Background Thread 9 ] DEBUG TMXLevelLoader       - Parsed TiledMap: file:/C:/Users/dschr/OneDrive%20-%20Hogeschool%20Leiden/School/IPOSE/Ninja-Gaiden/target/classes/assets/levels/act1-1.tmx
13:27:26.948 [FXGL Background Thread 9 ] DEBUG TMXLevelLoader       - Creating tile layer entities
13:27:26.948 [FXGL Background Thread 9 ] DEBUG TilesetLoader        - Loading view for layer layer
13:27:26.950 [FXGL Background Thread 9 ] DEBUG TilesetLoader        - Created buffer with size 3072.0x176.0
13:27:26.953 [FXGL Background Thread 9 ] DEBUG TMXLevelLoader       - Creating object layer entities
13:27:26.963 [FXGL Background Thread 9 ] DEBUG GameWorld            - Clearing removable entities
13:27:26.963 [FXGL Background Thread 9 ] DEBUG GameWorld            - Setting level: com.almasb.fxgl.entity.level.Level@5a5426f1
13:27:26.964 [FXGL Background Thread 9 ] DEBUG AudioPlayer          - Playing music com.almasb.fxgl.audio.Music@6dc6e5fa
13:27:26.965 [FXGL Background Thread 9 ] WARN  FXGLAssetLoaderServi - Asset "/assets/sounds/test.wav" was not found!
13:27:26.965 [FXGL Background Thread 9 ] WARN  FXGLAssetLoaderServi - Failed to load SOUND
13:27:26.965 [FXGL Background Thread 9 ] INFO  FXGLApplication      - Game initialization took: 0,021 sec
13:27:26.965 [JavaFX Application Thread] DEBUG Input                - Clearing active input actions
13:27:26.967 [JavaFX Application Thread] DEBUG GameApplicationServi - Removing overlay from FXGLLoadingScene and adding to GameScene
13:27:26.967 [JavaFX Application Thread] DEBUG PrimaryStageWindow   - FXGLLoadingScene -> GameScene
13:28:09.860 [JavaFX Application Thread] DEBUG PrimaryStageWindow   - Push state: DialogSubScene
13:28:09.861 [JavaFX Application Thread] DEBUG Input                - Clearing active input actions
13:28:09.862 [JavaFX Application Thread] DEBUG GameApplicationServi - Removing overlay from GameScene and adding to DialogSubScene
13:28:09.862 [JavaFX Application Thread] DEBUG PrimaryStageWindow   - GameScene -> DialogSubScene
13:28:15.669 [JavaFX Application Thread] DEBUG PrimaryStageWindow   - Pop state: DialogSubScene
13:28:15.669 [JavaFX Application Thread] DEBUG Input                - Clearing active input actions
13:28:15.669 [JavaFX Application Thread] DEBUG GameApplicationServi - Removing overlay from DialogSubScene and adding to GameScene
13:28:15.670 [JavaFX Application Thread] DEBUG PrimaryStageWindow   - GameScene <- DialogSubScene
13:28:15.776 [JavaFX Application Thread] DEBUG Input                - Clearing active input actions
13:28:15.778 [JavaFX Application Thread] DEBUG GameApplicationServi - Removing overlay from GameScene and adding to FXGLMainMenuDummyScene
13:28:15.778 [JavaFX Application Thread] DEBUG PrimaryStageWindow   - GameScene -> FXGLMainMenuDummyScene
13:28:15.778 [JavaFX Application Thread] DEBUG PrimaryStageWindow   - Push state: StartMenu
13:28:15.778 [JavaFX Application Thread] DEBUG Input                - Clearing active input actions
13:28:15.779 [JavaFX Application Thread] DEBUG GameApplicationServi - Removing overlay from FXGLMainMenuDummyScene and adding to StartMenu
13:28:15.779 [JavaFX Application Thread] DEBUG PrimaryStageWindow   - FXGLMainMenuDummyScene -> StartMenu
13:28:15.779 [JavaFX Application Thread] DEBUG AudioPlayer          - Stopping music com.almasb.fxgl.audio.Music@6dc6e5fa
13:28:17.016 [JavaFX Application Thread] DEBUG Menu                 - fireNewGame()
13:28:17.016 [JavaFX Application Thread] DEBUG GameApplicationServi - Starting new game
13:28:17.016 [JavaFX Application Thread] DEBUG PrimaryStageWindow   - Pop state: StartMenu
13:28:17.016 [JavaFX Application Thread] DEBUG Input                - Clearing active input actions
13:28:17.016 [JavaFX Application Thread] DEBUG GameApplicationServi - Removing overlay from StartMenu and adding to FXGLMainMenuDummyScene
13:28:17.016 [JavaFX Application Thread] DEBUG PrimaryStageWindow   - FXGLMainMenuDummyScene <- StartMenu
13:28:17.016 [JavaFX Application Thread] DEBUG Input                - Clearing active input actions
13:28:17.019 [JavaFX Application Thread] DEBUG GameApplicationServi - Removing overlay from FXGLMainMenuDummyScene and adding to FXGLLoadingScene
13:28:17.019 [JavaFX Application Thread] DEBUG PrimaryStageWindow   - FXGLMainMenuDummyScene -> FXGLLoadingScene
13:28:17.019 [JavaFX Application Thread] DEBUG GameApplicationServi - Clearing previous game
13:28:17.019 [JavaFX Application Thread] DEBUG GameScene            - Clearing game scene
13:28:17.019 [JavaFX Application Thread] DEBUG GameWorld            - Clearing game world
13:28:17.019 [JavaFX Application Thread] DEBUG PhysicsWorld         - Clearing physics world
13:28:17.020 [FXGL Background Thread 9 ] DEBUG FXGLApplication      - Initializing game
13:28:17.020 [FXGL Background Thread 9 ] WARN  TMXLevelLoader       - TiledMap generated from 1.8.4. Supported version: 1.4.2. Some features may not be parsed fully.
13:28:17.024 [FXGL Background Thread 9 ] DEBUG TMXLevelLoader       - Parsed TiledMap: file:/C:/Users/dschr/OneDrive%20-%20Hogeschool%20Leiden/School/IPOSE/Ninja-Gaiden/target/classes/assets/levels/act1-1.tmx
13:28:17.024 [FXGL Background Thread 9 ] DEBUG TMXLevelLoader       - Creating tile layer entities
13:28:17.024 [FXGL Background Thread 9 ] DEBUG TilesetLoader        - Loading view for layer layer
13:28:17.025 [FXGL Background Thread 9 ] DEBUG TilesetLoader        - Created buffer with size 3072.0x176.0
13:28:17.028 [FXGL Background Thread 9 ] DEBUG TMXLevelLoader       - Creating object layer entities
13:28:17.036 [FXGL Background Thread 9 ] DEBUG GameWorld            - Clearing removable entities
13:28:17.036 [FXGL Background Thread 9 ] DEBUG GameWorld            - Setting level: com.almasb.fxgl.entity.level.Level@7a5ce167
13:28:17.036 [FXGL Background Thread 9 ] DEBUG AudioPlayer          - Playing music com.almasb.fxgl.audio.Music@6dc6e5fa
13:28:17.037 [FXGL Background Thread 9 ] WARN  FXGLAssetLoaderServi - Asset "/assets/sounds/test.wav" was not found!
13:28:17.037 [FXGL Background Thread 9 ] WARN  FXGLAssetLoaderServi - Failed to load SOUND
13:28:17.038 [FXGL Background Thread 9 ] INFO  FXGLApplication      - Game initialization took: 0,017 sec
13:28:17.038 [JavaFX Application Thread] DEBUG Input                - Clearing active input actions
13:28:17.039 [JavaFX Application Thread] DEBUG GameApplicationServi - Removing overlay from FXGLLoadingScene and adding to GameScene
13:28:17.039 [JavaFX Application Thread] DEBUG PrimaryStageWindow   - FXGLLoadingScene -> GameScene
13:29:21.392 [JavaFX Application Thread] DEBUG PrimaryStageWindow   - Push state: DialogSubScene
13:29:21.392 [JavaFX Application Thread] DEBUG Input                - Clearing active input actions
13:29:21.394 [JavaFX Application Thread] DEBUG GameApplicationServi - Removing overlay from GameScene and adding to DialogSubScene
13:29:21.394 [JavaFX Application Thread] DEBUG PrimaryStageWindow   - GameScene -> DialogSubScene
13:29:24.023 [JavaFX Application Thread] DEBUG PrimaryStageWindow   - Pop state: DialogSubScene
13:29:24.023 [JavaFX Application Thread] DEBUG Input                - Clearing active input actions
13:29:24.025 [JavaFX Application Thread] DEBUG GameApplicationServi - Removing overlay from DialogSubScene and adding to GameScene
13:29:24.025 [JavaFX Application Thread] DEBUG PrimaryStageWindow   - GameScene <- DialogSubScene
13:29:24.127 [JavaFX Application Thread] DEBUG Input                - Clearing active input actions
13:29:24.128 [JavaFX Application Thread] DEBUG GameApplicationServi - Removing overlay from GameScene and adding to FXGLMainMenuDummyScene
13:29:24.128 [JavaFX Application Thread] DEBUG PrimaryStageWindow   - GameScene -> FXGLMainMenuDummyScene
13:29:24.128 [JavaFX Application Thread] DEBUG PrimaryStageWindow   - Push state: StartMenu
13:29:24.128 [JavaFX Application Thread] DEBUG Input                - Clearing active input actions
13:29:24.128 [JavaFX Application Thread] DEBUG GameApplicationServi - Removing overlay from FXGLMainMenuDummyScene and adding to StartMenu
13:29:24.128 [JavaFX Application Thread] DEBUG PrimaryStageWindow   - FXGLMainMenuDummyScene -> StartMenu
13:29:24.128 [JavaFX Application Thread] DEBUG AudioPlayer          - Stopping music com.almasb.fxgl.audio.Music@6dc6e5fa
13:29:28.004 [JavaFX Application Thread] DEBUG Menu                 - fireNewGame()
13:29:28.004 [JavaFX Application Thread] DEBUG GameApplicationServi - Starting new game
13:29:28.004 [JavaFX Application Thread] DEBUG PrimaryStageWindow   - Pop state: StartMenu
13:29:28.004 [JavaFX Application Thread] DEBUG Input                - Clearing active input actions
13:29:28.004 [JavaFX Application Thread] DEBUG GameApplicationServi - Removing overlay from StartMenu and adding to FXGLMainMenuDummyScene
13:29:28.004 [JavaFX Application Thread] DEBUG PrimaryStageWindow   - FXGLMainMenuDummyScene <- StartMenu
13:29:28.004 [JavaFX Application Thread] DEBUG Input                - Clearing active input actions
13:29:28.006 [JavaFX Application Thread] DEBUG GameApplicationServi - Removing overlay from FXGLMainMenuDummyScene and adding to FXGLLoadingScene
13:29:28.006 [JavaFX Application Thread] DEBUG PrimaryStageWindow   - FXGLMainMenuDummyScene -> FXGLLoadingScene
13:29:28.006 [JavaFX Application Thread] DEBUG GameApplicationServi - Clearing previous game
13:29:28.006 [JavaFX Application Thread] DEBUG GameScene            - Clearing game scene
13:29:28.006 [JavaFX Application Thread] DEBUG GameWorld            - Clearing game world
13:29:28.006 [JavaFX Application Thread] DEBUG PhysicsWorld         - Clearing physics world
13:29:28.007 [FXGL Background Thread 10] DEBUG FXGLApplication      - Initializing game
13:29:28.008 [FXGL Background Thread 10] WARN  TMXLevelLoader       - TiledMap generated from 1.8.4. Supported version: 1.4.2. Some features may not be parsed fully.
13:29:28.010 [FXGL Background Thread 10] DEBUG TMXLevelLoader       - Parsed TiledMap: file:/C:/Users/dschr/OneDrive%20-%20Hogeschool%20Leiden/School/IPOSE/Ninja-Gaiden/target/classes/assets/levels/act1-1.tmx
13:29:28.010 [FXGL Background Thread 10] DEBUG TMXLevelLoader       - Creating tile layer entities
13:29:28.011 [FXGL Background Thread 10] DEBUG TilesetLoader        - Loading view for layer layer
13:29:28.012 [FXGL Background Thread 10] DEBUG TilesetLoader        - Created buffer with size 3072.0x176.0
13:29:28.015 [FXGL Background Thread 10] DEBUG TMXLevelLoader       - Creating object layer entities
13:29:28.026 [FXGL Background Thread 10] DEBUG GameWorld            - Clearing removable entities
13:29:28.026 [FXGL Background Thread 10] DEBUG GameWorld            - Setting level: com.almasb.fxgl.entity.level.Level@8679f6e
13:29:28.027 [FXGL Background Thread 10] DEBUG AudioPlayer          - Playing music com.almasb.fxgl.audio.Music@6dc6e5fa
13:29:28.027 [FXGL Background Thread 10] WARN  FXGLAssetLoaderServi - Asset "/assets/sounds/test.wav" was not found!
13:29:28.027 [FXGL Background Thread 10] WARN  FXGLAssetLoaderServi - Failed to load SOUND
13:29:28.027 [FXGL Background Thread 10] INFO  FXGLApplication      - Game initialization took: 0,021 sec
13:29:28.030 [JavaFX Application Thread] DEBUG Input                - Clearing active input actions
13:29:28.032 [JavaFX Application Thread] DEBUG GameApplicationServi - Removing overlay from FXGLLoadingScene and adding to GameScene
13:29:28.032 [JavaFX Application Thread] DEBUG PrimaryStageWindow   - FXGLLoadingScene -> GameScene
13:30:07.077 [JavaFX Application Thread] DEBUG PrimaryStageWindow   - Push state: DialogSubScene
13:30:07.077 [JavaFX Application Thread] DEBUG Input                - Clearing active input actions
13:30:07.078 [JavaFX Application Thread] DEBUG GameApplicationServi - Removing overlay from GameScene and adding to DialogSubScene
13:30:07.078 [JavaFX Application Thread] DEBUG PrimaryStageWindow   - GameScene -> DialogSubScene
13:30:09.267 [JavaFX Application Thread] DEBUG PrimaryStageWindow   - Pop state: DialogSubScene
13:30:09.267 [JavaFX Application Thread] DEBUG Input                - Clearing active input actions
13:30:09.267 [JavaFX Application Thread] DEBUG GameApplicationServi - Removing overlay from DialogSubScene and adding to GameScene
13:30:09.267 [JavaFX Application Thread] DEBUG PrimaryStageWindow   - GameScene <- DialogSubScene
13:30:09.376 [JavaFX Application Thread] DEBUG Input                - Clearing active input actions
13:30:09.378 [JavaFX Application Thread] DEBUG GameApplicationServi - Removing overlay from GameScene and adding to FXGLMainMenuDummyScene
13:30:09.378 [JavaFX Application Thread] DEBUG PrimaryStageWindow   - GameScene -> FXGLMainMenuDummyScene
13:30:09.378 [JavaFX Application Thread] DEBUG PrimaryStageWindow   - Push state: StartMenu
13:30:09.378 [JavaFX Application Thread] DEBUG Input                - Clearing active input actions
13:30:09.378 [JavaFX Application Thread] DEBUG GameApplicationServi - Removing overlay from FXGLMainMenuDummyScene and adding to StartMenu
13:30:09.378 [JavaFX Application Thread] DEBUG PrimaryStageWindow   - FXGLMainMenuDummyScene -> StartMenu
13:30:09.378 [JavaFX Application Thread] DEBUG AudioPlayer          - Stopping music com.almasb.fxgl.audio.Music@6dc6e5fa
13:30:24.394 [JavaFX Application Thread] DEBUG Menu                 - fireNewGame()
13:30:24.394 [JavaFX Application Thread] DEBUG GameApplicationServi - Starting new game
13:30:24.394 [JavaFX Application Thread] DEBUG PrimaryStageWindow   - Pop state: StartMenu
13:30:24.394 [JavaFX Application Thread] DEBUG Input                - Clearing active input actions
13:30:24.394 [JavaFX Application Thread] DEBUG GameApplicationServi - Removing overlay from StartMenu and adding to FXGLMainMenuDummyScene
13:30:24.394 [JavaFX Application Thread] DEBUG PrimaryStageWindow   - FXGLMainMenuDummyScene <- StartMenu
13:30:24.394 [JavaFX Application Thread] DEBUG Input                - Clearing active input actions
13:30:24.396 [JavaFX Application Thread] DEBUG GameApplicationServi - Removing overlay from FXGLMainMenuDummyScene and adding to FXGLLoadingScene
13:30:24.396 [JavaFX Application Thread] DEBUG PrimaryStageWindow   - FXGLMainMenuDummyScene -> FXGLLoadingScene
13:30:24.396 [JavaFX Application Thread] DEBUG GameApplicationServi - Clearing previous game
13:30:24.396 [JavaFX Application Thread] DEBUG GameScene            - Clearing game scene
13:30:24.396 [JavaFX Application Thread] DEBUG GameWorld            - Clearing game world
13:30:24.396 [JavaFX Application Thread] DEBUG PhysicsWorld         - Clearing physics world
13:30:24.397 [FXGL Background Thread 10] DEBUG FXGLApplication      - Initializing game
13:30:24.397 [FXGL Background Thread 10] WARN  TMXLevelLoader       - TiledMap generated from 1.8.4. Supported version: 1.4.2. Some features may not be parsed fully.
13:30:24.400 [FXGL Background Thread 10] DEBUG TMXLevelLoader       - Parsed TiledMap: file:/C:/Users/dschr/OneDrive%20-%20Hogeschool%20Leiden/School/IPOSE/Ninja-Gaiden/target/classes/assets/levels/act1-1.tmx
13:30:24.400 [FXGL Background Thread 10] DEBUG TMXLevelLoader       - Creating tile layer entities
13:30:24.400 [FXGL Background Thread 10] DEBUG TilesetLoader        - Loading view for layer layer
13:30:24.402 [FXGL Background Thread 10] DEBUG TilesetLoader        - Created buffer with size 3072.0x176.0
13:30:24.406 [FXGL Background Thread 10] DEBUG TMXLevelLoader       - Creating object layer entities
13:30:24.417 [FXGL Background Thread 10] DEBUG GameWorld            - Clearing removable entities
13:30:24.417 [FXGL Background Thread 10] DEBUG GameWorld            - Setting level: com.almasb.fxgl.entity.level.Level@1f09d40f
13:30:24.418 [FXGL Background Thread 10] DEBUG AudioPlayer          - Playing music com.almasb.fxgl.audio.Music@6dc6e5fa
13:30:24.418 [FXGL Background Thread 10] WARN  FXGLAssetLoaderServi - Asset "/assets/sounds/test.wav" was not found!
13:30:24.418 [FXGL Background Thread 10] WARN  FXGLAssetLoaderServi - Failed to load SOUND
13:30:24.418 [FXGL Background Thread 10] INFO  FXGLApplication      - Game initialization took: 0,021 sec
13:30:24.418 [JavaFX Application Thread] DEBUG Input                - Clearing active input actions
13:30:24.420 [JavaFX Application Thread] DEBUG GameApplicationServi - Removing overlay from FXGLLoadingScene and adding to GameScene
13:30:24.420 [JavaFX Application Thread] DEBUG PrimaryStageWindow   - FXGLLoadingScene -> GameScene
13:30:48.277 [JavaFX Application Thread] DEBUG PrimaryStageWindow   - Push state: DialogSubScene
13:30:48.277 [JavaFX Application Thread] DEBUG Input                - Clearing active input actions
13:30:48.278 [JavaFX Application Thread] DEBUG GameApplicationServi - Removing overlay from GameScene and adding to DialogSubScene
13:30:48.278 [JavaFX Application Thread] DEBUG PrimaryStageWindow   - GameScene -> DialogSubScene
13:30:50.214 [JavaFX Application Thread] DEBUG PrimaryStageWindow   - Pop state: DialogSubScene
13:30:50.216 [JavaFX Application Thread] DEBUG Input                - Clearing active input actions
13:30:50.216 [JavaFX Application Thread] DEBUG GameApplicationServi - Removing overlay from DialogSubScene and adding to GameScene
13:30:50.216 [JavaFX Application Thread] DEBUG PrimaryStageWindow   - GameScene <- DialogSubScene
13:30:50.327 [JavaFX Application Thread] DEBUG Input                - Clearing active input actions
13:30:50.328 [JavaFX Application Thread] DEBUG GameApplicationServi - Removing overlay from GameScene and adding to FXGLMainMenuDummyScene
13:30:50.328 [JavaFX Application Thread] DEBUG PrimaryStageWindow   - GameScene -> FXGLMainMenuDummyScene
13:30:50.328 [JavaFX Application Thread] DEBUG PrimaryStageWindow   - Push state: StartMenu
13:30:50.329 [JavaFX Application Thread] DEBUG Input                - Clearing active input actions
13:30:50.329 [JavaFX Application Thread] DEBUG GameApplicationServi - Removing overlay from FXGLMainMenuDummyScene and adding to StartMenu
13:30:50.329 [JavaFX Application Thread] DEBUG PrimaryStageWindow   - FXGLMainMenuDummyScene -> StartMenu
13:30:50.329 [JavaFX Application Thread] DEBUG AudioPlayer          - Stopping music com.almasb.fxgl.audio.Music@6dc6e5fa
13:30:56.065 [JavaFX Application Thread] DEBUG Menu                 - fireNewGame()
13:30:56.065 [JavaFX Application Thread] DEBUG GameApplicationServi - Starting new game
13:30:56.065 [JavaFX Application Thread] DEBUG PrimaryStageWindow   - Pop state: StartMenu
13:30:56.065 [JavaFX Application Thread] DEBUG Input                - Clearing active input actions
13:30:56.065 [JavaFX Application Thread] DEBUG GameApplicationServi - Removing overlay from StartMenu and adding to FXGLMainMenuDummyScene
13:30:56.065 [JavaFX Application Thread] DEBUG PrimaryStageWindow   - FXGLMainMenuDummyScene <- StartMenu
13:30:56.065 [JavaFX Application Thread] DEBUG Input                - Clearing active input actions
13:30:56.066 [JavaFX Application Thread] DEBUG GameApplicationServi - Removing overlay from FXGLMainMenuDummyScene and adding to FXGLLoadingScene
13:30:56.067 [JavaFX Application Thread] DEBUG PrimaryStageWindow   - FXGLMainMenuDummyScene -> FXGLLoadingScene
13:30:56.067 [JavaFX Application Thread] DEBUG GameApplicationServi - Clearing previous game
13:30:56.067 [JavaFX Application Thread] DEBUG GameScene            - Clearing game scene
13:30:56.067 [JavaFX Application Thread] DEBUG GameWorld            - Clearing game world
13:30:56.067 [JavaFX Application Thread] DEBUG PhysicsWorld         - Clearing physics world
13:30:56.067 [FXGL Background Thread 10] DEBUG FXGLApplication      - Initializing game
13:30:56.070 [FXGL Background Thread 10] WARN  TMXLevelLoader       - TiledMap generated from 1.8.4. Supported version: 1.4.2. Some features may not be parsed fully.
13:30:56.071 [FXGL Background Thread 10] DEBUG TMXLevelLoader       - Parsed TiledMap: file:/C:/Users/dschr/OneDrive%20-%20Hogeschool%20Leiden/School/IPOSE/Ninja-Gaiden/target/classes/assets/levels/act1-1.tmx
13:30:56.071 [FXGL Background Thread 10] DEBUG TMXLevelLoader       - Creating tile layer entities
13:30:56.071 [FXGL Background Thread 10] DEBUG TilesetLoader        - Loading view for layer layer
13:30:56.073 [FXGL Background Thread 10] DEBUG TilesetLoader        - Created buffer with size 3072.0x176.0
13:30:56.076 [FXGL Background Thread 10] DEBUG TMXLevelLoader       - Creating object layer entities
13:30:56.089 [FXGL Background Thread 10] DEBUG GameWorld            - Clearing removable entities
13:30:56.089 [FXGL Background Thread 10] DEBUG GameWorld            - Setting level: com.almasb.fxgl.entity.level.Level@7378b58c
13:30:56.090 [FXGL Background Thread 10] DEBUG AudioPlayer          - Playing music com.almasb.fxgl.audio.Music@6dc6e5fa
13:30:56.090 [FXGL Background Thread 10] WARN  FXGLAssetLoaderServi - Asset "/assets/sounds/test.wav" was not found!
13:30:56.090 [FXGL Background Thread 10] WARN  FXGLAssetLoaderServi - Failed to load SOUND
13:30:56.090 [FXGL Background Thread 10] INFO  FXGLApplication      - Game initialization took: 0,023 sec
13:30:56.090 [JavaFX Application Thread] DEBUG Input                - Clearing active input actions
13:30:56.092 [JavaFX Application Thread] DEBUG GameApplicationServi - Removing overlay from FXGLLoadingScene and adding to GameScene
13:30:56.092 [JavaFX Application Thread] DEBUG PrimaryStageWindow   - FXGLLoadingScene -> GameScene
13:31:49.277 [JavaFX Application Thread] DEBUG PrimaryStageWindow   - Push state: DialogSubScene
13:31:49.277 [JavaFX Application Thread] DEBUG Input                - Clearing active input actions
13:31:49.277 [JavaFX Application Thread] DEBUG GameApplicationServi - Removing overlay from GameScene and adding to DialogSubScene
13:31:49.277 [JavaFX Application Thread] DEBUG PrimaryStageWindow   - GameScene -> DialogSubScene
13:31:51.298 [JavaFX Application Thread] DEBUG PrimaryStageWindow   - Pop state: DialogSubScene
13:31:51.299 [JavaFX Application Thread] DEBUG Input                - Clearing active input actions
13:31:51.299 [JavaFX Application Thread] DEBUG GameApplicationServi - Removing overlay from DialogSubScene and adding to GameScene
13:31:51.299 [JavaFX Application Thread] DEBUG PrimaryStageWindow   - GameScene <- DialogSubScene
13:31:51.409 [JavaFX Application Thread] DEBUG Input                - Clearing active input actions
13:31:51.411 [JavaFX Application Thread] DEBUG GameApplicationServi - Removing overlay from GameScene and adding to FXGLMainMenuDummyScene
13:31:51.411 [JavaFX Application Thread] DEBUG PrimaryStageWindow   - GameScene -> FXGLMainMenuDummyScene
13:31:51.411 [JavaFX Application Thread] DEBUG PrimaryStageWindow   - Push state: StartMenu
13:31:51.411 [JavaFX Application Thread] DEBUG Input                - Clearing active input actions
13:31:51.411 [JavaFX Application Thread] DEBUG GameApplicationServi - Removing overlay from FXGLMainMenuDummyScene and adding to StartMenu
13:31:51.411 [JavaFX Application Thread] DEBUG PrimaryStageWindow   - FXGLMainMenuDummyScene -> StartMenu
13:31:51.411 [JavaFX Application Thread] DEBUG AudioPlayer          - Stopping music com.almasb.fxgl.audio.Music@6dc6e5fa
13:31:55.098 [JavaFX Application Thread] DEBUG Menu                 - fireNewGame()
13:31:55.098 [JavaFX Application Thread] DEBUG GameApplicationServi - Starting new game
13:31:55.098 [JavaFX Application Thread] DEBUG PrimaryStageWindow   - Pop state: StartMenu
13:31:55.098 [JavaFX Application Thread] DEBUG Input                - Clearing active input actions
13:31:55.098 [JavaFX Application Thread] DEBUG GameApplicationServi - Removing overlay from StartMenu and adding to FXGLMainMenuDummyScene
13:31:55.098 [JavaFX Application Thread] DEBUG PrimaryStageWindow   - FXGLMainMenuDummyScene <- StartMenu
13:31:55.098 [JavaFX Application Thread] DEBUG Input                - Clearing active input actions
13:31:55.099 [JavaFX Application Thread] DEBUG GameApplicationServi - Removing overlay from FXGLMainMenuDummyScene and adding to FXGLLoadingScene
13:31:55.099 [JavaFX Application Thread] DEBUG PrimaryStageWindow   - FXGLMainMenuDummyScene -> FXGLLoadingScene
13:31:55.100 [JavaFX Application Thread] DEBUG GameApplicationServi - Clearing previous game
13:31:55.100 [JavaFX Application Thread] DEBUG GameScene            - Clearing game scene
13:31:55.100 [JavaFX Application Thread] DEBUG GameWorld            - Clearing game world
13:31:55.100 [JavaFX Application Thread] DEBUG PhysicsWorld         - Clearing physics world
13:31:55.101 [FXGL Background Thread 10] DEBUG FXGLApplication      - Initializing game
13:31:55.102 [FXGL Background Thread 10] WARN  TMXLevelLoader       - TiledMap generated from 1.8.4. Supported version: 1.4.2. Some features may not be parsed fully.
13:31:55.104 [FXGL Background Thread 10] DEBUG TMXLevelLoader       - Parsed TiledMap: file:/C:/Users/dschr/OneDrive%20-%20Hogeschool%20Leiden/School/IPOSE/Ninja-Gaiden/target/classes/assets/levels/act1-1.tmx
13:31:55.104 [FXGL Background Thread 10] DEBUG TMXLevelLoader       - Creating tile layer entities
13:31:55.104 [FXGL Background Thread 10] DEBUG TilesetLoader        - Loading view for layer layer
13:31:55.104 [FXGL Background Thread 10] DEBUG TilesetLoader        - Created buffer with size 3072.0x176.0
13:31:55.107 [FXGL Background Thread 10] DEBUG TMXLevelLoader       - Creating object layer entities
13:31:55.116 [FXGL Background Thread 10] DEBUG GameWorld            - Clearing removable entities
13:31:55.116 [FXGL Background Thread 10] DEBUG GameWorld            - Setting level: com.almasb.fxgl.entity.level.Level@39f56713
13:31:55.117 [FXGL Background Thread 10] DEBUG AudioPlayer          - Playing music com.almasb.fxgl.audio.Music@6dc6e5fa
13:31:55.117 [FXGL Background Thread 10] WARN  FXGLAssetLoaderServi - Asset "/assets/sounds/test.wav" was not found!
13:31:55.117 [FXGL Background Thread 10] WARN  FXGLAssetLoaderServi - Failed to load SOUND
13:31:55.118 [FXGL Background Thread 10] INFO  FXGLApplication      - Game initialization took: 0,017 sec
13:31:55.118 [JavaFX Application Thread] DEBUG Input                - Clearing active input actions
13:31:55.119 [JavaFX Application Thread] DEBUG GameApplicationServi - Removing overlay from FXGLLoadingScene and adding to GameScene
13:31:55.119 [JavaFX Application Thread] DEBUG PrimaryStageWindow   - FXGLLoadingScene -> GameScene
13:33:20.093 [JavaFX Application Thread] DEBUG PrimaryStageWindow   - Push state: DialogSubScene
13:33:20.093 [JavaFX Application Thread] DEBUG Input                - Clearing active input actions
13:33:20.093 [JavaFX Application Thread] DEBUG GameApplicationServi - Removing overlay from GameScene and adding to DialogSubScene
13:33:20.093 [JavaFX Application Thread] DEBUG PrimaryStageWindow   - GameScene -> DialogSubScene
13:33:22.059 [JavaFX Application Thread] DEBUG PrimaryStageWindow   - Pop state: DialogSubScene
13:33:22.059 [JavaFX Application Thread] DEBUG Input                - Clearing active input actions
13:33:22.059 [JavaFX Application Thread] DEBUG GameApplicationServi - Removing overlay from DialogSubScene and adding to GameScene
13:33:22.059 [JavaFX Application Thread] DEBUG PrimaryStageWindow   - GameScene <- DialogSubScene
13:33:22.161 [JavaFX Application Thread] DEBUG Input                - Clearing active input actions
13:33:22.162 [JavaFX Application Thread] DEBUG GameApplicationServi - Removing overlay from GameScene and adding to FXGLMainMenuDummyScene
13:33:22.162 [JavaFX Application Thread] DEBUG PrimaryStageWindow   - GameScene -> FXGLMainMenuDummyScene
13:33:22.162 [JavaFX Application Thread] DEBUG PrimaryStageWindow   - Push state: StartMenu
13:33:22.162 [JavaFX Application Thread] DEBUG Input                - Clearing active input actions
13:33:22.162 [JavaFX Application Thread] DEBUG GameApplicationServi - Removing overlay from FXGLMainMenuDummyScene and adding to StartMenu
13:33:22.163 [JavaFX Application Thread] DEBUG PrimaryStageWindow   - FXGLMainMenuDummyScene -> StartMenu
13:33:22.163 [JavaFX Application Thread] DEBUG AudioPlayer          - Stopping music com.almasb.fxgl.audio.Music@6dc6e5fa
13:35:57.200 [JavaFX Application Thread] DEBUG AudioPlayer          - Pausing music com.almasb.fxgl.audio.Music@6dc6e5fa
13:35:57.200 [JavaFX Application Thread] DEBUG LoopRunner           - Pausing loop
13:38:18.450 [JavaFX Application Thread] DEBUG LoopRunner           - Resuming loop
13:38:18.450 [JavaFX Application Thread] DEBUG AudioPlayer          - Resuming music com.almasb.fxgl.audio.Music@6dc6e5fa
13:38:20.954 [JavaFX Application Thread] DEBUG Menu                 - fireExit()
13:38:20.955 [JavaFX Application Thread] DEBUG PrimaryStageWindow   - Push state: DialogSubScene
13:38:20.955 [JavaFX Application Thread] DEBUG Input                - Clearing active input actions
13:38:20.955 [JavaFX Application Thread] DEBUG GameApplicationServi - Removing overlay from StartMenu and adding to DialogSubScene
13:38:20.955 [JavaFX Application Thread] DEBUG PrimaryStageWindow   - StartMenu -> DialogSubScene
13:38:21.746 [JavaFX Application Thread] DEBUG PrimaryStageWindow   - Pop state: DialogSubScene
13:38:21.746 [JavaFX Application Thread] DEBUG Input                - Clearing active input actions
13:38:21.746 [JavaFX Application Thread] DEBUG GameApplicationServi - Removing overlay from DialogSubScene and adding to StartMenu
13:38:21.746 [JavaFX Application Thread] DEBUG PrimaryStageWindow   - StartMenu <- DialogSubScene
13:38:21.746 [JavaFX Application Thread] DEBUG FXGLApplication      - Exiting FXGL
13:38:21.746 [JavaFX Application Thread] DEBUG LoopRunner           - Stopping loop
13:38:21.746 [JavaFX Application Thread] DEBUG SystemBundleService  - Saving FXGL system data
13:38:21.747 [JavaFX Application Thread] DEBUG FileSystemAccess     - Writing to: C:\Users\dschr\OneDrive - Hogeschool Leiden\School\IPOSE\Ninja-Gaiden\system\fxgl.bundle
13:38:21.749 [JavaFX Application Thread] DEBUG Async                - Shutting down background threads
13:38:21.749 [JavaFX Application Thread] DEBUG PrimaryStageWindow   - Closing main window
13:38:21.755 [JavaFX Application Thread] DEBUG Logger               - Closing Logger
