00:19:37.740 [main                     ] DEBUG Logger               - Configured Logger
00:19:37.759 [main                     ] DEBUG GameApplication      - Logging settings
Title: Ninja Gaiden
Version: 0.0
Width: 1600
Height: 900
Fullscreen: false
Intro: false
Profiling: false
Single step:false
App Mode: DEVELOPER
Menu Key: ESCAPE
Stage Style: DECORATED
Scene Factory: class io.huffman.ninjagaiden.UISceneFactory

00:19:38.110 [JavaFX Application Thread] DEBUG FXGLApplication      - Initializing FXGL
00:19:38.114 [JavaFX Application Thread] INFO  Engine               - FXGL-17.1 (24.03.2022 17.34) on WINDOWS (J:17.0.1 FX:18)
00:19:38.114 [JavaFX Application Thread] DEBUG Engine               - JRE Vendor Name: Oracle Corporation
00:19:38.114 [JavaFX Application Thread] DEBUG Engine               - Running on OS: Windows 10 version 10.0
00:19:38.114 [JavaFX Application Thread] DEBUG Engine               - Architecture: amd64
00:19:38.115 [JavaFX Application Thread] INFO  Engine               - Source code and latest versions at: https://github.com/AlmasB/FXGL
00:19:38.115 [JavaFX Application Thread] INFO  Engine               -       Ask questions and discuss at: https://github.com/AlmasB/FXGL/discussions
00:19:38.115 [JavaFX Application Thread] INFO  Engine               -              Join the FXGL chat at: https://gitter.im/AlmasB/FXGL
00:19:38.195 [JavaFX Application Thread] DEBUG PrimaryStageWindow   - Creating a JavaFX scene
00:19:38.231 [JavaFX Application Thread] DEBUG PrimaryStageWindow   - Target settings size: 1600.0 x 900.0
00:19:38.232 [JavaFX Application Thread] DEBUG PrimaryStageWindow   - Scaled scene size:    1600.0 x 900.0
00:19:38.232 [JavaFX Application Thread] DEBUG PrimaryStageWindow   - Scaled ratio: (1.0, 1.0)
00:19:38.232 [JavaFX Application Thread] DEBUG PrimaryStageWindow   - Set initial scene to FXGLStartupScene
00:19:38.238 [JavaFX Application Thread] DEBUG PrimaryStageWindow   - Opening main window
00:19:38.297 [JavaFX Application Thread] DEBUG PrimaryStageWindow   - Window border size: (16.0, 39.0)
00:19:38.297 [JavaFX Application Thread] DEBUG PrimaryStageWindow   - Scaled size: 1600.0 x 900.0
00:19:38.298 [JavaFX Application Thread] DEBUG PrimaryStageWindow   - Scaled ratio: (1.0, 1.0)
00:19:38.298 [JavaFX Application Thread] DEBUG PrimaryStageWindow   - Scene size: 1600.0 x 900.0
00:19:38.298 [JavaFX Application Thread] DEBUG PrimaryStageWindow   - Stage size: 1616.0 x 939.0
00:19:38.303 [FXGL Background Thread 1 ] DEBUG Engine               - Initializing environment variables
00:19:38.327 [FXGL Background Thread 1 ] DEBUG FXGLAssetLoaderServi - User app class for loading assets: class io.huffman.ninjagaiden.NinjaGaidenApp
00:19:38.327 [FXGL Background Thread 1 ] DEBUG GameApplicationServi - Applying CSS: fxgl_dark.css
00:19:38.328 [FXGL Background Thread 1 ] DEBUG FXGLAssetLoaderServi - Loading from file system: jar:file:/C:/Users/dschr/.m2/repository/com/github/almasb/fxgl/17.1/fxgl-17.1.jar!/fxglassets/ui/css/fxgl_dark.css
00:19:38.355 [FXGL Background Thread 1 ] DEBUG GameApplicationServi - Initializing application scenes
00:19:38.386 [FXGL Background Thread 1 ] DEBUG GameWorld            - Game world initialized
00:19:38.427 [FXGL Background Thread 1 ] DEBUG PhysicsWorld         - Physics world initialized: appHeight=900, physics.ppm=50,0
00:19:38.427 [FXGL Background Thread 1 ] DEBUG PhysicsWorld         - Using strategy: BRUTE_FORCE
00:19:38.431 [FXGL Background Thread 1 ] DEBUG GameScene            - Game scene initialized: 1600x900
00:19:38.481 [FXGL Background Thread 1 ] DEBUG GameApplicationServi - Application scenes initialized
00:19:38.496 [FXGL Background Thread 1 ] DEBUG SystemBundleService  - Loading FXGL system data
00:19:38.498 [FXGL Background Thread 1 ] DEBUG FileSystemAccess     - Reading from: C:\Users\dschr\OneDrive - Hogeschool Leiden\School\IPOSE\Ninja-Gaiden\system\fxgl.bundle
00:19:38.502 [FXGL Background Thread 1 ] DEBUG SystemBundleService  - Bundle FXGL: {}
00:19:38.503 [FXGL Background Thread 1 ] DEBUG UpdaterService       - Checking for updates
00:19:38.507 [FXGL Background Thread 4 ] DEBUG FXGLApplication      - Loading fonts
00:19:38.507 [FXGL Background Thread 4 ] DEBUG FXGLAssetLoaderServi - Loading from file system: file:/C:/Users/dschr/OneDrive%20-%20Hogeschool%20Leiden/School/IPOSE/Ninja-Gaiden/target/classes/assets/ui/fonts/ninja-font.ttf
00:19:38.507 [FXGL Background Thread 1 ] DEBUG FXGLApplication      - Loading default localization
00:19:38.508 [FXGL Background Thread 1 ] DEBUG FXGLAssetLoaderServi - Loading from file system: jar:file:/C:/Users/dschr/.m2/repository/com/github/almasb/fxgl/17.1/fxgl-17.1.jar!/fxglassets/languages/english.lang
00:19:38.528 [FXGL Background Thread 1 ] INFO  FXGLApplication      - FXGL initialization took: 0,225 sec
00:19:38.534 [JavaFX Application Thread] DEBUG Input                - Registered new binding: Left - Left
00:19:38.534 [JavaFX Application Thread] DEBUG Input                - Registered new binding: Right - Right
00:19:38.535 [JavaFX Application Thread] DEBUG Input                - Registered new binding: Down - Down
00:19:38.535 [JavaFX Application Thread] DEBUG Input                - Registered new binding: Jump - Space
00:19:38.535 [JavaFX Application Thread] DEBUG FXGLAssetLoaderServi - Loading from file system: file:/C:/Users/dschr/OneDrive%20-%20Hogeschool%20Leiden/School/IPOSE/Ninja-Gaiden/target/classes/assets/textures/logo.png
00:19:38.544 [FXGL Background Thread 4 ] DEBUG FXGLAssetLoaderServi - Loading from file system: jar:file:/C:/Users/dschr/.m2/repository/com/github/almasb/fxgl/17.1/fxgl-17.1.jar!/fxglassets/ui/fonts/Abel-Regular.ttf
00:19:38.547 [FXGL Background Thread 4 ] DEBUG FXGLAssetLoaderServi - Loading from file system: jar:file:/C:/Users/dschr/.m2/repository/com/github/almasb/fxgl/17.1/fxgl-17.1.jar!/fxglassets/ui/fonts/TerminalLandMono-Regular.otf
00:19:38.550 [FXGL Background Thread 4 ] DEBUG FXGLAssetLoaderServi - Loading from file system: jar:file:/C:/Users/dschr/.m2/repository/com/github/almasb/fxgl/17.1/fxgl-17.1.jar!/fxglassets/ui/fonts/Courier-Prime.ttf
00:19:38.566 [JavaFX Application Thread] DEBUG FXGLAssetLoaderServi - Loading from file system: jar:file:/C:/Users/dschr/.m2/repository/com/github/almasb/fxgl/17.1/fxgl-17.1.jar!/fxglassets/textures/fxgl_default_cursor.png
00:19:38.570 [JavaFX Application Thread] DEBUG Input                - Registered new binding: Screenshot - CTRL+8
00:19:38.571 [JavaFX Application Thread] DEBUG Input                - Registered new binding: System info dump - CTRL+9
00:19:38.571 [JavaFX Application Thread] DEBUG Input                - Registered new binding: Restart - CTRL+R
00:19:38.572 [JavaFX Application Thread] DEBUG Input                - Registered new binding: Toggle Debug Camera - CTRL+7
00:19:38.574 [JavaFX Application Thread] DEBUG LoopRunner           - Starting loop
00:19:38.574 [JavaFX Application Thread] DEBUG LoopRunner           - Initializing ScheduledExecutorLoop with fps: 60
00:19:38.577 [JavaFX Application Thread] DEBUG Input                - Clearing active input actions
00:19:38.582 [JavaFX Application Thread] DEBUG GameApplicationServi - Removing overlay from FXGLStartupScene and adding to FXGLMainMenuDummyScene
00:19:38.582 [JavaFX Application Thread] DEBUG PrimaryStageWindow   - FXGLStartupScene -> FXGLMainMenuDummyScene
00:19:38.582 [JavaFX Application Thread] DEBUG PrimaryStageWindow   - Push state: StartMenu
00:19:38.582 [JavaFX Application Thread] DEBUG Input                - Clearing active input actions
00:19:38.589 [JavaFX Application Thread] DEBUG GameApplicationServi - Removing overlay from FXGLMainMenuDummyScene and adding to StartMenu
00:19:38.589 [JavaFX Application Thread] DEBUG PrimaryStageWindow   - FXGLMainMenuDummyScene -> StartMenu
00:19:38.591 [JavaFX Application Thread] DEBUG FXGLApplication      - Registering font factories with UI factory
00:19:39.472 [JavaFX Application Thread] DEBUG Menu                 - fireNewGame()
00:19:39.473 [JavaFX Application Thread] DEBUG GameApplicationServi - Starting new game
00:19:39.473 [JavaFX Application Thread] DEBUG PrimaryStageWindow   - Pop state: StartMenu
00:19:39.473 [JavaFX Application Thread] DEBUG Input                - Clearing active input actions
00:19:39.473 [JavaFX Application Thread] DEBUG GameApplicationServi - Removing overlay from StartMenu and adding to FXGLMainMenuDummyScene
00:19:39.474 [JavaFX Application Thread] DEBUG PrimaryStageWindow   - FXGLMainMenuDummyScene <- StartMenu
00:19:39.474 [JavaFX Application Thread] DEBUG Input                - Clearing active input actions
00:19:39.478 [JavaFX Application Thread] DEBUG GameApplicationServi - Removing overlay from FXGLMainMenuDummyScene and adding to FXGLLoadingScene
00:19:39.478 [JavaFX Application Thread] DEBUG PrimaryStageWindow   - FXGLMainMenuDummyScene -> FXGLLoadingScene
00:19:39.478 [JavaFX Application Thread] DEBUG GameApplicationServi - Clearing previous game
00:19:39.478 [JavaFX Application Thread] DEBUG GameScene            - Clearing game scene
00:19:39.478 [JavaFX Application Thread] DEBUG GameWorld            - Clearing game world
00:19:39.478 [JavaFX Application Thread] DEBUG PhysicsWorld         - Clearing physics world
00:19:39.480 [FXGL Background Thread 2 ] DEBUG FXGLApplication      - Initializing game
00:19:39.504 [FXGL Background Thread 2 ] WARN  TMXLevelLoader       - TiledMap generated from 1.8.4. Supported version: 1.4.2. Some features may not be parsed fully.
00:19:39.514 [FXGL Background Thread 2 ] DEBUG TMXLevelLoader       - Parsed TiledMap: file:/C:/Users/dschr/OneDrive%20-%20Hogeschool%20Leiden/School/IPOSE/Ninja-Gaiden/target/classes/assets/levels/act1-1.tmx
00:19:39.515 [FXGL Background Thread 2 ] DEBUG TMXLevelLoader       - Creating tile layer entities
00:19:39.516 [FXGL Background Thread 2 ] DEBUG TilesetLoader        - Loading view for layer layer
00:19:39.517 [FXGL Background Thread 2 ] DEBUG TilesetLoader        - Created buffer with size 3072.0x176.0
00:19:39.531 [FXGL Background Thread 2 ] DEBUG TMXLevelLoader       - Creating object layer entities
00:19:39.556 [FXGL Background Thread 2 ] DEBUG GameWorld            - Clearing removable entities
00:19:39.557 [FXGL Background Thread 2 ] DEBUG GameWorld            - Setting level: com.almasb.fxgl.entity.level.Level@4365d0e2
00:19:39.579 [FXGL Background Thread 2 ] DEBUG FXGLAssetLoaderServi - Loading from file system: file:/C:/Users/dschr/OneDrive%20-%20Hogeschool%20Leiden/School/IPOSE/Ninja-Gaiden/target/classes/assets/textures/idle.png
00:19:39.582 [FXGL Background Thread 2 ] DEBUG FXGLAssetLoaderServi - Loading from file system: file:/C:/Users/dschr/OneDrive%20-%20Hogeschool%20Leiden/School/IPOSE/Ninja-Gaiden/target/classes/assets/textures/walk.png
00:19:39.583 [FXGL Background Thread 2 ] DEBUG FXGLAssetLoaderServi - Loading from file system: file:/C:/Users/dschr/OneDrive%20-%20Hogeschool%20Leiden/School/IPOSE/Ninja-Gaiden/target/classes/assets/textures/jump.png
00:19:39.585 [FXGL Background Thread 2 ] DEBUG FXGLAssetLoaderServi - Loading from file system: file:/C:/Users/dschr/OneDrive%20-%20Hogeschool%20Leiden/School/IPOSE/Ninja-Gaiden/target/classes/assets/textures/duck.png
00:19:39.594 [FXGL Background Thread 2 ] DEBUG FXGLAssetLoaderServi - Loading from file system: file:/C:/Users/dschr/OneDrive%20-%20Hogeschool%20Leiden/School/IPOSE/Ninja-Gaiden/target/classes/assets/sounds/test.wav
00:19:39.661 [FXGL Background Thread 2 ] INFO  FXGLApplication      - Game initialization took: 0,181 sec
00:19:39.662 [JavaFX Application Thread] DEBUG Input                - Clearing active input actions
00:19:39.666 [JavaFX Application Thread] DEBUG GameApplicationServi - Removing overlay from FXGLLoadingScene and adding to GameScene
00:19:39.667 [JavaFX Application Thread] DEBUG PrimaryStageWindow   - FXGLLoadingScene -> GameScene
00:19:41.506 [FXGL Background Thread 3 ] DEBUG Engine               - Logging environment variables
00:19:41.506 [FXGL Background Thread 3 ] DEBUG Engine               - achievements: []
00:19:41.507 [FXGL Background Thread 3 ] DEBUG Engine               - actualHeight: 900.0
00:19:41.507 [FXGL Background Thread 3 ] DEBUG Engine               - actualHeightProperty: ReadOnlyDoubleProperty [value: 900.0]
00:19:41.507 [FXGL Background Thread 3 ] DEBUG Engine               - actualWidth: 1600.0
00:19:41.507 [FXGL Background Thread 3 ] DEBUG Engine               - actualWidthProperty: ReadOnlyDoubleProperty [value: 1600.0]
00:19:41.507 [FXGL Background Thread 3 ] DEBUG Engine               - appIcon: logo.png
00:19:41.507 [FXGL Background Thread 3 ] DEBUG Engine               - applicationMode: DEVELOPER
00:19:41.507 [FXGL Background Thread 3 ] DEBUG Engine               - cSSList: [fxgl_dark.css]
00:19:41.507 [FXGL Background Thread 3 ] DEBUG Engine               - collisionDetectionStrategy: BRUTE_FORCE
00:19:41.507 [FXGL Background Thread 3 ] DEBUG Engine               - configClass: Optional.empty
00:19:41.507 [FXGL Background Thread 3 ] DEBUG Engine               - credits: []
00:19:41.508 [FXGL Background Thread 3 ] DEBUG Engine               - defaultCursor: CursorInfo(imageName=fxgl_default_cursor.png, hotspotX=7.0, hotspotY=6.0)
00:19:41.508 [FXGL Background Thread 3 ] DEBUG Engine               - devBBoxColorProperty: ObjectProperty [value: 0xff0000ff]
00:19:41.508 [FXGL Background Thread 3 ] DEBUG Engine               - devEnableDebugCameraProperty: BooleanProperty [value: false]
00:19:41.508 [FXGL Background Thread 3 ] DEBUG Engine               - devSensorColorProperty: ObjectProperty [value: 0xffff00ff]
00:19:41.508 [FXGL Background Thread 3 ] DEBUG Engine               - devShowBBoxProperty: BooleanProperty [value: false]
00:19:41.508 [FXGL Background Thread 3 ] DEBUG Engine               - devShowPositionProperty: BooleanProperty [value: false]
00:19:41.508 [FXGL Background Thread 3 ] DEBUG Engine               - enabledMenuItems: []
00:19:41.508 [FXGL Background Thread 3 ] DEBUG Engine               - engineServices: [class com.almasb.fxgl.app.services.FXGLAssetLoaderService, class com.almasb.fxgl.app.FXGLApplication$GameApplicationService, class com.almasb.fxgl.app.services.FXGLDialogService, class com.almasb.fxgl.app.services.IOTaskExecutorService, class com.almasb.fxgl.io.FileSystemService, class com.almasb.fxgl.localization.LocalizationService, class com.almasb.fxgl.app.services.SystemBundleService, class com.almasb.fxgl.profile.SaveLoadService, class com.almasb.fxgl.ui.FXGLUIFactoryServiceProvider, class com.almasb.fxgl.ui.FXGLDialogFactoryServiceProvider, class com.almasb.fxgl.audio.AudioPlayer, class com.almasb.fxgl.notification.impl.NotificationServiceProvider, class com.almasb.fxgl.achievement.AchievementService, class com.almasb.fxgl.cutscene.CutsceneService, class com.almasb.fxgl.minigames.MiniGameService, class com.almasb.fxgl.net.NetService, class com.almasb.fxgl.app.services.UpdaterService, class com.almasb.fxgl.dev.DevService]
00:19:41.508 [FXGL Background Thread 3 ] DEBUG Engine               - fontGame: Abel-Regular.ttf
00:19:41.509 [FXGL Background Thread 3 ] DEBUG Engine               - fontMono: TerminalLandMono-Regular.otf
00:19:41.509 [FXGL Background Thread 3 ] DEBUG Engine               - fontText: Courier-Prime.ttf
00:19:41.509 [FXGL Background Thread 3 ] DEBUG Engine               - fontUI: ninja-font.ttf
00:19:41.509 [FXGL Background Thread 3 ] DEBUG Engine               - fullScreen: BooleanProperty [value: false]
00:19:41.509 [FXGL Background Thread 3 ] DEBUG Engine               - gameDifficulty: MEDIUM
00:19:41.509 [FXGL Background Thread 3 ] DEBUG Engine               - gameDifficultyProperty: ObjectProperty [value: MEDIUM]
00:19:41.509 [FXGL Background Thread 3 ] DEBUG Engine               - globalMusicVolume: 0.5
00:19:41.509 [FXGL Background Thread 3 ] DEBUG Engine               - globalMusicVolumeProperty: DoubleProperty [value: 0.5]
00:19:41.509 [FXGL Background Thread 3 ] DEBUG Engine               - globalSoundVolume: 0.5
00:19:41.509 [FXGL Background Thread 3 ] DEBUG Engine               - globalSoundVolumeProperty: DoubleProperty [value: 0.5]
00:19:41.509 [FXGL Background Thread 3 ] DEBUG Engine               - height: 900
00:19:41.509 [FXGL Background Thread 3 ] DEBUG Engine               - is3D: false
00:19:41.509 [FXGL Background Thread 3 ] DEBUG Engine               - isAndroid: false
00:19:41.509 [FXGL Background Thread 3 ] DEBUG Engine               - isBrowser: false
00:19:41.509 [FXGL Background Thread 3 ] DEBUG Engine               - isClickFeedbackEnabled: false
00:19:41.509 [FXGL Background Thread 3 ] DEBUG Engine               - isCloseConfirmation: false
00:19:41.510 [FXGL Background Thread 3 ] DEBUG Engine               - isDesktop: true
00:19:41.510 [FXGL Background Thread 3 ] DEBUG Engine               - isDeveloperMenuEnabled: false
00:19:41.510 [FXGL Background Thread 3 ] DEBUG Engine               - isEmbedded: false
00:19:41.510 [FXGL Background Thread 3 ] DEBUG Engine               - isEntityPreloadEnabled: true
00:19:41.510 [FXGL Background Thread 3 ] DEBUG Engine               - isExperimentalTiledLargeMap: false
00:19:41.510 [FXGL Background Thread 3 ] DEBUG Engine               - isFileSystemWriteAllowed: true
00:19:41.510 [FXGL Background Thread 3 ] DEBUG Engine               - isFullScreenAllowed: false
00:19:41.510 [FXGL Background Thread 3 ] DEBUG Engine               - isFullScreenFromStart: false
00:19:41.510 [FXGL Background Thread 3 ] DEBUG Engine               - isGameMenuEnabled: true
00:19:41.510 [FXGL Background Thread 3 ] DEBUG Engine               - isIOS: false
00:19:41.510 [FXGL Background Thread 3 ] DEBUG Engine               - isIntroEnabled: false
00:19:41.510 [FXGL Background Thread 3 ] DEBUG Engine               - isLinux: false
00:19:41.510 [FXGL Background Thread 3 ] DEBUG Engine               - isMac: false
00:19:41.510 [FXGL Background Thread 3 ] DEBUG Engine               - isMainMenuEnabled: true
00:19:41.510 [FXGL Background Thread 3 ] DEBUG Engine               - isManualResizeEnabled: false
00:19:41.510 [FXGL Background Thread 3 ] DEBUG Engine               - isMobile: false
00:19:41.510 [FXGL Background Thread 3 ] DEBUG Engine               - isNative: false
00:19:41.510 [FXGL Background Thread 3 ] DEBUG Engine               - isPauseMusicWhenMinimized: true
00:19:41.510 [FXGL Background Thread 3 ] DEBUG Engine               - isPreserveResizeRatio: false
00:19:41.511 [FXGL Background Thread 3 ] DEBUG Engine               - isProfilingEnabled: false
00:19:41.511 [FXGL Background Thread 3 ] DEBUG Engine               - isScaleAffectedOnResize: true
00:19:41.511 [FXGL Background Thread 3 ] DEBUG Engine               - isSingleStep: false
00:19:41.511 [FXGL Background Thread 3 ] DEBUG Engine               - isUserProfileEnabled: false
00:19:41.511 [FXGL Background Thread 3 ] DEBUG Engine               - isWindows: true
00:19:41.511 [FXGL Background Thread 3 ] DEBUG Engine               - language: ObjectProperty [value: ENGLISH]
00:19:41.511 [FXGL Background Thread 3 ] DEBUG Engine               - menuKey: ESCAPE
00:19:41.511 [FXGL Background Thread 3 ] DEBUG Engine               - mouseSensitivity: 0.2
00:19:41.511 [FXGL Background Thread 3 ] DEBUG Engine               - notificationViewClass: class com.almasb.fxgl.notification.view.XboxNotificationView
00:19:41.511 [FXGL Background Thread 3 ] DEBUG Engine               - pixelsPerMeter: 50.0
00:19:41.511 [FXGL Background Thread 3 ] DEBUG Engine               - platform: WINDOWS
00:19:41.511 [FXGL Background Thread 3 ] DEBUG Engine               - prefHeightProperty: ReadOnlyDoubleProperty [value: 900.0]
00:19:41.511 [FXGL Background Thread 3 ] DEBUG Engine               - prefWidthProperty: ReadOnlyDoubleProperty [value: 1600.0]
00:19:41.511 [FXGL Background Thread 3 ] DEBUG Engine               - profileDir: profiles/
00:19:41.511 [FXGL Background Thread 3 ] DEBUG Engine               - profileName: StringProperty [value: DEFAULT]
00:19:41.511 [FXGL Background Thread 3 ] DEBUG Engine               - randomSeed: -1
00:19:41.511 [FXGL Background Thread 3 ] DEBUG Engine               - runtimeInfo: RuntimeInfo(platform=WINDOWS, version=17.1, build=24.03.2022 17.34)
00:19:41.512 [FXGL Background Thread 3 ] DEBUG Engine               - saveFileExt: sav
00:19:41.512 [FXGL Background Thread 3 ] DEBUG Engine               - scaledHeightProp$fxgl: DoubleProperty [bound, value: 900.0]
00:19:41.512 [FXGL Background Thread 3 ] DEBUG Engine               - scaledWidthProp$fxgl: DoubleProperty [bound, value: 1600.0]
00:19:41.512 [FXGL Background Thread 3 ] DEBUG Engine               - sceneFactory: io.huffman.ninjagaiden.UISceneFactory@dc3899e
00:19:41.512 [FXGL Background Thread 3 ] DEBUG Engine               - secondsIn24h: 60
00:19:41.512 [FXGL Background Thread 3 ] DEBUG Engine               - soundMenuBack: menu/back.wav
00:19:41.512 [FXGL Background Thread 3 ] DEBUG Engine               - soundMenuPress: menu/press.wav
00:19:41.512 [FXGL Background Thread 3 ] DEBUG Engine               - soundMenuSelect: menu/select.wav
00:19:41.512 [FXGL Background Thread 3 ] DEBUG Engine               - soundNotification: core/notification.wav
00:19:41.512 [FXGL Background Thread 3 ] DEBUG Engine               - stageStyle: DECORATED
00:19:41.512 [FXGL Background Thread 3 ] DEBUG Engine               - supportedLanguages: [ENGLISH, FRENCH, GERMAN, HUNGARIAN, RUSSIAN]
00:19:41.512 [FXGL Background Thread 3 ] DEBUG Engine               - ticksPerSecond: 60
00:19:41.512 [FXGL Background Thread 3 ] DEBUG Engine               - title: Ninja Gaiden
00:19:41.512 [FXGL Background Thread 3 ] DEBUG Engine               - urlGithub: https://github.com/AlmasB/FXGL
00:19:41.512 [FXGL Background Thread 3 ] DEBUG Engine               - urlLeaderboard: http://fxgl-top.herokuapp.com/
00:19:41.512 [FXGL Background Thread 3 ] DEBUG Engine               - urlPOM: https://raw.githubusercontent.com/AlmasB/FXGL/release/README.md
00:19:41.512 [FXGL Background Thread 3 ] DEBUG Engine               - userAppClass: class io.huffman.ninjagaiden.NinjaGaidenApp
00:19:41.512 [FXGL Background Thread 3 ] DEBUG Engine               - version: 0.0
00:19:41.512 [FXGL Background Thread 3 ] DEBUG Engine               - versionCheckDays: 7
00:19:41.512 [FXGL Background Thread 3 ] DEBUG Engine               - width: 1600
00:19:41.512 [FXGL Background Thread 3 ] DEBUG Engine               - Logging services
00:19:41.513 [FXGL Background Thread 3 ] DEBUG Engine               - class com.almasb.fxgl.app.services.FXGLAssetLoaderService
00:19:41.513 [FXGL Background Thread 3 ] DEBUG Engine               - class com.almasb.fxgl.app.FXGLApplication$GameApplicationService
00:19:41.513 [FXGL Background Thread 3 ] DEBUG Engine               - class com.almasb.fxgl.app.services.FXGLDialogService
00:19:41.513 [FXGL Background Thread 3 ] DEBUG Engine               - class com.almasb.fxgl.app.services.IOTaskExecutorService
00:19:41.513 [FXGL Background Thread 3 ] DEBUG Engine               - class com.almasb.fxgl.io.FileSystemService
00:19:41.513 [FXGL Background Thread 3 ] DEBUG Engine               - class com.almasb.fxgl.localization.LocalizationService
00:19:41.513 [FXGL Background Thread 3 ] DEBUG Engine               - class com.almasb.fxgl.app.services.SystemBundleService
00:19:41.513 [FXGL Background Thread 3 ] DEBUG Engine               - class com.almasb.fxgl.profile.SaveLoadService
00:19:41.513 [FXGL Background Thread 3 ] DEBUG Engine               - class com.almasb.fxgl.ui.FXGLUIFactoryServiceProvider
00:19:41.513 [FXGL Background Thread 3 ] DEBUG Engine               - class com.almasb.fxgl.ui.FXGLDialogFactoryServiceProvider
00:19:41.513 [FXGL Background Thread 3 ] DEBUG Engine               - class com.almasb.fxgl.audio.AudioPlayer
00:19:41.513 [FXGL Background Thread 3 ] DEBUG Engine               - class com.almasb.fxgl.notification.impl.NotificationServiceProvider
00:19:41.513 [FXGL Background Thread 3 ] DEBUG Engine               - class com.almasb.fxgl.achievement.AchievementService
00:19:41.513 [FXGL Background Thread 3 ] DEBUG Engine               - class com.almasb.fxgl.cutscene.CutsceneService
00:19:41.513 [FXGL Background Thread 3 ] DEBUG Engine               - class com.almasb.fxgl.minigames.MiniGameService
00:19:41.513 [FXGL Background Thread 3 ] DEBUG Engine               - class com.almasb.fxgl.net.NetService
00:19:41.513 [FXGL Background Thread 3 ] DEBUG Engine               - class com.almasb.fxgl.app.services.UpdaterService
00:19:41.513 [FXGL Background Thread 3 ] DEBUG Engine               - class com.almasb.fxgl.dev.DevService
00:21:01.793 [JavaFX Application Thread] DEBUG FXGLApplication      - Exiting FXGL
00:21:01.793 [JavaFX Application Thread] DEBUG LoopRunner           - Stopping loop
00:21:01.794 [JavaFX Application Thread] DEBUG SystemBundleService  - Saving FXGL system data
00:21:01.795 [JavaFX Application Thread] DEBUG FileSystemAccess     - Writing to: C:\Users\dschr\OneDrive - Hogeschool Leiden\School\IPOSE\Ninja-Gaiden\system\fxgl.bundle
00:21:01.796 [JavaFX Application Thread] DEBUG Async                - Shutting down background threads
00:21:01.796 [JavaFX Application Thread] DEBUG PrimaryStageWindow   - Closing main window
00:21:01.805 [JavaFX Application Thread] DEBUG Logger               - Closing Logger
