13:10:29.724 [main                     ] DEBUG Logger               - Configured Logger
13:10:29.749 [main                     ] DEBUG GameApplication      - Logging settings
Title: Ninja Gaiden
Version: 0.0
Width: 1600
Height: 900
Fullscreen: false
Intro: false
Profiling: false
Single step:false
App Mode: DEVELOPER
Menu Key: ESCAPE
Stage Style: DECORATED
Scene Factory: class io.huffman.ninjagaiden.UISceneFactory

13:10:30.131 [JavaFX Application Thread] DEBUG FXGLApplication      - Initializing FXGL
13:10:30.136 [JavaFX Application Thread] INFO  Engine               - FXGL-17.1 (24.03.2022 17.34) on WINDOWS (J:17.0.1 FX:18)
13:10:30.136 [JavaFX Application Thread] DEBUG Engine               - JRE Vendor Name: Oracle Corporation
13:10:30.136 [JavaFX Application Thread] DEBUG Engine               - Running on OS: Windows 10 version 10.0
13:10:30.136 [JavaFX Application Thread] DEBUG Engine               - Architecture: amd64
13:10:30.136 [JavaFX Application Thread] INFO  Engine               - Source code and latest versions at: https://github.com/AlmasB/FXGL
13:10:30.137 [JavaFX Application Thread] INFO  Engine               -       Ask questions and discuss at: https://github.com/AlmasB/FXGL/discussions
13:10:30.137 [JavaFX Application Thread] INFO  Engine               -              Join the FXGL chat at: https://gitter.im/AlmasB/FXGL
13:10:30.228 [JavaFX Application Thread] DEBUG PrimaryStageWindow   - Creating a JavaFX scene
13:10:30.265 [JavaFX Application Thread] DEBUG PrimaryStageWindow   - Target settings size: 1600.0 x 900.0
13:10:30.266 [JavaFX Application Thread] DEBUG PrimaryStageWindow   - Scaled scene size:    1600.0 x 900.0
13:10:30.266 [JavaFX Application Thread] DEBUG PrimaryStageWindow   - Scaled ratio: (1.0, 1.0)
13:10:30.267 [JavaFX Application Thread] DEBUG PrimaryStageWindow   - Set initial scene to FXGLStartupScene
13:10:30.274 [JavaFX Application Thread] DEBUG PrimaryStageWindow   - Opening main window
13:10:30.348 [JavaFX Application Thread] DEBUG PrimaryStageWindow   - Window border size: (14.6666259765625, 37.33331298828125)
13:10:30.349 [JavaFX Application Thread] DEBUG PrimaryStageWindow   - Scaled size: 1600.0 x 900.0
13:10:30.349 [JavaFX Application Thread] DEBUG PrimaryStageWindow   - Scaled ratio: (1.0, 1.0)
13:10:30.350 [JavaFX Application Thread] DEBUG PrimaryStageWindow   - Scene size: 1600.0 x 900.0
13:10:30.350 [JavaFX Application Thread] DEBUG PrimaryStageWindow   - Stage size: 1614.6666259765625 x 937.3333129882812
13:10:30.358 [FXGL Background Thread 1 ] DEBUG Engine               - Initializing environment variables
13:10:30.388 [FXGL Background Thread 1 ] DEBUG FXGLAssetLoaderServi - User app class for loading assets: class io.huffman.ninjagaiden.NinjaGaidenApp
13:10:30.388 [FXGL Background Thread 1 ] DEBUG GameApplicationServi - Applying CSS: fxgl_dark.css
13:10:30.389 [FXGL Background Thread 1 ] DEBUG FXGLAssetLoaderServi - Loading from file system: jar:file:/C:/Users/dschr/.m2/repository/com/github/almasb/fxgl/17.1/fxgl-17.1.jar!/fxglassets/ui/css/fxgl_dark.css
13:10:30.422 [FXGL Background Thread 1 ] DEBUG GameApplicationServi - Initializing application scenes
13:10:30.459 [FXGL Background Thread 1 ] DEBUG GameWorld            - Game world initialized
13:10:30.504 [FXGL Background Thread 1 ] DEBUG PhysicsWorld         - Physics world initialized: appHeight=900, physics.ppm=50,0
13:10:30.504 [FXGL Background Thread 1 ] DEBUG PhysicsWorld         - Using strategy: BRUTE_FORCE
13:10:30.508 [FXGL Background Thread 1 ] DEBUG GameScene            - Game scene initialized: 1600x900
13:10:30.568 [FXGL Background Thread 1 ] DEBUG GameApplicationServi - Application scenes initialized
13:10:30.587 [FXGL Background Thread 1 ] DEBUG SystemBundleService  - Loading FXGL system data
13:10:30.590 [FXGL Background Thread 1 ] DEBUG FileSystemAccess     - Reading from: C:\Users\dschr\OneDrive - Hogeschool Leiden\School\IPOSE\Ninja-Gaiden\system\fxgl.bundle
13:10:30.603 [FXGL Background Thread 1 ] DEBUG SystemBundleService  - Bundle FXGL: {}
13:10:30.603 [FXGL Background Thread 1 ] DEBUG UpdaterService       - Checking for updates
13:10:30.609 [FXGL Background Thread 4 ] DEBUG FXGLApplication      - Loading fonts
13:10:30.610 [FXGL Background Thread 4 ] DEBUG FXGLAssetLoaderServi - Loading from file system: file:/C:/Users/dschr/OneDrive%20-%20Hogeschool%20Leiden/School/IPOSE/Ninja-Gaiden/target/classes/assets/ui/fonts/ninja-font.ttf
13:10:30.610 [FXGL Background Thread 1 ] DEBUG FXGLApplication      - Loading default localization
13:10:30.611 [FXGL Background Thread 1 ] DEBUG FXGLAssetLoaderServi - Loading from file system: jar:file:/C:/Users/dschr/.m2/repository/com/github/almasb/fxgl/17.1/fxgl-17.1.jar!/fxglassets/languages/english.lang
13:10:30.635 [FXGL Background Thread 1 ] INFO  FXGLApplication      - FXGL initialization took: 0,277 sec
13:10:30.642 [JavaFX Application Thread] DEBUG Input                - Registered new binding: Left - A
13:10:30.642 [JavaFX Application Thread] DEBUG Input                - Registered new binding: Right - D
13:10:30.642 [JavaFX Application Thread] DEBUG Input                - Registered new binding: Down - S
13:10:30.642 [JavaFX Application Thread] DEBUG Input                - Registered new binding: Jump - W
13:10:30.644 [JavaFX Application Thread] DEBUG Input                - Registered new binding: Attack - F
13:10:30.644 [JavaFX Application Thread] DEBUG FXGLAssetLoaderServi - Loading from file system: file:/C:/Users/dschr/OneDrive%20-%20Hogeschool%20Leiden/School/IPOSE/Ninja-Gaiden/target/classes/assets/textures/logo.png
13:10:30.665 [FXGL Background Thread 4 ] DEBUG FXGLAssetLoaderServi - Loading from file system: jar:file:/C:/Users/dschr/.m2/repository/com/github/almasb/fxgl/17.1/fxgl-17.1.jar!/fxglassets/ui/fonts/Abel-Regular.ttf
13:10:30.669 [FXGL Background Thread 4 ] DEBUG FXGLAssetLoaderServi - Loading from file system: jar:file:/C:/Users/dschr/.m2/repository/com/github/almasb/fxgl/17.1/fxgl-17.1.jar!/fxglassets/ui/fonts/TerminalLandMono-Regular.otf
13:10:30.673 [FXGL Background Thread 4 ] DEBUG FXGLAssetLoaderServi - Loading from file system: jar:file:/C:/Users/dschr/.m2/repository/com/github/almasb/fxgl/17.1/fxgl-17.1.jar!/fxglassets/ui/fonts/Courier-Prime.ttf
13:10:30.691 [JavaFX Application Thread] DEBUG FXGLAssetLoaderServi - Loading from file system: jar:file:/C:/Users/dschr/.m2/repository/com/github/almasb/fxgl/17.1/fxgl-17.1.jar!/fxglassets/textures/fxgl_default_cursor.png
13:10:30.697 [JavaFX Application Thread] DEBUG Input                - Registered new binding: Screenshot - CTRL+8
13:10:30.697 [JavaFX Application Thread] DEBUG Input                - Registered new binding: System info dump - CTRL+9
13:10:30.698 [JavaFX Application Thread] DEBUG Input                - Registered new binding: Restart - CTRL+R
13:10:30.699 [JavaFX Application Thread] DEBUG Input                - Registered new binding: Toggle Debug Camera - CTRL+7
13:10:30.701 [JavaFX Application Thread] DEBUG LoopRunner           - Starting loop
13:10:30.702 [JavaFX Application Thread] DEBUG LoopRunner           - Initializing ScheduledExecutorLoop with fps: 60
13:10:30.705 [JavaFX Application Thread] DEBUG Input                - Clearing active input actions
13:10:30.711 [JavaFX Application Thread] DEBUG GameApplicationServi - Removing overlay from FXGLStartupScene and adding to FXGLMainMenuDummyScene
13:10:30.711 [JavaFX Application Thread] DEBUG PrimaryStageWindow   - FXGLStartupScene -> FXGLMainMenuDummyScene
13:10:30.712 [JavaFX Application Thread] DEBUG PrimaryStageWindow   - Push state: StartMenu
13:10:30.712 [JavaFX Application Thread] DEBUG Input                - Clearing active input actions
13:10:30.720 [JavaFX Application Thread] DEBUG GameApplicationServi - Removing overlay from FXGLMainMenuDummyScene and adding to StartMenu
13:10:30.721 [JavaFX Application Thread] DEBUG PrimaryStageWindow   - FXGLMainMenuDummyScene -> StartMenu
13:10:30.721 [JavaFX Application Thread] DEBUG FXGLApplication      - Registering font factories with UI factory
13:10:30.774 [FXGL Background Thread 2 ] WARN  UpdaterService       - Failed to find updates: java.net.BindException: Cannot assign requested address: connect
13:10:33.608 [FXGL Background Thread 3 ] DEBUG Engine               - Logging environment variables
13:10:33.608 [FXGL Background Thread 3 ] DEBUG Engine               - achievements: []
13:10:33.608 [FXGL Background Thread 3 ] DEBUG Engine               - actualHeight: 900.0
13:10:33.608 [FXGL Background Thread 3 ] DEBUG Engine               - actualHeightProperty: ReadOnlyDoubleProperty [value: 900.0]
13:10:33.609 [FXGL Background Thread 3 ] DEBUG Engine               - actualWidth: 1600.0
13:10:33.609 [FXGL Background Thread 3 ] DEBUG Engine               - actualWidthProperty: ReadOnlyDoubleProperty [value: 1600.0]
13:10:33.609 [FXGL Background Thread 3 ] DEBUG Engine               - appIcon: logo.png
13:10:33.609 [FXGL Background Thread 3 ] DEBUG Engine               - applicationMode: DEVELOPER
13:10:33.609 [FXGL Background Thread 3 ] DEBUG Engine               - cSSList: [fxgl_dark.css]
13:10:33.609 [FXGL Background Thread 3 ] DEBUG Engine               - collisionDetectionStrategy: BRUTE_FORCE
13:10:33.609 [FXGL Background Thread 3 ] DEBUG Engine               - configClass: Optional.empty
13:10:33.609 [FXGL Background Thread 3 ] DEBUG Engine               - credits: []
13:10:33.610 [FXGL Background Thread 3 ] DEBUG Engine               - defaultCursor: CursorInfo(imageName=fxgl_default_cursor.png, hotspotX=7.0, hotspotY=6.0)
13:10:33.610 [FXGL Background Thread 3 ] DEBUG Engine               - devBBoxColorProperty: ObjectProperty [value: 0xff0000ff]
13:10:33.610 [FXGL Background Thread 3 ] DEBUG Engine               - devEnableDebugCameraProperty: BooleanProperty [value: false]
13:10:33.610 [FXGL Background Thread 3 ] DEBUG Engine               - devSensorColorProperty: ObjectProperty [value: 0xffff00ff]
13:10:33.611 [FXGL Background Thread 3 ] DEBUG Engine               - devShowBBoxProperty: BooleanProperty [value: false]
13:10:33.611 [FXGL Background Thread 3 ] DEBUG Engine               - devShowPositionProperty: BooleanProperty [value: false]
13:10:33.611 [FXGL Background Thread 3 ] DEBUG Engine               - enabledMenuItems: []
13:10:33.611 [FXGL Background Thread 3 ] DEBUG Engine               - engineServices: [class com.almasb.fxgl.app.services.FXGLAssetLoaderService, class com.almasb.fxgl.app.FXGLApplication$GameApplicationService, class com.almasb.fxgl.app.services.FXGLDialogService, class com.almasb.fxgl.app.services.IOTaskExecutorService, class com.almasb.fxgl.io.FileSystemService, class com.almasb.fxgl.localization.LocalizationService, class com.almasb.fxgl.app.services.SystemBundleService, class com.almasb.fxgl.profile.SaveLoadService, class com.almasb.fxgl.ui.FXGLUIFactoryServiceProvider, class com.almasb.fxgl.ui.FXGLDialogFactoryServiceProvider, class com.almasb.fxgl.audio.AudioPlayer, class com.almasb.fxgl.notification.impl.NotificationServiceProvider, class com.almasb.fxgl.achievement.AchievementService, class com.almasb.fxgl.cutscene.CutsceneService, class com.almasb.fxgl.minigames.MiniGameService, class com.almasb.fxgl.net.NetService, class com.almasb.fxgl.app.services.UpdaterService, class com.almasb.fxgl.dev.DevService]
13:10:33.611 [FXGL Background Thread 3 ] DEBUG Engine               - fontGame: Abel-Regular.ttf
13:10:33.611 [FXGL Background Thread 3 ] DEBUG Engine               - fontMono: TerminalLandMono-Regular.otf
13:10:33.611 [FXGL Background Thread 3 ] DEBUG Engine               - fontText: Courier-Prime.ttf
13:10:33.611 [FXGL Background Thread 3 ] DEBUG Engine               - fontUI: ninja-font.ttf
13:10:33.611 [FXGL Background Thread 3 ] DEBUG Engine               - fullScreen: BooleanProperty [value: false]
13:10:33.611 [FXGL Background Thread 3 ] DEBUG Engine               - gameDifficulty: MEDIUM
13:10:33.611 [FXGL Background Thread 3 ] DEBUG Engine               - gameDifficultyProperty: ObjectProperty [value: MEDIUM]
13:10:33.612 [FXGL Background Thread 3 ] DEBUG Engine               - globalMusicVolume: 0.5
13:10:33.612 [FXGL Background Thread 3 ] DEBUG Engine               - globalMusicVolumeProperty: DoubleProperty [value: 0.5]
13:10:33.612 [FXGL Background Thread 3 ] DEBUG Engine               - globalSoundVolume: 0.5
13:10:33.612 [FXGL Background Thread 3 ] DEBUG Engine               - globalSoundVolumeProperty: DoubleProperty [value: 0.5]
13:10:33.612 [FXGL Background Thread 3 ] DEBUG Engine               - height: 900
13:10:33.612 [FXGL Background Thread 3 ] DEBUG Engine               - is3D: false
13:10:33.612 [FXGL Background Thread 3 ] DEBUG Engine               - isAndroid: false
13:10:33.612 [FXGL Background Thread 3 ] DEBUG Engine               - isBrowser: false
13:10:33.612 [FXGL Background Thread 3 ] DEBUG Engine               - isClickFeedbackEnabled: false
13:10:33.612 [FXGL Background Thread 3 ] DEBUG Engine               - isCloseConfirmation: false
13:10:33.612 [FXGL Background Thread 3 ] DEBUG Engine               - isDesktop: true
13:10:33.612 [FXGL Background Thread 3 ] DEBUG Engine               - isDeveloperMenuEnabled: false
13:10:33.612 [FXGL Background Thread 3 ] DEBUG Engine               - isEmbedded: false
13:10:33.612 [FXGL Background Thread 3 ] DEBUG Engine               - isEntityPreloadEnabled: true
13:10:33.612 [FXGL Background Thread 3 ] DEBUG Engine               - isExperimentalTiledLargeMap: false
13:10:33.612 [FXGL Background Thread 3 ] DEBUG Engine               - isFileSystemWriteAllowed: true
13:10:33.612 [FXGL Background Thread 3 ] DEBUG Engine               - isFullScreenAllowed: false
13:10:33.613 [FXGL Background Thread 3 ] DEBUG Engine               - isFullScreenFromStart: false
13:10:33.613 [FXGL Background Thread 3 ] DEBUG Engine               - isGameMenuEnabled: true
13:10:33.613 [FXGL Background Thread 3 ] DEBUG Engine               - isIOS: false
13:10:33.613 [FXGL Background Thread 3 ] DEBUG Engine               - isIntroEnabled: false
13:10:33.613 [FXGL Background Thread 3 ] DEBUG Engine               - isLinux: false
13:10:33.613 [FXGL Background Thread 3 ] DEBUG Engine               - isMac: false
13:10:33.613 [FXGL Background Thread 3 ] DEBUG Engine               - isMainMenuEnabled: true
13:10:33.613 [FXGL Background Thread 3 ] DEBUG Engine               - isManualResizeEnabled: false
13:10:33.613 [FXGL Background Thread 3 ] DEBUG Engine               - isMobile: false
13:10:33.613 [FXGL Background Thread 3 ] DEBUG Engine               - isNative: false
13:10:33.613 [FXGL Background Thread 3 ] DEBUG Engine               - isPauseMusicWhenMinimized: true
13:10:33.613 [FXGL Background Thread 3 ] DEBUG Engine               - isPreserveResizeRatio: false
13:10:33.613 [FXGL Background Thread 3 ] DEBUG Engine               - isProfilingEnabled: false
13:10:33.613 [FXGL Background Thread 3 ] DEBUG Engine               - isScaleAffectedOnResize: true
13:10:33.614 [FXGL Background Thread 3 ] DEBUG Engine               - isSingleStep: false
13:10:33.614 [FXGL Background Thread 3 ] DEBUG Engine               - isUserProfileEnabled: false
13:10:33.614 [FXGL Background Thread 3 ] DEBUG Engine               - isWindows: true
13:10:33.614 [FXGL Background Thread 3 ] DEBUG Engine               - language: ObjectProperty [value: ENGLISH]
13:10:33.614 [FXGL Background Thread 3 ] DEBUG Engine               - menuKey: ESCAPE
13:10:33.614 [FXGL Background Thread 3 ] DEBUG Engine               - mouseSensitivity: 0.2
13:10:33.614 [FXGL Background Thread 3 ] DEBUG Engine               - notificationViewClass: class com.almasb.fxgl.notification.view.XboxNotificationView
13:10:33.614 [FXGL Background Thread 3 ] DEBUG Engine               - pixelsPerMeter: 50.0
13:10:33.614 [FXGL Background Thread 3 ] DEBUG Engine               - platform: WINDOWS
13:10:33.614 [FXGL Background Thread 3 ] DEBUG Engine               - prefHeightProperty: ReadOnlyDoubleProperty [value: 900.0]
13:10:33.614 [FXGL Background Thread 3 ] DEBUG Engine               - prefWidthProperty: ReadOnlyDoubleProperty [value: 1600.0]
13:10:33.614 [FXGL Background Thread 3 ] DEBUG Engine               - profileDir: profiles/
13:10:33.614 [FXGL Background Thread 3 ] DEBUG Engine               - profileName: StringProperty [value: DEFAULT]
13:10:33.614 [FXGL Background Thread 3 ] DEBUG Engine               - randomSeed: -1
13:10:33.614 [FXGL Background Thread 3 ] DEBUG Engine               - runtimeInfo: RuntimeInfo(platform=WINDOWS, version=17.1, build=24.03.2022 17.34)
13:10:33.615 [FXGL Background Thread 3 ] DEBUG Engine               - saveFileExt: sav
13:10:33.615 [FXGL Background Thread 3 ] DEBUG Engine               - scaledHeightProp$fxgl: DoubleProperty [bound, value: 900.0]
13:10:33.615 [FXGL Background Thread 3 ] DEBUG Engine               - scaledWidthProp$fxgl: DoubleProperty [bound, value: 1600.0]
13:10:33.615 [FXGL Background Thread 3 ] DEBUG Engine               - sceneFactory: io.huffman.ninjagaiden.UISceneFactory@5bcbb104
13:10:33.615 [FXGL Background Thread 3 ] DEBUG Engine               - secondsIn24h: 60
13:10:33.615 [FXGL Background Thread 3 ] DEBUG Engine               - soundMenuBack: menu/back.wav
13:10:33.615 [FXGL Background Thread 3 ] DEBUG Engine               - soundMenuPress: menu/press.wav
13:10:33.615 [FXGL Background Thread 3 ] DEBUG Engine               - soundMenuSelect: menu/select.wav
13:10:33.615 [FXGL Background Thread 3 ] DEBUG Engine               - soundNotification: core/notification.wav
13:10:33.615 [FXGL Background Thread 3 ] DEBUG Engine               - stageStyle: DECORATED
13:10:33.615 [FXGL Background Thread 3 ] DEBUG Engine               - supportedLanguages: [ENGLISH, FRENCH, GERMAN, HUNGARIAN, RUSSIAN]
13:10:33.615 [FXGL Background Thread 3 ] DEBUG Engine               - ticksPerSecond: 60
13:10:33.615 [FXGL Background Thread 3 ] DEBUG Engine               - title: Ninja Gaiden
13:10:33.615 [FXGL Background Thread 3 ] DEBUG Engine               - urlGithub: https://github.com/AlmasB/FXGL
13:10:33.615 [FXGL Background Thread 3 ] DEBUG Engine               - urlLeaderboard: http://fxgl-top.herokuapp.com/
13:10:33.615 [FXGL Background Thread 3 ] DEBUG Engine               - urlPOM: https://raw.githubusercontent.com/AlmasB/FXGL/release/README.md
13:10:33.615 [FXGL Background Thread 3 ] DEBUG Engine               - userAppClass: class io.huffman.ninjagaiden.NinjaGaidenApp
13:10:33.615 [FXGL Background Thread 3 ] DEBUG Engine               - version: 0.0
13:10:33.616 [FXGL Background Thread 3 ] DEBUG Engine               - versionCheckDays: 7
13:10:33.616 [FXGL Background Thread 3 ] DEBUG Engine               - width: 1600
13:10:33.616 [FXGL Background Thread 3 ] DEBUG Engine               - Logging services
13:10:33.616 [FXGL Background Thread 3 ] DEBUG Engine               - class com.almasb.fxgl.app.services.FXGLAssetLoaderService
13:10:33.616 [FXGL Background Thread 3 ] DEBUG Engine               - class com.almasb.fxgl.app.FXGLApplication$GameApplicationService
13:10:33.616 [FXGL Background Thread 3 ] DEBUG Engine               - class com.almasb.fxgl.app.services.FXGLDialogService
13:10:33.616 [FXGL Background Thread 3 ] DEBUG Engine               - class com.almasb.fxgl.app.services.IOTaskExecutorService
13:10:33.616 [FXGL Background Thread 3 ] DEBUG Engine               - class com.almasb.fxgl.io.FileSystemService
13:10:33.616 [FXGL Background Thread 3 ] DEBUG Engine               - class com.almasb.fxgl.localization.LocalizationService
13:10:33.616 [FXGL Background Thread 3 ] DEBUG Engine               - class com.almasb.fxgl.app.services.SystemBundleService
13:10:33.616 [FXGL Background Thread 3 ] DEBUG Engine               - class com.almasb.fxgl.profile.SaveLoadService
13:10:33.616 [FXGL Background Thread 3 ] DEBUG Engine               - class com.almasb.fxgl.ui.FXGLUIFactoryServiceProvider
13:10:33.616 [FXGL Background Thread 3 ] DEBUG Engine               - class com.almasb.fxgl.ui.FXGLDialogFactoryServiceProvider
13:10:33.616 [FXGL Background Thread 3 ] DEBUG Engine               - class com.almasb.fxgl.audio.AudioPlayer
13:10:33.617 [FXGL Background Thread 3 ] DEBUG Engine               - class com.almasb.fxgl.notification.impl.NotificationServiceProvider
13:10:33.617 [FXGL Background Thread 3 ] DEBUG Engine               - class com.almasb.fxgl.achievement.AchievementService
13:10:33.617 [FXGL Background Thread 3 ] DEBUG Engine               - class com.almasb.fxgl.cutscene.CutsceneService
13:10:33.617 [FXGL Background Thread 3 ] DEBUG Engine               - class com.almasb.fxgl.minigames.MiniGameService
13:10:33.617 [FXGL Background Thread 3 ] DEBUG Engine               - class com.almasb.fxgl.net.NetService
13:10:33.617 [FXGL Background Thread 3 ] DEBUG Engine               - class com.almasb.fxgl.app.services.UpdaterService
13:10:33.617 [FXGL Background Thread 3 ] DEBUG Engine               - class com.almasb.fxgl.dev.DevService
13:11:07.700 [JavaFX Application Thread] DEBUG Menu                 - fireNewGame()
13:11:07.700 [JavaFX Application Thread] DEBUG GameApplicationServi - Starting new game
13:11:07.700 [JavaFX Application Thread] DEBUG PrimaryStageWindow   - Pop state: StartMenu
13:11:07.700 [JavaFX Application Thread] DEBUG Input                - Clearing active input actions
13:11:07.701 [JavaFX Application Thread] DEBUG GameApplicationServi - Removing overlay from StartMenu and adding to FXGLMainMenuDummyScene
13:11:07.701 [JavaFX Application Thread] DEBUG PrimaryStageWindow   - FXGLMainMenuDummyScene <- StartMenu
13:11:07.701 [JavaFX Application Thread] DEBUG Input                - Clearing active input actions
13:11:07.705 [JavaFX Application Thread] DEBUG GameApplicationServi - Removing overlay from FXGLMainMenuDummyScene and adding to FXGLLoadingScene
13:11:07.705 [JavaFX Application Thread] DEBUG PrimaryStageWindow   - FXGLMainMenuDummyScene -> FXGLLoadingScene
13:11:07.705 [JavaFX Application Thread] DEBUG GameApplicationServi - Clearing previous game
13:11:07.705 [JavaFX Application Thread] DEBUG GameScene            - Clearing game scene
13:11:07.705 [JavaFX Application Thread] DEBUG GameWorld            - Clearing game world
13:11:07.705 [JavaFX Application Thread] DEBUG PhysicsWorld         - Clearing physics world
13:11:07.707 [FXGL Background Thread 2 ] DEBUG FXGLApplication      - Initializing game
13:11:07.734 [FXGL Background Thread 2 ] WARN  TMXLevelLoader       - TiledMap generated from 1.8.4. Supported version: 1.4.2. Some features may not be parsed fully.
13:11:07.747 [FXGL Background Thread 2 ] DEBUG TMXLevelLoader       - Parsed TiledMap: file:/C:/Users/dschr/OneDrive%20-%20Hogeschool%20Leiden/School/IPOSE/Ninja-Gaiden/target/classes/assets/levels/act1-1.tmx
13:11:07.749 [FXGL Background Thread 2 ] DEBUG TMXLevelLoader       - Creating tile layer entities
13:11:07.751 [FXGL Background Thread 2 ] DEBUG TilesetLoader        - Loading view for layer layer
13:11:07.753 [FXGL Background Thread 2 ] DEBUG TilesetLoader        - Created buffer with size 3072.0x176.0
13:11:07.768 [FXGL Background Thread 2 ] DEBUG TMXLevelLoader       - Creating object layer entities
13:11:07.794 [FXGL Background Thread 2 ] DEBUG FXGLAssetLoaderServi - Loading from file system: file:/C:/Users/dschr/OneDrive%20-%20Hogeschool%20Leiden/School/IPOSE/Ninja-Gaiden/target/classes/assets/textures/idle.png
13:11:07.797 [FXGL Background Thread 2 ] DEBUG FXGLAssetLoaderServi - Loading from file system: file:/C:/Users/dschr/OneDrive%20-%20Hogeschool%20Leiden/School/IPOSE/Ninja-Gaiden/target/classes/assets/textures/walk.png
13:11:07.799 [FXGL Background Thread 2 ] DEBUG FXGLAssetLoaderServi - Loading from file system: file:/C:/Users/dschr/OneDrive%20-%20Hogeschool%20Leiden/School/IPOSE/Ninja-Gaiden/target/classes/assets/textures/jump.png
13:11:07.801 [FXGL Background Thread 2 ] DEBUG FXGLAssetLoaderServi - Loading from file system: file:/C:/Users/dschr/OneDrive%20-%20Hogeschool%20Leiden/School/IPOSE/Ninja-Gaiden/target/classes/assets/textures/duck.png
13:11:07.803 [FXGL Background Thread 2 ] DEBUG FXGLAssetLoaderServi - Loading from file system: file:/C:/Users/dschr/OneDrive%20-%20Hogeschool%20Leiden/School/IPOSE/Ninja-Gaiden/target/classes/assets/textures/attack.png
13:11:07.816 [FXGL Background Thread 2 ] DEBUG FXGLAssetLoaderServi - Loading from file system: file:/C:/Users/dschr/OneDrive%20-%20Hogeschool%20Leiden/School/IPOSE/Ninja-Gaiden/target/classes/assets/textures/bikerwalk.png
13:11:07.841 [FXGL Background Thread 2 ] DEBUG GameWorld            - Clearing removable entities
13:11:07.841 [FXGL Background Thread 2 ] DEBUG GameWorld            - Setting level: com.almasb.fxgl.entity.level.Level@1cc5942
13:11:07.857 [FXGL Background Thread 2 ] DEBUG FXGLAssetLoaderServi - Loading from file system: file:/C:/Users/dschr/OneDrive%20-%20Hogeschool%20Leiden/School/IPOSE/Ninja-Gaiden/target/classes/assets/music/test.wav
13:11:08.439 [FXGL Background Thread 2 ] DEBUG AudioPlayer          - Playing music com.almasb.fxgl.audio.Music@5dd642d9
13:11:08.441 [FXGL Background Thread 2 ] WARN  FXGLAssetLoaderServi - Asset "/assets/sounds/test.wav" was not found!
13:11:08.441 [FXGL Background Thread 2 ] WARN  FXGLAssetLoaderServi - Failed to load SOUND
13:11:08.443 [FXGL Background Thread 2 ] INFO  FXGLApplication      - Game initialization took: 0,736 sec
13:11:08.443 [JavaFX Application Thread] DEBUG Input                - Clearing active input actions
13:11:08.448 [JavaFX Application Thread] DEBUG GameApplicationServi - Removing overlay from FXGLLoadingScene and adding to GameScene
13:11:08.448 [JavaFX Application Thread] DEBUG PrimaryStageWindow   - FXGLLoadingScene -> GameScene
13:12:15.376 [JavaFX Application Thread] DEBUG PrimaryStageWindow   - Push state: DialogSubScene
13:12:15.376 [JavaFX Application Thread] DEBUG Input                - Clearing active input actions
13:12:15.377 [JavaFX Application Thread] DEBUG GameApplicationServi - Removing overlay from GameScene and adding to DialogSubScene
13:12:15.377 [JavaFX Application Thread] DEBUG PrimaryStageWindow   - GameScene -> DialogSubScene
13:12:32.947 [JavaFX Application Thread] DEBUG PrimaryStageWindow   - Pop state: DialogSubScene
13:12:32.947 [JavaFX Application Thread] DEBUG Input                - Clearing active input actions
13:12:32.947 [JavaFX Application Thread] DEBUG GameApplicationServi - Removing overlay from DialogSubScene and adding to GameScene
13:12:32.948 [JavaFX Application Thread] DEBUG PrimaryStageWindow   - GameScene <- DialogSubScene
13:12:33.054 [JavaFX Application Thread] DEBUG Input                - Clearing active input actions
13:12:33.057 [JavaFX Application Thread] DEBUG GameApplicationServi - Removing overlay from GameScene and adding to FXGLMainMenuDummyScene
13:12:33.058 [JavaFX Application Thread] DEBUG PrimaryStageWindow   - GameScene -> FXGLMainMenuDummyScene
13:12:33.058 [JavaFX Application Thread] DEBUG PrimaryStageWindow   - Push state: StartMenu
13:12:33.058 [JavaFX Application Thread] DEBUG Input                - Clearing active input actions
13:12:33.058 [JavaFX Application Thread] DEBUG GameApplicationServi - Removing overlay from FXGLMainMenuDummyScene and adding to StartMenu
13:12:33.059 [JavaFX Application Thread] DEBUG PrimaryStageWindow   - FXGLMainMenuDummyScene -> StartMenu
13:12:33.059 [JavaFX Application Thread] DEBUG AudioPlayer          - Stopping music com.almasb.fxgl.audio.Music@5dd642d9
13:13:47.105 [JavaFX Application Thread] DEBUG Menu                 - fireNewGame()
13:13:47.105 [JavaFX Application Thread] DEBUG GameApplicationServi - Starting new game
13:13:47.105 [JavaFX Application Thread] DEBUG PrimaryStageWindow   - Pop state: StartMenu
13:13:47.105 [JavaFX Application Thread] DEBUG Input                - Clearing active input actions
13:13:47.105 [JavaFX Application Thread] DEBUG GameApplicationServi - Removing overlay from StartMenu and adding to FXGLMainMenuDummyScene
13:13:47.105 [JavaFX Application Thread] DEBUG PrimaryStageWindow   - FXGLMainMenuDummyScene <- StartMenu
13:13:47.105 [JavaFX Application Thread] DEBUG Input                - Clearing active input actions
13:13:47.108 [JavaFX Application Thread] DEBUG GameApplicationServi - Removing overlay from FXGLMainMenuDummyScene and adding to FXGLLoadingScene
13:13:47.108 [JavaFX Application Thread] DEBUG PrimaryStageWindow   - FXGLMainMenuDummyScene -> FXGLLoadingScene
13:13:47.108 [JavaFX Application Thread] DEBUG GameApplicationServi - Clearing previous game
13:13:47.108 [JavaFX Application Thread] DEBUG GameScene            - Clearing game scene
13:13:47.108 [JavaFX Application Thread] DEBUG GameWorld            - Clearing game world
13:13:47.109 [JavaFX Application Thread] DEBUG PhysicsWorld         - Clearing physics world
13:13:47.110 [FXGL Background Thread 5 ] DEBUG FXGLApplication      - Initializing game
13:13:47.112 [FXGL Background Thread 5 ] WARN  TMXLevelLoader       - TiledMap generated from 1.8.4. Supported version: 1.4.2. Some features may not be parsed fully.
13:13:47.118 [FXGL Background Thread 5 ] DEBUG TMXLevelLoader       - Parsed TiledMap: file:/C:/Users/dschr/OneDrive%20-%20Hogeschool%20Leiden/School/IPOSE/Ninja-Gaiden/target/classes/assets/levels/act1-1.tmx
13:13:47.118 [FXGL Background Thread 5 ] DEBUG TMXLevelLoader       - Creating tile layer entities
13:13:47.119 [FXGL Background Thread 5 ] DEBUG TilesetLoader        - Loading view for layer layer
13:13:47.119 [FXGL Background Thread 5 ] DEBUG TilesetLoader        - Created buffer with size 3072.0x176.0
13:13:47.126 [FXGL Background Thread 5 ] DEBUG TMXLevelLoader       - Creating object layer entities
13:13:47.140 [FXGL Background Thread 5 ] DEBUG GameWorld            - Clearing removable entities
13:13:47.140 [FXGL Background Thread 5 ] DEBUG GameWorld            - Setting level: com.almasb.fxgl.entity.level.Level@878e443
13:13:47.143 [FXGL Background Thread 5 ] DEBUG AudioPlayer          - Playing music com.almasb.fxgl.audio.Music@5dd642d9
13:13:47.143 [FXGL Background Thread 5 ] WARN  FXGLAssetLoaderServi - Asset "/assets/sounds/test.wav" was not found!
13:13:47.143 [FXGL Background Thread 5 ] WARN  FXGLAssetLoaderServi - Failed to load SOUND
13:13:47.144 [FXGL Background Thread 5 ] INFO  FXGLApplication      - Game initialization took: 0,033 sec
13:13:47.146 [JavaFX Application Thread] DEBUG Input                - Clearing active input actions
13:13:47.148 [JavaFX Application Thread] DEBUG GameApplicationServi - Removing overlay from FXGLLoadingScene and adding to GameScene
13:13:47.149 [JavaFX Application Thread] DEBUG PrimaryStageWindow   - FXGLLoadingScene -> GameScene
13:15:02.438 [JavaFX Application Thread] DEBUG PrimaryStageWindow   - Push state: DialogSubScene
13:15:02.438 [JavaFX Application Thread] DEBUG Input                - Clearing active input actions
13:15:02.439 [JavaFX Application Thread] DEBUG GameApplicationServi - Removing overlay from GameScene and adding to DialogSubScene
13:15:02.439 [JavaFX Application Thread] DEBUG PrimaryStageWindow   - GameScene -> DialogSubScene
13:15:04.174 [JavaFX Application Thread] DEBUG PrimaryStageWindow   - Pop state: DialogSubScene
13:15:04.174 [JavaFX Application Thread] DEBUG Input                - Clearing active input actions
13:15:04.174 [JavaFX Application Thread] DEBUG GameApplicationServi - Removing overlay from DialogSubScene and adding to GameScene
13:15:04.175 [JavaFX Application Thread] DEBUG PrimaryStageWindow   - GameScene <- DialogSubScene
13:15:04.287 [JavaFX Application Thread] DEBUG Input                - Clearing active input actions
13:15:04.289 [JavaFX Application Thread] DEBUG GameApplicationServi - Removing overlay from GameScene and adding to FXGLMainMenuDummyScene
13:15:04.289 [JavaFX Application Thread] DEBUG PrimaryStageWindow   - GameScene -> FXGLMainMenuDummyScene
13:15:04.289 [JavaFX Application Thread] DEBUG PrimaryStageWindow   - Push state: StartMenu
13:15:04.289 [JavaFX Application Thread] DEBUG Input                - Clearing active input actions
13:15:04.289 [JavaFX Application Thread] DEBUG GameApplicationServi - Removing overlay from FXGLMainMenuDummyScene and adding to StartMenu
13:15:04.289 [JavaFX Application Thread] DEBUG PrimaryStageWindow   - FXGLMainMenuDummyScene -> StartMenu
13:15:04.290 [JavaFX Application Thread] DEBUG AudioPlayer          - Stopping music com.almasb.fxgl.audio.Music@5dd642d9
13:15:07.049 [JavaFX Application Thread] DEBUG Menu                 - fireNewGame()
13:15:07.049 [JavaFX Application Thread] DEBUG GameApplicationServi - Starting new game
13:15:07.049 [JavaFX Application Thread] DEBUG PrimaryStageWindow   - Pop state: StartMenu
13:15:07.049 [JavaFX Application Thread] DEBUG Input                - Clearing active input actions
13:15:07.050 [JavaFX Application Thread] DEBUG GameApplicationServi - Removing overlay from StartMenu and adding to FXGLMainMenuDummyScene
13:15:07.050 [JavaFX Application Thread] DEBUG PrimaryStageWindow   - FXGLMainMenuDummyScene <- StartMenu
13:15:07.050 [JavaFX Application Thread] DEBUG Input                - Clearing active input actions
13:15:07.052 [JavaFX Application Thread] DEBUG GameApplicationServi - Removing overlay from FXGLMainMenuDummyScene and adding to FXGLLoadingScene
13:15:07.052 [JavaFX Application Thread] DEBUG PrimaryStageWindow   - FXGLMainMenuDummyScene -> FXGLLoadingScene
13:15:07.052 [JavaFX Application Thread] DEBUG GameApplicationServi - Clearing previous game
13:15:07.052 [JavaFX Application Thread] DEBUG GameScene            - Clearing game scene
13:15:07.052 [JavaFX Application Thread] DEBUG GameWorld            - Clearing game world
13:15:07.054 [JavaFX Application Thread] DEBUG PhysicsWorld         - Clearing physics world
13:15:07.055 [FXGL Background Thread 6 ] DEBUG FXGLApplication      - Initializing game
13:15:07.056 [FXGL Background Thread 6 ] WARN  TMXLevelLoader       - TiledMap generated from 1.8.4. Supported version: 1.4.2. Some features may not be parsed fully.
13:15:07.060 [FXGL Background Thread 6 ] DEBUG TMXLevelLoader       - Parsed TiledMap: file:/C:/Users/dschr/OneDrive%20-%20Hogeschool%20Leiden/School/IPOSE/Ninja-Gaiden/target/classes/assets/levels/act1-1.tmx
13:15:07.060 [FXGL Background Thread 6 ] DEBUG TMXLevelLoader       - Creating tile layer entities
13:15:07.060 [FXGL Background Thread 6 ] DEBUG TilesetLoader        - Loading view for layer layer
13:15:07.063 [FXGL Background Thread 6 ] DEBUG TilesetLoader        - Created buffer with size 3072.0x176.0
13:15:07.069 [FXGL Background Thread 6 ] DEBUG TMXLevelLoader       - Creating object layer entities
13:15:07.081 [FXGL Background Thread 6 ] DEBUG GameWorld            - Clearing removable entities
13:15:07.081 [FXGL Background Thread 6 ] DEBUG GameWorld            - Setting level: com.almasb.fxgl.entity.level.Level@1b0512b4
13:15:07.083 [FXGL Background Thread 6 ] DEBUG AudioPlayer          - Playing music com.almasb.fxgl.audio.Music@5dd642d9
13:15:07.084 [FXGL Background Thread 6 ] WARN  FXGLAssetLoaderServi - Asset "/assets/sounds/test.wav" was not found!
13:15:07.084 [FXGL Background Thread 6 ] WARN  FXGLAssetLoaderServi - Failed to load SOUND
13:15:07.084 [FXGL Background Thread 6 ] INFO  FXGLApplication      - Game initialization took: 0,029 sec
13:15:07.084 [JavaFX Application Thread] DEBUG Input                - Clearing active input actions
13:15:07.087 [JavaFX Application Thread] DEBUG GameApplicationServi - Removing overlay from FXGLLoadingScene and adding to GameScene
13:15:07.087 [JavaFX Application Thread] DEBUG PrimaryStageWindow   - FXGLLoadingScene -> GameScene
13:16:03.395 [JavaFX Application Thread] DEBUG FXGLApplication      - Exiting FXGL
13:16:03.395 [JavaFX Application Thread] DEBUG LoopRunner           - Stopping loop
13:16:03.395 [JavaFX Application Thread] DEBUG SystemBundleService  - Saving FXGL system data
13:16:03.397 [JavaFX Application Thread] DEBUG FileSystemAccess     - Writing to: C:\Users\dschr\OneDrive - Hogeschool Leiden\School\IPOSE\Ninja-Gaiden\system\fxgl.bundle
13:16:03.398 [JavaFX Application Thread] DEBUG Async                - Shutting down background threads
13:16:03.398 [JavaFX Application Thread] DEBUG PrimaryStageWindow   - Closing main window
13:16:03.406 [JavaFX Application Thread] DEBUG Logger               - Closing Logger
