09:48:07.782 [main                     ] DEBUG Logger               - Configured Logger
09:48:07.814 [main                     ] DEBUG GameApplication      - Logging settings
Title: Ninja Gaiden
Version: 0.0
Width: 1600
Height: 900
Fullscreen: false
Intro: false
Profiling: false
Single step:false
App Mode: DEVELOPER
Menu Key: ESCAPE
Stage Style: DECORATED
Scene Factory: class io.huffman.ninjagaiden.UISceneFactory

09:48:08.158 [JavaFX Application Thread] DEBUG FXGLApplication      - Initializing FXGL
09:48:08.163 [JavaFX Application Thread] INFO  Engine               - FXGL-17.1 (24.03.2022 17.34) on WINDOWS (J:17.0.1 FX:18)
09:48:08.163 [JavaFX Application Thread] DEBUG Engine               - JRE Vendor Name: Oracle Corporation
09:48:08.164 [JavaFX Application Thread] DEBUG Engine               - Running on OS: Windows 10 version 10.0
09:48:08.164 [JavaFX Application Thread] DEBUG Engine               - Architecture: amd64
09:48:08.164 [JavaFX Application Thread] INFO  Engine               - Source code and latest versions at: https://github.com/AlmasB/FXGL
09:48:08.164 [JavaFX Application Thread] INFO  Engine               -       Ask questions and discuss at: https://github.com/AlmasB/FXGL/discussions
09:48:08.164 [JavaFX Application Thread] INFO  Engine               -              Join the FXGL chat at: https://gitter.im/AlmasB/FXGL
09:48:08.266 [JavaFX Application Thread] DEBUG PrimaryStageWindow   - Creating a JavaFX scene
09:48:08.306 [JavaFX Application Thread] DEBUG PrimaryStageWindow   - Target settings size: 1600.0 x 900.0
09:48:08.307 [JavaFX Application Thread] DEBUG PrimaryStageWindow   - Scaled scene size:    1600.0 x 900.0
09:48:08.307 [JavaFX Application Thread] DEBUG PrimaryStageWindow   - Scaled ratio: (1.0, 1.0)
09:48:08.308 [JavaFX Application Thread] DEBUG PrimaryStageWindow   - Set initial scene to FXGLStartupScene
09:48:08.315 [JavaFX Application Thread] DEBUG PrimaryStageWindow   - Opening main window
09:48:08.394 [JavaFX Application Thread] DEBUG PrimaryStageWindow   - Window border size: (14.6666259765625, 37.33331298828125)
09:48:08.395 [JavaFX Application Thread] DEBUG PrimaryStageWindow   - Scaled size: 1600.0 x 900.0
09:48:08.395 [JavaFX Application Thread] DEBUG PrimaryStageWindow   - Scaled ratio: (1.0, 1.0)
09:48:08.395 [JavaFX Application Thread] DEBUG PrimaryStageWindow   - Scene size: 1600.0 x 900.0
09:48:08.395 [JavaFX Application Thread] DEBUG PrimaryStageWindow   - Stage size: 1614.6666259765625 x 937.3333129882812
09:48:08.404 [FXGL Background Thread 1 ] DEBUG Engine               - Initializing environment variables
09:48:08.440 [FXGL Background Thread 1 ] DEBUG FXGLAssetLoaderServi - User app class for loading assets: class io.huffman.ninjagaiden.NinjaGaidenApp
09:48:08.440 [FXGL Background Thread 1 ] DEBUG GameApplicationServi - Applying CSS: fxgl_dark.css
09:48:08.441 [FXGL Background Thread 1 ] DEBUG FXGLAssetLoaderServi - Loading from file system: jar:file:/C:/Users/dschr/.m2/repository/com/github/almasb/fxgl/17.1/fxgl-17.1.jar!/fxglassets/ui/css/fxgl_dark.css
09:48:08.475 [FXGL Background Thread 1 ] DEBUG GameApplicationServi - Initializing application scenes
09:48:08.518 [FXGL Background Thread 1 ] DEBUG GameWorld            - Game world initialized
09:48:08.567 [FXGL Background Thread 1 ] DEBUG PhysicsWorld         - Physics world initialized: appHeight=900, physics.ppm=50,0
09:48:08.568 [FXGL Background Thread 1 ] DEBUG PhysicsWorld         - Using strategy: BRUTE_FORCE
09:48:08.572 [FXGL Background Thread 1 ] DEBUG GameScene            - Game scene initialized: 1600x900
09:48:08.640 [FXGL Background Thread 1 ] DEBUG GameApplicationServi - Application scenes initialized
09:48:08.661 [FXGL Background Thread 1 ] DEBUG SystemBundleService  - Loading FXGL system data
09:48:08.664 [FXGL Background Thread 1 ] DEBUG FileSystemAccess     - Reading from: C:\Users\dschr\OneDrive - Hogeschool Leiden\School\IPOSE\Ninja-Gaiden\system\fxgl.bundle
09:48:08.671 [FXGL Background Thread 1 ] DEBUG SystemBundleService  - Bundle FXGL: {}
09:48:08.671 [FXGL Background Thread 1 ] DEBUG UpdaterService       - Checking for updates
09:48:08.681 [FXGL Background Thread 1 ] DEBUG FXGLApplication      - Loading default localization
09:48:08.681 [FXGL Background Thread 4 ] DEBUG FXGLApplication      - Loading fonts
09:48:08.681 [FXGL Background Thread 4 ] DEBUG FXGLAssetLoaderServi - Loading from file system: file:/C:/Users/dschr/OneDrive%20-%20Hogeschool%20Leiden/School/IPOSE/Ninja-Gaiden/target/classes/assets/ui/fonts/ninja-font.ttf
09:48:08.682 [FXGL Background Thread 1 ] DEBUG FXGLAssetLoaderServi - Loading from file system: jar:file:/C:/Users/dschr/.m2/repository/com/github/almasb/fxgl/17.1/fxgl-17.1.jar!/fxglassets/languages/english.lang
09:48:08.708 [FXGL Background Thread 1 ] INFO  FXGLApplication      - FXGL initialization took: 0,304 sec
09:48:08.719 [JavaFX Application Thread] DEBUG Input                - Registered new binding: Left - A
09:48:08.719 [JavaFX Application Thread] DEBUG Input                - Registered new binding: Right - D
09:48:08.719 [JavaFX Application Thread] DEBUG Input                - Registered new binding: Down - S
09:48:08.720 [JavaFX Application Thread] DEBUG Input                - Registered new binding: Jump - Space
09:48:08.720 [JavaFX Application Thread] DEBUG Input                - Registered new binding: Attack - F
09:48:08.720 [JavaFX Application Thread] DEBUG FXGLAssetLoaderServi - Loading from file system: file:/C:/Users/dschr/OneDrive%20-%20Hogeschool%20Leiden/School/IPOSE/Ninja-Gaiden/target/classes/assets/textures/logo.png
09:48:08.753 [FXGL Background Thread 4 ] DEBUG FXGLAssetLoaderServi - Loading from file system: jar:file:/C:/Users/dschr/.m2/repository/com/github/almasb/fxgl/17.1/fxgl-17.1.jar!/fxglassets/ui/fonts/Abel-Regular.ttf
09:48:08.757 [FXGL Background Thread 4 ] DEBUG FXGLAssetLoaderServi - Loading from file system: jar:file:/C:/Users/dschr/.m2/repository/com/github/almasb/fxgl/17.1/fxgl-17.1.jar!/fxglassets/ui/fonts/TerminalLandMono-Regular.otf
09:48:08.762 [FXGL Background Thread 4 ] DEBUG FXGLAssetLoaderServi - Loading from file system: jar:file:/C:/Users/dschr/.m2/repository/com/github/almasb/fxgl/17.1/fxgl-17.1.jar!/fxglassets/ui/fonts/Courier-Prime.ttf
09:48:08.775 [JavaFX Application Thread] DEBUG FXGLAssetLoaderServi - Loading from file system: jar:file:/C:/Users/dschr/.m2/repository/com/github/almasb/fxgl/17.1/fxgl-17.1.jar!/fxglassets/textures/fxgl_default_cursor.png
09:48:08.782 [JavaFX Application Thread] DEBUG Input                - Registered new binding: Screenshot - CTRL+8
09:48:08.783 [JavaFX Application Thread] DEBUG Input                - Registered new binding: System info dump - CTRL+9
09:48:08.784 [JavaFX Application Thread] DEBUG Input                - Registered new binding: Restart - CTRL+R
09:48:08.784 [JavaFX Application Thread] DEBUG Input                - Registered new binding: Toggle Debug Camera - CTRL+7
09:48:08.788 [JavaFX Application Thread] DEBUG LoopRunner           - Starting loop
09:48:08.788 [JavaFX Application Thread] DEBUG LoopRunner           - Initializing ScheduledExecutorLoop with fps: 60
09:48:08.791 [JavaFX Application Thread] DEBUG Input                - Clearing active input actions
09:48:08.797 [JavaFX Application Thread] DEBUG GameApplicationServi - Removing overlay from FXGLStartupScene and adding to FXGLMainMenuDummyScene
09:48:08.797 [JavaFX Application Thread] DEBUG PrimaryStageWindow   - FXGLStartupScene -> FXGLMainMenuDummyScene
09:48:08.798 [JavaFX Application Thread] DEBUG PrimaryStageWindow   - Push state: StartMenu
09:48:08.798 [JavaFX Application Thread] DEBUG Input                - Clearing active input actions
09:48:08.807 [JavaFX Application Thread] DEBUG GameApplicationServi - Removing overlay from FXGLMainMenuDummyScene and adding to StartMenu
09:48:08.809 [JavaFX Application Thread] DEBUG PrimaryStageWindow   - FXGLMainMenuDummyScene -> StartMenu
09:48:08.811 [JavaFX Application Thread] DEBUG FXGLApplication      - Registering font factories with UI factory
09:48:08.872 [FXGL Background Thread 2 ] WARN  UpdaterService       - Failed to find updates: java.net.BindException: Cannot assign requested address: connect
09:48:09.972 [JavaFX Application Thread] DEBUG Menu                 - fireNewGame()
09:48:09.972 [JavaFX Application Thread] DEBUG GameApplicationServi - Starting new game
09:48:09.972 [JavaFX Application Thread] DEBUG PrimaryStageWindow   - Pop state: StartMenu
09:48:09.972 [JavaFX Application Thread] DEBUG Input                - Clearing active input actions
09:48:09.973 [JavaFX Application Thread] DEBUG GameApplicationServi - Removing overlay from StartMenu and adding to FXGLMainMenuDummyScene
09:48:09.973 [JavaFX Application Thread] DEBUG PrimaryStageWindow   - FXGLMainMenuDummyScene <- StartMenu
09:48:09.973 [JavaFX Application Thread] DEBUG Input                - Clearing active input actions
09:48:09.978 [JavaFX Application Thread] DEBUG GameApplicationServi - Removing overlay from FXGLMainMenuDummyScene and adding to FXGLLoadingScene
09:48:09.979 [JavaFX Application Thread] DEBUG PrimaryStageWindow   - FXGLMainMenuDummyScene -> FXGLLoadingScene
09:48:09.979 [JavaFX Application Thread] DEBUG GameApplicationServi - Clearing previous game
09:48:09.979 [JavaFX Application Thread] DEBUG GameScene            - Clearing game scene
09:48:09.979 [JavaFX Application Thread] DEBUG GameWorld            - Clearing game world
09:48:09.979 [JavaFX Application Thread] DEBUG PhysicsWorld         - Clearing physics world
09:48:09.981 [FXGL Background Thread 2 ] DEBUG FXGLApplication      - Initializing game
09:48:10.011 [FXGL Background Thread 2 ] WARN  TMXLevelLoader       - TiledMap generated from 1.8.4. Supported version: 1.4.2. Some features may not be parsed fully.
09:48:10.040 [FXGL Background Thread 2 ] DEBUG TMXLevelLoader       - Parsed TiledMap: file:/C:/Users/dschr/OneDrive%20-%20Hogeschool%20Leiden/School/IPOSE/Ninja-Gaiden/target/classes/assets/levels/act2-1.tmx
09:48:10.043 [FXGL Background Thread 2 ] DEBUG TMXLevelLoader       - Creating tile layer entities
09:48:10.046 [FXGL Background Thread 2 ] DEBUG TilesetLoader        - Loading view for layer layer
09:48:10.051 [FXGL Background Thread 2 ] DEBUG TilesetLoader        - Created buffer with size 2560.0x784.0
09:48:10.089 [FXGL Background Thread 2 ] DEBUG TMXLevelLoader       - Creating object layer entities
09:48:10.147 [FXGL Background Thread 2 ] DEBUG GameWorld            - Clearing removable entities
09:48:10.149 [FXGL Background Thread 2 ] DEBUG GameWorld            - Setting level: com.almasb.fxgl.entity.level.Level@1c90cbc4
09:48:10.174 [FXGL Background Thread 2 ] DEBUG FXGLAssetLoaderServi - Loading from file system: file:/C:/Users/dschr/OneDrive%20-%20Hogeschool%20Leiden/School/IPOSE/Ninja-Gaiden/target/classes/assets/textures/idle.png
09:48:10.177 [FXGL Background Thread 2 ] DEBUG FXGLAssetLoaderServi - Loading from file system: file:/C:/Users/dschr/OneDrive%20-%20Hogeschool%20Leiden/School/IPOSE/Ninja-Gaiden/target/classes/assets/textures/walk.png
09:48:10.180 [FXGL Background Thread 2 ] DEBUG FXGLAssetLoaderServi - Loading from file system: file:/C:/Users/dschr/OneDrive%20-%20Hogeschool%20Leiden/School/IPOSE/Ninja-Gaiden/target/classes/assets/textures/jump.png
09:48:10.182 [FXGL Background Thread 2 ] DEBUG FXGLAssetLoaderServi - Loading from file system: file:/C:/Users/dschr/OneDrive%20-%20Hogeschool%20Leiden/School/IPOSE/Ninja-Gaiden/target/classes/assets/textures/duck.png
09:48:10.201 [FXGL Background Thread 2 ] DEBUG FXGLAssetLoaderServi - Loading from file system: file:/C:/Users/dschr/OneDrive%20-%20Hogeschool%20Leiden/School/IPOSE/Ninja-Gaiden/target/classes/assets/sounds/test.wav
09:48:10.329 [FXGL Background Thread 2 ] INFO  FXGLApplication      - Game initialization took: 0,348 sec
09:48:10.330 [JavaFX Application Thread] DEBUG Input                - Clearing active input actions
09:48:10.338 [JavaFX Application Thread] DEBUG GameApplicationServi - Removing overlay from FXGLLoadingScene and adding to GameScene
09:48:10.338 [JavaFX Application Thread] DEBUG PrimaryStageWindow   - FXGLLoadingScene -> GameScene
09:48:11.678 [FXGL Background Thread 3 ] DEBUG Engine               - Logging environment variables
09:48:11.678 [FXGL Background Thread 3 ] DEBUG Engine               - achievements: []
09:48:11.678 [FXGL Background Thread 3 ] DEBUG Engine               - actualHeight: 900.0
09:48:11.678 [FXGL Background Thread 3 ] DEBUG Engine               - actualHeightProperty: ReadOnlyDoubleProperty [value: 900.0]
09:48:11.679 [FXGL Background Thread 3 ] DEBUG Engine               - actualWidth: 1600.0
09:48:11.679 [FXGL Background Thread 3 ] DEBUG Engine               - actualWidthProperty: ReadOnlyDoubleProperty [value: 1600.0]
09:48:11.679 [FXGL Background Thread 3 ] DEBUG Engine               - appIcon: logo.png
09:48:11.679 [FXGL Background Thread 3 ] DEBUG Engine               - applicationMode: DEVELOPER
09:48:11.679 [FXGL Background Thread 3 ] DEBUG Engine               - cSSList: [fxgl_dark.css]
09:48:11.679 [FXGL Background Thread 3 ] DEBUG Engine               - collisionDetectionStrategy: BRUTE_FORCE
09:48:11.679 [FXGL Background Thread 3 ] DEBUG Engine               - configClass: Optional.empty
09:48:11.679 [FXGL Background Thread 3 ] DEBUG Engine               - credits: []
09:48:11.680 [FXGL Background Thread 3 ] DEBUG Engine               - defaultCursor: CursorInfo(imageName=fxgl_default_cursor.png, hotspotX=7.0, hotspotY=6.0)
09:48:11.680 [FXGL Background Thread 3 ] DEBUG Engine               - devBBoxColorProperty: ObjectProperty [value: 0xff0000ff]
09:48:11.680 [FXGL Background Thread 3 ] DEBUG Engine               - devEnableDebugCameraProperty: BooleanProperty [value: false]
09:48:11.680 [FXGL Background Thread 3 ] DEBUG Engine               - devSensorColorProperty: ObjectProperty [value: 0xffff00ff]
09:48:11.680 [FXGL Background Thread 3 ] DEBUG Engine               - devShowBBoxProperty: BooleanProperty [value: false]
09:48:11.680 [FXGL Background Thread 3 ] DEBUG Engine               - devShowPositionProperty: BooleanProperty [value: false]
09:48:11.680 [FXGL Background Thread 3 ] DEBUG Engine               - enabledMenuItems: []
09:48:11.680 [FXGL Background Thread 3 ] DEBUG Engine               - engineServices: [class com.almasb.fxgl.app.services.FXGLAssetLoaderService, class com.almasb.fxgl.app.FXGLApplication$GameApplicationService, class com.almasb.fxgl.app.services.FXGLDialogService, class com.almasb.fxgl.app.services.IOTaskExecutorService, class com.almasb.fxgl.io.FileSystemService, class com.almasb.fxgl.localization.LocalizationService, class com.almasb.fxgl.app.services.SystemBundleService, class com.almasb.fxgl.profile.SaveLoadService, class com.almasb.fxgl.ui.FXGLUIFactoryServiceProvider, class com.almasb.fxgl.ui.FXGLDialogFactoryServiceProvider, class com.almasb.fxgl.audio.AudioPlayer, class com.almasb.fxgl.notification.impl.NotificationServiceProvider, class com.almasb.fxgl.achievement.AchievementService, class com.almasb.fxgl.cutscene.CutsceneService, class com.almasb.fxgl.minigames.MiniGameService, class com.almasb.fxgl.net.NetService, class com.almasb.fxgl.app.services.UpdaterService, class com.almasb.fxgl.dev.DevService]
09:48:11.681 [FXGL Background Thread 3 ] DEBUG Engine               - fontGame: Abel-Regular.ttf
09:48:11.681 [FXGL Background Thread 3 ] DEBUG Engine               - fontMono: TerminalLandMono-Regular.otf
09:48:11.681 [FXGL Background Thread 3 ] DEBUG Engine               - fontText: Courier-Prime.ttf
09:48:11.681 [FXGL Background Thread 3 ] DEBUG Engine               - fontUI: ninja-font.ttf
09:48:11.681 [FXGL Background Thread 3 ] DEBUG Engine               - fullScreen: BooleanProperty [value: false]
09:48:11.681 [FXGL Background Thread 3 ] DEBUG Engine               - gameDifficulty: MEDIUM
09:48:11.681 [FXGL Background Thread 3 ] DEBUG Engine               - gameDifficultyProperty: ObjectProperty [value: MEDIUM]
09:48:11.681 [FXGL Background Thread 3 ] DEBUG Engine               - globalMusicVolume: 0.5
09:48:11.682 [FXGL Background Thread 3 ] DEBUG Engine               - globalMusicVolumeProperty: DoubleProperty [value: 0.5]
09:48:11.682 [FXGL Background Thread 3 ] DEBUG Engine               - globalSoundVolume: 0.5
09:48:11.682 [FXGL Background Thread 3 ] DEBUG Engine               - globalSoundVolumeProperty: DoubleProperty [value: 0.5]
09:48:11.682 [FXGL Background Thread 3 ] DEBUG Engine               - height: 900
09:48:11.682 [FXGL Background Thread 3 ] DEBUG Engine               - is3D: false
09:48:11.682 [FXGL Background Thread 3 ] DEBUG Engine               - isAndroid: false
09:48:11.682 [FXGL Background Thread 3 ] DEBUG Engine               - isBrowser: false
09:48:11.682 [FXGL Background Thread 3 ] DEBUG Engine               - isClickFeedbackEnabled: false
09:48:11.682 [FXGL Background Thread 3 ] DEBUG Engine               - isCloseConfirmation: false
09:48:11.682 [FXGL Background Thread 3 ] DEBUG Engine               - isDesktop: true
09:48:11.683 [FXGL Background Thread 3 ] DEBUG Engine               - isDeveloperMenuEnabled: false
09:48:11.683 [FXGL Background Thread 3 ] DEBUG Engine               - isEmbedded: false
09:48:11.683 [FXGL Background Thread 3 ] DEBUG Engine               - isEntityPreloadEnabled: true
09:48:11.683 [FXGL Background Thread 3 ] DEBUG Engine               - isExperimentalTiledLargeMap: false
09:48:11.683 [FXGL Background Thread 3 ] DEBUG Engine               - isFileSystemWriteAllowed: true
09:48:11.683 [FXGL Background Thread 3 ] DEBUG Engine               - isFullScreenAllowed: false
09:48:11.683 [FXGL Background Thread 3 ] DEBUG Engine               - isFullScreenFromStart: false
09:48:11.683 [FXGL Background Thread 3 ] DEBUG Engine               - isGameMenuEnabled: true
09:48:11.683 [FXGL Background Thread 3 ] DEBUG Engine               - isIOS: false
09:48:11.683 [FXGL Background Thread 3 ] DEBUG Engine               - isIntroEnabled: false
09:48:11.683 [FXGL Background Thread 3 ] DEBUG Engine               - isLinux: false
09:48:11.683 [FXGL Background Thread 3 ] DEBUG Engine               - isMac: false
09:48:11.683 [FXGL Background Thread 3 ] DEBUG Engine               - isMainMenuEnabled: true
09:48:11.683 [FXGL Background Thread 3 ] DEBUG Engine               - isManualResizeEnabled: false
09:48:11.683 [FXGL Background Thread 3 ] DEBUG Engine               - isMobile: false
09:48:11.683 [FXGL Background Thread 3 ] DEBUG Engine               - isNative: false
09:48:11.683 [FXGL Background Thread 3 ] DEBUG Engine               - isPauseMusicWhenMinimized: true
09:48:11.683 [FXGL Background Thread 3 ] DEBUG Engine               - isPreserveResizeRatio: false
09:48:11.683 [FXGL Background Thread 3 ] DEBUG Engine               - isProfilingEnabled: false
09:48:11.683 [FXGL Background Thread 3 ] DEBUG Engine               - isScaleAffectedOnResize: true
09:48:11.683 [FXGL Background Thread 3 ] DEBUG Engine               - isSingleStep: false
09:48:11.683 [FXGL Background Thread 3 ] DEBUG Engine               - isUserProfileEnabled: false
09:48:11.683 [FXGL Background Thread 3 ] DEBUG Engine               - isWindows: true
09:48:11.685 [FXGL Background Thread 3 ] DEBUG Engine               - language: ObjectProperty [value: ENGLISH]
09:48:11.685 [FXGL Background Thread 3 ] DEBUG Engine               - menuKey: ESCAPE
09:48:11.685 [FXGL Background Thread 3 ] DEBUG Engine               - mouseSensitivity: 0.2
09:48:11.685 [FXGL Background Thread 3 ] DEBUG Engine               - notificationViewClass: class com.almasb.fxgl.notification.view.XboxNotificationView
09:48:11.685 [FXGL Background Thread 3 ] DEBUG Engine               - pixelsPerMeter: 50.0
09:48:11.685 [FXGL Background Thread 3 ] DEBUG Engine               - platform: WINDOWS
09:48:11.685 [FXGL Background Thread 3 ] DEBUG Engine               - prefHeightProperty: ReadOnlyDoubleProperty [value: 900.0]
09:48:11.685 [FXGL Background Thread 3 ] DEBUG Engine               - prefWidthProperty: ReadOnlyDoubleProperty [value: 1600.0]
09:48:11.685 [FXGL Background Thread 3 ] DEBUG Engine               - profileDir: profiles/
09:48:11.685 [FXGL Background Thread 3 ] DEBUG Engine               - profileName: StringProperty [value: DEFAULT]
09:48:11.685 [FXGL Background Thread 3 ] DEBUG Engine               - randomSeed: -1
09:48:11.685 [FXGL Background Thread 3 ] DEBUG Engine               - runtimeInfo: RuntimeInfo(platform=WINDOWS, version=17.1, build=24.03.2022 17.34)
09:48:11.685 [FXGL Background Thread 3 ] DEBUG Engine               - saveFileExt: sav
09:48:11.685 [FXGL Background Thread 3 ] DEBUG Engine               - scaledHeightProp$fxgl: DoubleProperty [bound, value: 900.0]
09:48:11.685 [FXGL Background Thread 3 ] DEBUG Engine               - scaledWidthProp$fxgl: DoubleProperty [bound, value: 1600.0]
09:48:11.686 [FXGL Background Thread 3 ] DEBUG Engine               - sceneFactory: io.huffman.ninjagaiden.UISceneFactory@21e79491
09:48:11.686 [FXGL Background Thread 3 ] DEBUG Engine               - secondsIn24h: 60
09:48:11.686 [FXGL Background Thread 3 ] DEBUG Engine               - soundMenuBack: menu/back.wav
09:48:11.686 [FXGL Background Thread 3 ] DEBUG Engine               - soundMenuPress: menu/press.wav
09:48:11.686 [FXGL Background Thread 3 ] DEBUG Engine               - soundMenuSelect: menu/select.wav
09:48:11.686 [FXGL Background Thread 3 ] DEBUG Engine               - soundNotification: core/notification.wav
09:48:11.686 [FXGL Background Thread 3 ] DEBUG Engine               - stageStyle: DECORATED
09:48:11.686 [FXGL Background Thread 3 ] DEBUG Engine               - supportedLanguages: [ENGLISH, FRENCH, GERMAN, HUNGARIAN, RUSSIAN]
09:48:11.686 [FXGL Background Thread 3 ] DEBUG Engine               - ticksPerSecond: 60
09:48:11.686 [FXGL Background Thread 3 ] DEBUG Engine               - title: Ninja Gaiden
09:48:11.686 [FXGL Background Thread 3 ] DEBUG Engine               - urlGithub: https://github.com/AlmasB/FXGL
09:48:11.686 [FXGL Background Thread 3 ] DEBUG Engine               - urlLeaderboard: http://fxgl-top.herokuapp.com/
09:48:11.686 [FXGL Background Thread 3 ] DEBUG Engine               - urlPOM: https://raw.githubusercontent.com/AlmasB/FXGL/release/README.md
09:48:11.686 [FXGL Background Thread 3 ] DEBUG Engine               - userAppClass: class io.huffman.ninjagaiden.NinjaGaidenApp
09:48:11.686 [FXGL Background Thread 3 ] DEBUG Engine               - version: 0.0
09:48:11.686 [FXGL Background Thread 3 ] DEBUG Engine               - versionCheckDays: 7
09:48:11.686 [FXGL Background Thread 3 ] DEBUG Engine               - width: 1600
09:48:11.686 [FXGL Background Thread 3 ] DEBUG Engine               - Logging services
09:48:11.686 [FXGL Background Thread 3 ] DEBUG Engine               - class com.almasb.fxgl.app.services.FXGLAssetLoaderService
09:48:11.686 [FXGL Background Thread 3 ] DEBUG Engine               - class com.almasb.fxgl.app.FXGLApplication$GameApplicationService
09:48:11.687 [FXGL Background Thread 3 ] DEBUG Engine               - class com.almasb.fxgl.app.services.FXGLDialogService
09:48:11.687 [FXGL Background Thread 3 ] DEBUG Engine               - class com.almasb.fxgl.app.services.IOTaskExecutorService
09:48:11.687 [FXGL Background Thread 3 ] DEBUG Engine               - class com.almasb.fxgl.io.FileSystemService
09:48:11.687 [FXGL Background Thread 3 ] DEBUG Engine               - class com.almasb.fxgl.localization.LocalizationService
09:48:11.687 [FXGL Background Thread 3 ] DEBUG Engine               - class com.almasb.fxgl.app.services.SystemBundleService
09:48:11.687 [FXGL Background Thread 3 ] DEBUG Engine               - class com.almasb.fxgl.profile.SaveLoadService
09:48:11.687 [FXGL Background Thread 3 ] DEBUG Engine               - class com.almasb.fxgl.ui.FXGLUIFactoryServiceProvider
09:48:11.687 [FXGL Background Thread 3 ] DEBUG Engine               - class com.almasb.fxgl.ui.FXGLDialogFactoryServiceProvider
09:48:11.687 [FXGL Background Thread 3 ] DEBUG Engine               - class com.almasb.fxgl.audio.AudioPlayer
09:48:11.687 [FXGL Background Thread 3 ] DEBUG Engine               - class com.almasb.fxgl.notification.impl.NotificationServiceProvider
09:48:11.687 [FXGL Background Thread 3 ] DEBUG Engine               - class com.almasb.fxgl.achievement.AchievementService
09:48:11.687 [FXGL Background Thread 3 ] DEBUG Engine               - class com.almasb.fxgl.cutscene.CutsceneService
09:48:11.687 [FXGL Background Thread 3 ] DEBUG Engine               - class com.almasb.fxgl.minigames.MiniGameService
09:48:11.687 [FXGL Background Thread 3 ] DEBUG Engine               - class com.almasb.fxgl.net.NetService
09:48:11.687 [FXGL Background Thread 3 ] DEBUG Engine               - class com.almasb.fxgl.app.services.UpdaterService
09:48:11.687 [FXGL Background Thread 3 ] DEBUG Engine               - class com.almasb.fxgl.dev.DevService
09:49:05.825 [JavaFX Application Thread] DEBUG FXGLApplication      - Exiting FXGL
09:49:05.825 [JavaFX Application Thread] DEBUG LoopRunner           - Stopping loop
09:49:05.825 [JavaFX Application Thread] DEBUG SystemBundleService  - Saving FXGL system data
09:49:05.827 [JavaFX Application Thread] DEBUG FileSystemAccess     - Writing to: C:\Users\dschr\OneDrive - Hogeschool Leiden\School\IPOSE\Ninja-Gaiden\system\fxgl.bundle
09:49:05.828 [JavaFX Application Thread] DEBUG Async                - Shutting down background threads
09:49:05.828 [JavaFX Application Thread] DEBUG PrimaryStageWindow   - Closing main window
09:49:05.839 [JavaFX Application Thread] DEBUG Logger               - Closing Logger
