09:33:15.740 [main                     ] DEBUG Logger               - Configured Logger
09:33:15.780 [main                     ] DEBUG GameApplication      - Logging settings
Title: Ninja Gaiden
Version: 0.0
Width: 1600
Height: 900
Fullscreen: false
Intro: false
Profiling: false
Single step:false
App Mode: DEVELOPER
Menu Key: ESCAPE
Stage Style: DECORATED
Scene Factory: class io.huffman.ninjagaiden.UISceneFactory

09:33:16.151 [JavaFX Application Thread] DEBUG FXGLApplication      - Initializing FXGL
09:33:16.156 [JavaFX Application Thread] INFO  Engine               - FXGL-17.1 (24.03.2022 17.34) on WINDOWS (J:17.0.1 FX:18)
09:33:16.156 [JavaFX Application Thread] DEBUG Engine               - JRE Vendor Name: Oracle Corporation
09:33:16.157 [JavaFX Application Thread] DEBUG Engine               - Running on OS: Windows 10 version 10.0
09:33:16.157 [JavaFX Application Thread] DEBUG Engine               - Architecture: amd64
09:33:16.157 [JavaFX Application Thread] INFO  Engine               - Source code and latest versions at: https://github.com/AlmasB/FXGL
09:33:16.157 [JavaFX Application Thread] INFO  Engine               -       Ask questions and discuss at: https://github.com/AlmasB/FXGL/discussions
09:33:16.157 [JavaFX Application Thread] INFO  Engine               -              Join the FXGL chat at: https://gitter.im/AlmasB/FXGL
09:33:16.272 [JavaFX Application Thread] DEBUG PrimaryStageWindow   - Creating a JavaFX scene
09:33:16.326 [JavaFX Application Thread] DEBUG PrimaryStageWindow   - Target settings size: 1600.0 x 900.0
09:33:16.327 [JavaFX Application Thread] DEBUG PrimaryStageWindow   - Scaled scene size:    1600.0 x 900.0
09:33:16.327 [JavaFX Application Thread] DEBUG PrimaryStageWindow   - Scaled ratio: (1.0, 1.0)
09:33:16.329 [JavaFX Application Thread] DEBUG PrimaryStageWindow   - Set initial scene to FXGLStartupScene
09:33:16.337 [JavaFX Application Thread] DEBUG PrimaryStageWindow   - Opening main window
09:33:16.431 [JavaFX Application Thread] DEBUG PrimaryStageWindow   - Window border size: (14.6666259765625, 37.33331298828125)
09:33:16.431 [JavaFX Application Thread] DEBUG PrimaryStageWindow   - Scaled size: 1600.0 x 900.0
09:33:16.432 [JavaFX Application Thread] DEBUG PrimaryStageWindow   - Scaled ratio: (1.0, 1.0)
09:33:16.432 [JavaFX Application Thread] DEBUG PrimaryStageWindow   - Scene size: 1600.0 x 900.0
09:33:16.432 [JavaFX Application Thread] DEBUG PrimaryStageWindow   - Stage size: 1614.6666259765625 x 937.3333129882812
09:33:16.443 [FXGL Background Thread 1 ] DEBUG Engine               - Initializing environment variables
09:33:16.485 [FXGL Background Thread 1 ] DEBUG FXGLAssetLoaderServi - User app class for loading assets: class io.huffman.ninjagaiden.NinjaGaidenApp
09:33:16.485 [FXGL Background Thread 1 ] DEBUG GameApplicationServi - Applying CSS: fxgl_dark.css
09:33:16.486 [FXGL Background Thread 1 ] DEBUG FXGLAssetLoaderServi - Loading from file system: jar:file:/C:/Users/dschr/.m2/repository/com/github/almasb/fxgl/17.1/fxgl-17.1.jar!/fxglassets/ui/css/fxgl_dark.css
09:33:16.524 [FXGL Background Thread 1 ] DEBUG GameApplicationServi - Initializing application scenes
09:33:16.582 [FXGL Background Thread 1 ] DEBUG GameWorld            - Game world initialized
09:33:16.647 [FXGL Background Thread 1 ] DEBUG PhysicsWorld         - Physics world initialized: appHeight=900, physics.ppm=50,0
09:33:16.648 [FXGL Background Thread 1 ] DEBUG PhysicsWorld         - Using strategy: BRUTE_FORCE
09:33:16.654 [FXGL Background Thread 1 ] DEBUG GameScene            - Game scene initialized: 1600x900
09:33:16.731 [FXGL Background Thread 1 ] DEBUG GameApplicationServi - Application scenes initialized
09:33:16.776 [FXGL Background Thread 1 ] DEBUG SystemBundleService  - Loading FXGL system data
09:33:16.782 [FXGL Background Thread 1 ] DEBUG FileSystemAccess     - Reading from: C:\Users\dschr\OneDrive - Hogeschool Leiden\School\IPOSE\Ninja-Gaiden\system\fxgl.bundle
09:33:16.792 [FXGL Background Thread 1 ] DEBUG SystemBundleService  - Bundle FXGL: {}
09:33:16.793 [FXGL Background Thread 1 ] DEBUG UpdaterService       - Checking for updates
09:33:16.813 [FXGL Background Thread 1 ] DEBUG FXGLApplication      - Loading default localization
09:33:16.813 [FXGL Background Thread 4 ] DEBUG FXGLApplication      - Loading fonts
09:33:16.813 [FXGL Background Thread 4 ] DEBUG FXGLAssetLoaderServi - Loading from file system: file:/C:/Users/dschr/OneDrive%20-%20Hogeschool%20Leiden/School/IPOSE/Ninja-Gaiden/target/classes/assets/ui/fonts/ninja-font.ttf
09:33:16.815 [FXGL Background Thread 1 ] DEBUG FXGLAssetLoaderServi - Loading from file system: jar:file:/C:/Users/dschr/.m2/repository/com/github/almasb/fxgl/17.1/fxgl-17.1.jar!/fxglassets/languages/english.lang
09:33:16.879 [FXGL Background Thread 1 ] INFO  FXGLApplication      - FXGL initialization took: 0,436 sec
09:33:16.892 [JavaFX Application Thread] DEBUG Input                - Registered new binding: Left - Left
09:33:16.892 [JavaFX Application Thread] DEBUG Input                - Registered new binding: Right - Right
09:33:16.893 [JavaFX Application Thread] DEBUG Input                - Registered new binding: Down - Down
09:33:16.893 [JavaFX Application Thread] DEBUG Input                - Registered new binding: Jump - Space
09:33:16.893 [JavaFX Application Thread] DEBUG FXGLAssetLoaderServi - Loading from file system: file:/C:/Users/dschr/OneDrive%20-%20Hogeschool%20Leiden/School/IPOSE/Ninja-Gaiden/target/classes/assets/textures/logo.png
09:33:16.942 [FXGL Background Thread 4 ] DEBUG FXGLAssetLoaderServi - Loading from file system: jar:file:/C:/Users/dschr/.m2/repository/com/github/almasb/fxgl/17.1/fxgl-17.1.jar!/fxglassets/ui/fonts/Abel-Regular.ttf
09:33:16.947 [FXGL Background Thread 4 ] DEBUG FXGLAssetLoaderServi - Loading from file system: jar:file:/C:/Users/dschr/.m2/repository/com/github/almasb/fxgl/17.1/fxgl-17.1.jar!/fxglassets/ui/fonts/TerminalLandMono-Regular.otf
09:33:16.953 [FXGL Background Thread 4 ] DEBUG FXGLAssetLoaderServi - Loading from file system: jar:file:/C:/Users/dschr/.m2/repository/com/github/almasb/fxgl/17.1/fxgl-17.1.jar!/fxglassets/ui/fonts/Courier-Prime.ttf
09:33:16.975 [JavaFX Application Thread] DEBUG FXGLAssetLoaderServi - Loading from file system: jar:file:/C:/Users/dschr/.m2/repository/com/github/almasb/fxgl/17.1/fxgl-17.1.jar!/fxglassets/textures/fxgl_default_cursor.png
09:33:16.984 [JavaFX Application Thread] DEBUG Input                - Registered new binding: Screenshot - CTRL+8
09:33:16.985 [JavaFX Application Thread] DEBUG Input                - Registered new binding: System info dump - CTRL+9
09:33:16.986 [JavaFX Application Thread] DEBUG Input                - Registered new binding: Restart - CTRL+R
09:33:16.987 [JavaFX Application Thread] DEBUG Input                - Registered new binding: Toggle Debug Camera - CTRL+7
09:33:16.989 [JavaFX Application Thread] DEBUG LoopRunner           - Starting loop
09:33:16.989 [JavaFX Application Thread] DEBUG LoopRunner           - Initializing ScheduledExecutorLoop with fps: 60
09:33:16.994 [JavaFX Application Thread] DEBUG Input                - Clearing active input actions
09:33:17.004 [JavaFX Application Thread] DEBUG GameApplicationServi - Removing overlay from FXGLStartupScene and adding to FXGLMainMenuDummyScene
09:33:17.006 [JavaFX Application Thread] DEBUG PrimaryStageWindow   - FXGLStartupScene -> FXGLMainMenuDummyScene
09:33:17.006 [JavaFX Application Thread] DEBUG PrimaryStageWindow   - Push state: StartMenu
09:33:17.006 [JavaFX Application Thread] DEBUG Input                - Clearing active input actions
09:33:17.021 [JavaFX Application Thread] DEBUG GameApplicationServi - Removing overlay from FXGLMainMenuDummyScene and adding to StartMenu
09:33:17.022 [JavaFX Application Thread] DEBUG PrimaryStageWindow   - FXGLMainMenuDummyScene -> StartMenu
09:33:17.028 [JavaFX Application Thread] DEBUG FXGLApplication      - Registering font factories with UI factory
09:33:17.168 [FXGL Background Thread 2 ] WARN  UpdaterService       - Failed to find updates: java.net.BindException: Cannot assign requested address: connect
09:33:17.703 [JavaFX Application Thread] DEBUG FXGLApplication      - Exiting FXGL
09:33:17.703 [JavaFX Application Thread] DEBUG LoopRunner           - Stopping loop
09:33:17.703 [JavaFX Application Thread] DEBUG SystemBundleService  - Saving FXGL system data
09:33:17.705 [JavaFX Application Thread] DEBUG FileSystemAccess     - Writing to: C:\Users\dschr\OneDrive - Hogeschool Leiden\School\IPOSE\Ninja-Gaiden\system\fxgl.bundle
09:33:17.706 [JavaFX Application Thread] DEBUG Async                - Shutting down background threads
09:33:17.706 [JavaFX Application Thread] DEBUG PrimaryStageWindow   - Closing main window
09:33:17.716 [JavaFX Application Thread] DEBUG Logger               - Closing Logger
